#
# There is insufficient memory for the Java Runtime Environment to continue.
# Native memory allocation (malloc) failed to allocate 59216 bytes for Chunk::new
# Possible reasons:
#   The system is out of physical RAM or swap space
#   The process is running with CompressedOops enabled, and the Java Heap may be blocking the growth of the native heap
# Possible solutions:
#   Reduce memory load on the system
#   Increase physical memory or swap space
#   Check if swap backing store is full
#   Decrease Java heap size (-Xmx/-Xms)
#   Decrease number of Java threads
#   Decrease Java thread stack sizes (-Xss)
#   Set larger code cache with -XX:ReservedCodeCacheSize=
#   JVM is running with Zero Based Compressed Oops mode in which the Java heap is
#     placed in the first 32GB address space. The Java Heap base address is the
#     maximum limit for the native heap growth. Please use -XX:HeapBaseMinAddress
#     to set the Java Heap base and to place the Java Heap above 32GB virtual address.
# This output file may be truncated or incomplete.
#
#  Out of Memory Error (./src/hotspot/share/memory/arena.cpp:197), pid=7380, tid=11328
#
# JRE version: OpenJDK Runtime Environment (11.0.12+7) (build 11.0.12+7-b1504.28-7817840)
# Java VM: OpenJDK 64-Bit Server VM (11.0.12+7-b1504.28-7817840, mixed mode, tiered, compressed oops, g1 gc, windows-amd64)
# No core dump will be written. Minidumps are not enabled by default on client versions of Windows
#

---------------  S U M M A R Y ------------

Command Line: --add-opens=java.base/java.util=ALL-UNNAMED --add-opens=java.base/java.lang=ALL-UNNAMED --add-opens=java.base/java.lang.invoke=ALL-UNNAMED --add-opens=java.base/java.util=ALL-UNNAMED --add-opens=java.prefs/java.util.prefs=ALL-UNNAMED --add-opens=java.prefs/java.util.prefs=ALL-UNNAMED --add-opens=java.base/java.nio.charset=ALL-UNNAMED --add-opens=java.base/java.net=ALL-UNNAMED --add-opens=java.base/java.util.concurrent.atomic=ALL-UNNAMED -Xmx4608m -Dfile.encoding=windows-1252 -Duser.country=US -Duser.language=en -Duser.variant org.gradle.launcher.daemon.bootstrap.GradleDaemon 7.3.3

Host: Intel(R) Core(TM) i5-4590 CPU @ 3.30GHz, 4 cores, 11G,  Windows 10 , 64 bit Build 19041 (10.0.19041.2546)
Time: Sat Apr  1 20:33:54 2023 Caucasus Standard Time elapsed time: 5.560909 seconds (0d 0h 0m 5s)

---------------  T H R E A D  ---------------

Current thread (0x0000019d4ac0d000):  JavaThread "C2 CompilerThread0" daemon [_thread_in_native, id=11328, stack(0x000000367a800000,0x000000367a900000)]


Current CompileTask:
C2:   5560 1802       4       jdk.internal.org.objectweb.asm.ClassWriter::put (152 bytes)

Stack: [0x000000367a800000,0x000000367a900000]
Native frames: (J=compiled Java code, j=interpreted, Vv=VM code, C=native code)
V  [jvm.dll+0x5fbcea]
V  [jvm.dll+0x731905]
V  [jvm.dll+0x732f1d]
V  [jvm.dll+0x7335d3]
V  [jvm.dll+0x247bf8]
V  [jvm.dll+0xc018c]
V  [jvm.dll+0xc06cc]
V  [jvm.dll+0x35b31d]
V  [jvm.dll+0x328803]
V  [jvm.dll+0x327cfa]
V  [jvm.dll+0x200602]
V  [jvm.dll+0x1ff794]
V  [jvm.dll+0x18868c]
V  [jvm.dll+0x20e0d7]
V  [jvm.dll+0x20c901]
V  [jvm.dll+0x6f9b7f]
V  [jvm.dll+0x6f26a5]
V  [jvm.dll+0x5fabf6]
C  [ucrtbase.dll+0x21bb2]
C  [KERNEL32.DLL+0x17614]
C  [ntdll.dll+0x526a1]


---------------  P R O C E S S  ---------------

Threads class SMR info:
_java_thread_list=0x0000019d4ba67720, length=19, elements={
0x0000019d2a82b000, 
[error occurred during error reporting (printing all threads), id 0xc0000005, EXCEPTION_ACCESS_VIOLATION (0xc0000005) at pc=0x00007fffdf33de13]

VM state:not at safepoint (normal execution)

VM Mutex/Monitor currently owned by a thread: None

OutOfMemory and StackOverflow Exception counts:
OutOfMemoryError java_heap_errors=2
LinkageErrors=16

Heap address: 0x00000006e0000000, size: 4608 MB, Compressed Oops mode: Zero based, Oop shift amount: 3
Narrow klass base: 0x0000000800000000, Narrow klass shift: 0
Compressed class space size: 1073741824 Address: 0x0000000800000000

Heap:
 garbage-first heap   total 196608K, used 92650K [0x00000006e0000000, 0x0000000800000000)
  region size 1024K, 85 young (87040K), 2 survivors (2048K)
 Metaspace       used 18196K, capacity 18615K, committed 18688K, reserved 1069056K
  class space    used 2134K, capacity 2262K, committed 2304K, reserved 1048576K
Heap Regions: E=young(eden), S=young(survivor), O=old, HS=humongous(starts), HC=humongous(continues), CS=collection set, F=free, A=archive, TAMS=top-at-mark-start (previous, next)
|   0|0x00000006e0000000, 0x00000006e0100000, 0x00000006e0100000|100%|HS|  |TAMS 0x00000006e0000000, 0x00000006e0000000| Complete 
|   1|0x00000006e0100000, 0x00000006e0100000, 0x00000006e0200000|  0%| F|  |TAMS 0x00000006e0100000, 0x00000006e0100000| Untracked 
|   2|0x00000006e0200000, 0x00000006e0200000, 0x00000006e0300000|  0%| F|  |TAMS 0x00000006e0200000, 0x00000006e0200000| Untracked 
|   3|0x00000006e0300000, 0x00000006e0400000, 0x00000006e0400000|100%|HS|  |TAMS 0x00000006e0300000, 0x00000006e0300000| Complete 
|   4|0x00000006e0400000, 0x00000006e0500000, 0x00000006e0500000|100%|HC|  |TAMS 0x00000006e0400000, 0x00000006e0400000| Complete 
|   5|0x00000006e0500000, 0x00000006e0600000, 0x00000006e0600000|100%|HC|  |TAMS 0x00000006e0500000, 0x00000006e0500000| Complete 
|   6|0x00000006e0600000, 0x00000006e0700000, 0x00000006e0700000|100%| O|  |TAMS 0x00000006e0600000, 0x00000006e0600000| Untracked 
|   7|0x00000006e0700000, 0x00000006e0800000, 0x00000006e0800000|100%| O|  |TAMS 0x00000006e0700000, 0x00000006e0700000| Untracked 
|   8|0x00000006e0800000, 0x00000006e087a800, 0x00000006e0900000| 47%| O|  |TAMS 0x00000006e0800000, 0x00000006e0800000| Untracked 
|   9|0x00000006e0900000, 0x00000006e0900000, 0x00000006e0a00000|  0%| F|  |TAMS 0x00000006e0900000, 0x00000006e0900000| Untracked 
|  10|0x00000006e0a00000, 0x00000006e0a00000, 0x00000006e0b00000|  0%| F|  |TAMS 0x00000006e0a00000, 0x00000006e0a00000| Untracked 
|  11|0x00000006e0b00000, 0x00000006e0b00000, 0x00000006e0c00000|  0%| F|  |TAMS 0x00000006e0b00000, 0x00000006e0b00000| Untracked 
|  12|0x00000006e0c00000, 0x00000006e0c00000, 0x00000006e0d00000|  0%| F|  |TAMS 0x00000006e0c00000, 0x00000006e0c00000| Untracked 
|  13|0x00000006e0d00000, 0x00000006e0d00000, 0x00000006e0e00000|  0%| F|  |TAMS 0x00000006e0d00000, 0x00000006e0d00000| Untracked 
|  14|0x00000006e0e00000, 0x00000006e0e00000, 0x00000006e0f00000|  0%| F|  |TAMS 0x00000006e0e00000, 0x00000006e0e00000| Untracked 
|  15|0x00000006e0f00000, 0x00000006e0f00000, 0x00000006e1000000|  0%| F|  |TAMS 0x00000006e0f00000, 0x00000006e0f00000| Untracked 
|  16|0x00000006e1000000, 0x00000006e1000000, 0x00000006e1100000|  0%| F|  |TAMS 0x00000006e1000000, 0x00000006e1000000| Untracked 
|  17|0x00000006e1100000, 0x00000006e1100000, 0x00000006e1200000|  0%| F|  |TAMS 0x00000006e1100000, 0x00000006e1100000| Untracked 
|  18|0x00000006e1200000, 0x00000006e1200000, 0x00000006e1300000|  0%| F|  |TAMS 0x00000006e1200000, 0x00000006e1200000| Untracked 
|  19|0x00000006e1300000, 0x00000006e1300000, 0x00000006e1400000|  0%| F|  |TAMS 0x00000006e1300000, 0x00000006e1300000| Untracked 
|  20|0x00000006e1400000, 0x00000006e1400000, 0x00000006e1500000|  0%| F|  |TAMS 0x00000006e1400000, 0x00000006e1400000| Untracked 
|  21|0x00000006e1500000, 0x00000006e1500000, 0x00000006e1600000|  0%| F|  |TAMS 0x00000006e1500000, 0x00000006e1500000| Untracked 
|  22|0x00000006e1600000, 0x00000006e1600000, 0x00000006e1700000|  0%| F|  |TAMS 0x00000006e1600000, 0x00000006e1600000| Untracked 
|  23|0x00000006e1700000, 0x00000006e1700000, 0x00000006e1800000|  0%| F|  |TAMS 0x00000006e1700000, 0x00000006e1700000| Untracked 
|  24|0x00000006e1800000, 0x00000006e1800000, 0x00000006e1900000|  0%| F|  |TAMS 0x00000006e1800000, 0x00000006e1800000| Untracked 
|  25|0x00000006e1900000, 0x00000006e1900000, 0x00000006e1a00000|  0%| F|  |TAMS 0x00000006e1900000, 0x00000006e1900000| Untracked 
|  26|0x00000006e1a00000, 0x00000006e1a00000, 0x00000006e1b00000|  0%| F|  |TAMS 0x00000006e1a00000, 0x00000006e1a00000| Untracked 
|  27|0x00000006e1b00000, 0x00000006e1b00000, 0x00000006e1c00000|  0%| F|  |TAMS 0x00000006e1b00000, 0x00000006e1b00000| Untracked 
|  28|0x00000006e1c00000, 0x00000006e1c00000, 0x00000006e1d00000|  0%| F|  |TAMS 0x00000006e1c00000, 0x00000006e1c00000| Untracked 
|  29|0x00000006e1d00000, 0x00000006e1d00000, 0x00000006e1e00000|  0%| F|  |TAMS 0x00000006e1d00000, 0x00000006e1d00000| Untracked 
|  30|0x00000006e1e00000, 0x00000006e1e00000, 0x00000006e1f00000|  0%| F|  |TAMS 0x00000006e1e00000, 0x00000006e1e00000| Untracked 
|  31|0x00000006e1f00000, 0x00000006e1f00000, 0x00000006e2000000|  0%| F|  |TAMS 0x00000006e1f00000, 0x00000006e1f00000| Untracked 
|  32|0x00000006e2000000, 0x00000006e2000000, 0x00000006e2100000|  0%| F|  |TAMS 0x00000006e2000000, 0x00000006e2000000| Untracked 
|  33|0x00000006e2100000, 0x00000006e2100000, 0x00000006e2200000|  0%| F|  |TAMS 0x00000006e2100000, 0x00000006e2100000| Untracked 
|  34|0x00000006e2200000, 0x00000006e2200000, 0x00000006e2300000|  0%| F|  |TAMS 0x00000006e2200000, 0x00000006e2200000| Untracked 
|  35|0x00000006e2300000, 0x00000006e2300000, 0x00000006e2400000|  0%| F|  |TAMS 0x00000006e2300000, 0x00000006e2300000| Untracked 
|  36|0x00000006e2400000, 0x00000006e2400000, 0x00000006e2500000|  0%| F|  |TAMS 0x00000006e2400000, 0x00000006e2400000| Untracked 
|  37|0x00000006e2500000, 0x00000006e2500000, 0x00000006e2600000|  0%| F|  |TAMS 0x00000006e2500000, 0x00000006e2500000| Untracked 
|  38|0x00000006e2600000, 0x00000006e2600000, 0x00000006e2700000|  0%| F|  |TAMS 0x00000006e2600000, 0x00000006e2600000| Untracked 
|  39|0x00000006e2700000, 0x00000006e2700000, 0x00000006e2800000|  0%| F|  |TAMS 0x00000006e2700000, 0x00000006e2700000| Untracked 
|  40|0x00000006e2800000, 0x00000006e2800000, 0x00000006e2900000|  0%| F|  |TAMS 0x00000006e2800000, 0x00000006e2800000| Untracked 
|  41|0x00000006e2900000, 0x00000006e2900000, 0x00000006e2a00000|  0%| F|  |TAMS 0x00000006e2900000, 0x00000006e2900000| Untracked 
|  42|0x00000006e2a00000, 0x00000006e2a00000, 0x00000006e2b00000|  0%| F|  |TAMS 0x00000006e2a00000, 0x00000006e2a00000| Untracked 
|  43|0x00000006e2b00000, 0x00000006e2b00000, 0x00000006e2c00000|  0%| F|  |TAMS 0x00000006e2b00000, 0x00000006e2b00000| Untracked 
|  44|0x00000006e2c00000, 0x00000006e2c00000, 0x00000006e2d00000|  0%| F|  |TAMS 0x00000006e2c00000, 0x00000006e2c00000| Untracked 
|  45|0x00000006e2d00000, 0x00000006e2d00000, 0x00000006e2e00000|  0%| F|  |TAMS 0x00000006e2d00000, 0x00000006e2d00000| Untracked 
|  46|0x00000006e2e00000, 0x00000006e2e00000, 0x00000006e2f00000|  0%| F|  |TAMS 0x00000006e2e00000, 0x00000006e2e00000| Untracked 
|  47|0x00000006e2f00000, 0x00000006e2f00000, 0x00000006e3000000|  0%| F|  |TAMS 0x00000006e2f00000, 0x00000006e2f00000| Untracked 
|  48|0x00000006e3000000, 0x00000006e3000000, 0x00000006e3100000|  0%| F|  |TAMS 0x00000006e3000000, 0x00000006e3000000| Untracked 
|  49|0x00000006e3100000, 0x00000006e3100000, 0x00000006e3200000|  0%| F|  |TAMS 0x00000006e3100000, 0x00000006e3100000| Untracked 
|  50|0x00000006e3200000, 0x00000006e3200000, 0x00000006e3300000|  0%| F|  |TAMS 0x00000006e3200000, 0x00000006e3200000| Untracked 
|  51|0x00000006e3300000, 0x00000006e3300000, 0x00000006e3400000|  0%| F|  |TAMS 0x00000006e3300000, 0x00000006e3300000| Untracked 
|  52|0x00000006e3400000, 0x00000006e3400000, 0x00000006e3500000|  0%| F|  |TAMS 0x00000006e3400000, 0x00000006e3400000| Untracked 
|  53|0x00000006e3500000, 0x00000006e3500000, 0x00000006e3600000|  0%| F|  |TAMS 0x00000006e3500000, 0x00000006e3500000| Untracked 
|  54|0x00000006e3600000, 0x00000006e3600000, 0x00000006e3700000|  0%| F|  |TAMS 0x00000006e3600000, 0x00000006e3600000| Untracked 
|  55|0x00000006e3700000, 0x00000006e3700000, 0x00000006e3800000|  0%| F|  |TAMS 0x00000006e3700000, 0x00000006e3700000| Untracked 
|  56|0x00000006e3800000, 0x00000006e3800000, 0x00000006e3900000|  0%| F|  |TAMS 0x00000006e3800000, 0x00000006e3800000| Untracked 
|  57|0x00000006e3900000, 0x00000006e3900000, 0x00000006e3a00000|  0%| F|  |TAMS 0x00000006e3900000, 0x00000006e3900000| Untracked 
|  58|0x00000006e3a00000, 0x00000006e3a00000, 0x00000006e3b00000|  0%| F|  |TAMS 0x00000006e3a00000, 0x00000006e3a00000| Untracked 
|  59|0x00000006e3b00000, 0x00000006e3b00000, 0x00000006e3c00000|  0%| F|  |TAMS 0x00000006e3b00000, 0x00000006e3b00000| Untracked 
|  60|0x00000006e3c00000, 0x00000006e3c00000, 0x00000006e3d00000|  0%| F|  |TAMS 0x00000006e3c00000, 0x00000006e3c00000| Untracked 
|  61|0x00000006e3d00000, 0x00000006e3d00000, 0x00000006e3e00000|  0%| F|  |TAMS 0x00000006e3d00000, 0x00000006e3d00000| Untracked 
|  62|0x00000006e3e00000, 0x00000006e3e00000, 0x00000006e3f00000|  0%| F|  |TAMS 0x00000006e3e00000, 0x00000006e3e00000| Untracked 
|  63|0x00000006e3f00000, 0x00000006e3f00000, 0x00000006e4000000|  0%| F|  |TAMS 0x00000006e3f00000, 0x00000006e3f00000| Untracked 
|  64|0x00000006e4000000, 0x00000006e4000000, 0x00000006e4100000|  0%| F|  |TAMS 0x00000006e4000000, 0x00000006e4000000| Untracked 
|  65|0x00000006e4100000, 0x00000006e4100000, 0x00000006e4200000|  0%| F|  |TAMS 0x00000006e4100000, 0x00000006e4100000| Untracked 
|  66|0x00000006e4200000, 0x00000006e4200000, 0x00000006e4300000|  0%| F|  |TAMS 0x00000006e4200000, 0x00000006e4200000| Untracked 
|  67|0x00000006e4300000, 0x00000006e4300000, 0x00000006e4400000|  0%| F|  |TAMS 0x00000006e4300000, 0x00000006e4300000| Untracked 
|  68|0x00000006e4400000, 0x00000006e4400000, 0x00000006e4500000|  0%| F|  |TAMS 0x00000006e4400000, 0x00000006e4400000| Untracked 
|  69|0x00000006e4500000, 0x00000006e4500000, 0x00000006e4600000|  0%| F|  |TAMS 0x00000006e4500000, 0x00000006e4500000| Untracked 
|  70|0x00000006e4600000, 0x00000006e4600000, 0x00000006e4700000|  0%| F|  |TAMS 0x00000006e4600000, 0x00000006e4600000| Untracked 
|  71|0x00000006e4700000, 0x00000006e4700000, 0x00000006e4800000|  0%| F|  |TAMS 0x00000006e4700000, 0x00000006e4700000| Untracked 
|  72|0x00000006e4800000, 0x00000006e4800000, 0x00000006e4900000|  0%| F|  |TAMS 0x00000006e4800000, 0x00000006e4800000| Untracked 
|  73|0x00000006e4900000, 0x00000006e4900000, 0x00000006e4a00000|  0%| F|  |TAMS 0x00000006e4900000, 0x00000006e4900000| Untracked 
|  74|0x00000006e4a00000, 0x00000006e4a00000, 0x00000006e4b00000|  0%| F|  |TAMS 0x00000006e4a00000, 0x00000006e4a00000| Untracked 
|  75|0x00000006e4b00000, 0x00000006e4b00000, 0x00000006e4c00000|  0%| F|  |TAMS 0x00000006e4b00000, 0x00000006e4b00000| Untracked 
|  76|0x00000006e4c00000, 0x00000006e4c00000, 0x00000006e4d00000|  0%| F|  |TAMS 0x00000006e4c00000, 0x00000006e4c00000| Untracked 
|  77|0x00000006e4d00000, 0x00000006e4d00000, 0x00000006e4e00000|  0%| F|  |TAMS 0x00000006e4d00000, 0x00000006e4d00000| Untracked 
|  78|0x00000006e4e00000, 0x00000006e4e00000, 0x00000006e4f00000|  0%| F|  |TAMS 0x00000006e4e00000, 0x00000006e4e00000| Untracked 
|  79|0x00000006e4f00000, 0x00000006e4f00000, 0x00000006e5000000|  0%| F|  |TAMS 0x00000006e4f00000, 0x00000006e4f00000| Untracked 
|  80|0x00000006e5000000, 0x00000006e5000000, 0x00000006e5100000|  0%| F|  |TAMS 0x00000006e5000000, 0x00000006e5000000| Untracked 
|  81|0x00000006e5100000, 0x00000006e5100000, 0x00000006e5200000|  0%| F|  |TAMS 0x00000006e5100000, 0x00000006e5100000| Untracked 
|  82|0x00000006e5200000, 0x00000006e5200000, 0x00000006e5300000|  0%| F|  |TAMS 0x00000006e5200000, 0x00000006e5200000| Untracked 
|  83|0x00000006e5300000, 0x00000006e5300000, 0x00000006e5400000|  0%| F|  |TAMS 0x00000006e5300000, 0x00000006e5300000| Untracked 
|  84|0x00000006e5400000, 0x00000006e5400000, 0x00000006e5500000|  0%| F|  |TAMS 0x00000006e5400000, 0x00000006e5400000| Untracked 
|  85|0x00000006e5500000, 0x00000006e5500000, 0x00000006e5600000|  0%| F|  |TAMS 0x00000006e5500000, 0x00000006e5500000| Untracked 
|  86|0x00000006e5600000, 0x00000006e5600000, 0x00000006e5700000|  0%| F|  |TAMS 0x00000006e5600000, 0x00000006e5600000| Untracked 
|  87|0x00000006e5700000, 0x00000006e5700000, 0x00000006e5800000|  0%| F|  |TAMS 0x00000006e5700000, 0x00000006e5700000| Untracked 
|  88|0x00000006e5800000, 0x00000006e5800000, 0x00000006e5900000|  0%| F|  |TAMS 0x00000006e5800000, 0x00000006e5800000| Untracked 
|  89|0x00000006e5900000, 0x00000006e5900000, 0x00000006e5a00000|  0%| F|  |TAMS 0x00000006e5900000, 0x00000006e5900000| Untracked 
|  90|0x00000006e5a00000, 0x00000006e5a00000, 0x00000006e5b00000|  0%| F|  |TAMS 0x00000006e5a00000, 0x00000006e5a00000| Untracked 
|  91|0x00000006e5b00000, 0x00000006e5b00000, 0x00000006e5c00000|  0%| F|  |TAMS 0x00000006e5b00000, 0x00000006e5b00000| Untracked 
|  92|0x00000006e5c00000, 0x00000006e5c00000, 0x00000006e5d00000|  0%| F|  |TAMS 0x00000006e5c00000, 0x00000006e5c00000| Untracked 
|  93|0x00000006e5d00000, 0x00000006e5d00000, 0x00000006e5e00000|  0%| F|  |TAMS 0x00000006e5d00000, 0x00000006e5d00000| Untracked 
|  94|0x00000006e5e00000, 0x00000006e5e00000, 0x00000006e5f00000|  0%| F|  |TAMS 0x00000006e5e00000, 0x00000006e5e00000| Untracked 
|  95|0x00000006e5f00000, 0x00000006e5f00000, 0x00000006e6000000|  0%| F|  |TAMS 0x00000006e5f00000, 0x00000006e5f00000| Untracked 
|  96|0x00000006e6000000, 0x00000006e6000000, 0x00000006e6100000|  0%| F|  |TAMS 0x00000006e6000000, 0x00000006e6000000| Untracked 
|  97|0x00000006e6100000, 0x00000006e6100000, 0x00000006e6200000|  0%| F|  |TAMS 0x00000006e6100000, 0x00000006e6100000| Untracked 
|  98|0x00000006e6200000, 0x00000006e6200000, 0x00000006e6300000|  0%| F|  |TAMS 0x00000006e6200000, 0x00000006e6200000| Untracked 
|  99|0x00000006e6300000, 0x00000006e6300000, 0x00000006e6400000|  0%| F|  |TAMS 0x00000006e6300000, 0x00000006e6300000| Untracked 
| 100|0x00000006e6400000, 0x00000006e6400000, 0x00000006e6500000|  0%| F|  |TAMS 0x00000006e6400000, 0x00000006e6400000| Untracked 
| 101|0x00000006e6500000, 0x00000006e6500000, 0x00000006e6600000|  0%| F|  |TAMS 0x00000006e6500000, 0x00000006e6500000| Untracked 
| 102|0x00000006e6600000, 0x00000006e6600000, 0x00000006e6700000|  0%| F|  |TAMS 0x00000006e6600000, 0x00000006e6600000| Untracked 
| 103|0x00000006e6700000, 0x00000006e6700000, 0x00000006e6800000|  0%| F|  |TAMS 0x00000006e6700000, 0x00000006e6700000| Untracked 
| 104|0x00000006e6800000, 0x00000006e6800000, 0x00000006e6900000|  0%| F|  |TAMS 0x00000006e6800000, 0x00000006e6800000| Untracked 
| 105|0x00000006e6900000, 0x00000006e6900000, 0x00000006e6a00000|  0%| F|  |TAMS 0x00000006e6900000, 0x00000006e6900000| Untracked 
| 106|0x00000006e6a00000, 0x00000006e6a00000, 0x00000006e6b00000|  0%| F|  |TAMS 0x00000006e6a00000, 0x00000006e6a00000| Untracked 
| 107|0x00000006e6b00000, 0x00000006e6b80800, 0x00000006e6c00000| 50%| E|  |TAMS 0x00000006e6b00000, 0x00000006e6b00000| Complete 
| 108|0x00000006e6c00000, 0x00000006e6d00000, 0x00000006e6d00000|100%| E|CS|TAMS 0x00000006e6c00000, 0x00000006e6c00000| Complete 
| 109|0x00000006e6d00000, 0x00000006e6e00000, 0x00000006e6e00000|100%| E|CS|TAMS 0x00000006e6d00000, 0x00000006e6d00000| Complete 
| 110|0x00000006e6e00000, 0x00000006e6f00000, 0x00000006e6f00000|100%| E|CS|TAMS 0x00000006e6e00000, 0x00000006e6e00000| Complete 
| 111|0x00000006e6f00000, 0x00000006e7000000, 0x00000006e7000000|100%| E|CS|TAMS 0x00000006e6f00000, 0x00000006e6f00000| Complete 
| 112|0x00000006e7000000, 0x00000006e7100000, 0x00000006e7100000|100%| E|CS|TAMS 0x00000006e7000000, 0x00000006e7000000| Complete 
| 113|0x00000006e7100000, 0x00000006e7200000, 0x00000006e7200000|100%| E|CS|TAMS 0x00000006e7100000, 0x00000006e7100000| Complete 
| 114|0x00000006e7200000, 0x00000006e7300000, 0x00000006e7300000|100%| E|CS|TAMS 0x00000006e7200000, 0x00000006e7200000| Complete 
| 115|0x00000006e7300000, 0x00000006e7400000, 0x00000006e7400000|100%| E|CS|TAMS 0x00000006e7300000, 0x00000006e7300000| Complete 
| 116|0x00000006e7400000, 0x00000006e7500000, 0x00000006e7500000|100%| E|CS|TAMS 0x00000006e7400000, 0x00000006e7400000| Complete 
| 117|0x00000006e7500000, 0x00000006e7600000, 0x00000006e7600000|100%| E|CS|TAMS 0x00000006e7500000, 0x00000006e7500000| Complete 
| 118|0x00000006e7600000, 0x00000006e7700000, 0x00000006e7700000|100%| E|CS|TAMS 0x00000006e7600000, 0x00000006e7600000| Complete 
| 119|0x00000006e7700000, 0x00000006e7800000, 0x00000006e7800000|100%| E|CS|TAMS 0x00000006e7700000, 0x00000006e7700000| Complete 
| 120|0x00000006e7800000, 0x00000006e7900000, 0x00000006e7900000|100%| E|CS|TAMS 0x00000006e7800000, 0x00000006e7800000| Complete 
| 121|0x00000006e7900000, 0x00000006e7a00000, 0x00000006e7a00000|100%| E|CS|TAMS 0x00000006e7900000, 0x00000006e7900000| Complete 
| 122|0x00000006e7a00000, 0x00000006e7b00000, 0x00000006e7b00000|100%| E|CS|TAMS 0x00000006e7a00000, 0x00000006e7a00000| Complete 
| 123|0x00000006e7b00000, 0x00000006e7c00000, 0x00000006e7c00000|100%| E|CS|TAMS 0x00000006e7b00000, 0x00000006e7b00000| Complete 
| 124|0x00000006e7c00000, 0x00000006e7d00000, 0x00000006e7d00000|100%| E|CS|TAMS 0x00000006e7c00000, 0x00000006e7c00000| Complete 
| 125|0x00000006e7d00000, 0x00000006e7e00000, 0x00000006e7e00000|100%| E|CS|TAMS 0x00000006e7d00000, 0x00000006e7d00000| Complete 
| 126|0x00000006e7e00000, 0x00000006e7f00000, 0x00000006e7f00000|100%| E|CS|TAMS 0x00000006e7e00000, 0x00000006e7e00000| Complete 
| 127|0x00000006e7f00000, 0x00000006e8000000, 0x00000006e8000000|100%| E|CS|TAMS 0x00000006e7f00000, 0x00000006e7f00000| Complete 
| 128|0x00000006e8000000, 0x00000006e8100000, 0x00000006e8100000|100%| E|CS|TAMS 0x00000006e8000000, 0x00000006e8000000| Complete 
| 129|0x00000006e8100000, 0x00000006e8200000, 0x00000006e8200000|100%| E|CS|TAMS 0x00000006e8100000, 0x00000006e8100000| Complete 
| 130|0x00000006e8200000, 0x00000006e8300000, 0x00000006e8300000|100%| E|CS|TAMS 0x00000006e8200000, 0x00000006e8200000| Complete 
| 131|0x00000006e8300000, 0x00000006e8400000, 0x00000006e8400000|100%| E|CS|TAMS 0x00000006e8300000, 0x00000006e8300000| Complete 
| 132|0x00000006e8400000, 0x00000006e8500000, 0x00000006e8500000|100%| E|CS|TAMS 0x00000006e8400000, 0x00000006e8400000| Complete 
| 133|0x00000006e8500000, 0x00000006e8600000, 0x00000006e8600000|100%| E|CS|TAMS 0x00000006e8500000, 0x00000006e8500000| Complete 
| 134|0x00000006e8600000, 0x00000006e8700000, 0x00000006e8700000|100%| E|CS|TAMS 0x00000006e8600000, 0x00000006e8600000| Complete 
| 135|0x00000006e8700000, 0x00000006e8800000, 0x00000006e8800000|100%| E|CS|TAMS 0x00000006e8700000, 0x00000006e8700000| Complete 
| 136|0x00000006e8800000, 0x00000006e8900000, 0x00000006e8900000|100%| E|CS|TAMS 0x00000006e8800000, 0x00000006e8800000| Complete 
| 137|0x00000006e8900000, 0x00000006e8a00000, 0x00000006e8a00000|100%| E|CS|TAMS 0x00000006e8900000, 0x00000006e8900000| Complete 
| 138|0x00000006e8a00000, 0x00000006e8b00000, 0x00000006e8b00000|100%| E|CS|TAMS 0x00000006e8a00000, 0x00000006e8a00000| Complete 
| 139|0x00000006e8b00000, 0x00000006e8c00000, 0x00000006e8c00000|100%| E|CS|TAMS 0x00000006e8b00000, 0x00000006e8b00000| Complete 
| 140|0x00000006e8c00000, 0x00000006e8d00000, 0x00000006e8d00000|100%| E|CS|TAMS 0x00000006e8c00000, 0x00000006e8c00000| Complete 
| 141|0x00000006e8d00000, 0x00000006e8e00000, 0x00000006e8e00000|100%| E|CS|TAMS 0x00000006e8d00000, 0x00000006e8d00000| Complete 
| 142|0x00000006e8e00000, 0x00000006e8f00000, 0x00000006e8f00000|100%| E|CS|TAMS 0x00000006e8e00000, 0x00000006e8e00000| Complete 
| 143|0x00000006e8f00000, 0x00000006e9000000, 0x00000006e9000000|100%| E|CS|TAMS 0x00000006e8f00000, 0x00000006e8f00000| Complete 
| 144|0x00000006e9000000, 0x00000006e9100000, 0x00000006e9100000|100%| E|CS|TAMS 0x00000006e9000000, 0x00000006e9000000| Complete 
| 145|0x00000006e9100000, 0x00000006e9200000, 0x00000006e9200000|100%| E|CS|TAMS 0x00000006e9100000, 0x00000006e9100000| Complete 
| 146|0x00000006e9200000, 0x00000006e9300000, 0x00000006e9300000|100%| E|CS|TAMS 0x00000006e9200000, 0x00000006e9200000| Complete 
| 147|0x00000006e9300000, 0x00000006e9400000, 0x00000006e9400000|100%| E|CS|TAMS 0x00000006e9300000, 0x00000006e9300000| Complete 
| 148|0x00000006e9400000, 0x00000006e9500000, 0x00000006e9500000|100%| E|CS|TAMS 0x00000006e9400000, 0x00000006e9400000| Complete 
| 149|0x00000006e9500000, 0x00000006e9600000, 0x00000006e9600000|100%| E|CS|TAMS 0x00000006e9500000, 0x00000006e9500000| Complete 
| 150|0x00000006e9600000, 0x00000006e9700000, 0x00000006e9700000|100%| E|CS|TAMS 0x00000006e9600000, 0x00000006e9600000| Complete 
| 151|0x00000006e9700000, 0x00000006e9800000, 0x00000006e9800000|100%| E|CS|TAMS 0x00000006e9700000, 0x00000006e9700000| Complete 
| 152|0x00000006e9800000, 0x00000006e9900000, 0x00000006e9900000|100%| E|CS|TAMS 0x00000006e9800000, 0x00000006e9800000| Complete 
| 153|0x00000006e9900000, 0x00000006e9a00000, 0x00000006e9a00000|100%| E|CS|TAMS 0x00000006e9900000, 0x00000006e9900000| Complete 
| 154|0x00000006e9a00000, 0x00000006e9b00000, 0x00000006e9b00000|100%| E|CS|TAMS 0x00000006e9a00000, 0x00000006e9a00000| Complete 
| 155|0x00000006e9b00000, 0x00000006e9c00000, 0x00000006e9c00000|100%| E|CS|TAMS 0x00000006e9b00000, 0x00000006e9b00000| Complete 
| 156|0x00000006e9c00000, 0x00000006e9d00000, 0x00000006e9d00000|100%| E|CS|TAMS 0x00000006e9c00000, 0x00000006e9c00000| Complete 
| 157|0x00000006e9d00000, 0x00000006e9e00000, 0x00000006e9e00000|100%| E|CS|TAMS 0x00000006e9d00000, 0x00000006e9d00000| Complete 
| 158|0x00000006e9e00000, 0x00000006e9f00000, 0x00000006e9f00000|100%| E|CS|TAMS 0x00000006e9e00000, 0x00000006e9e00000| Complete 
| 159|0x00000006e9f00000, 0x00000006ea000000, 0x00000006ea000000|100%| E|CS|TAMS 0x00000006e9f00000, 0x00000006e9f00000| Complete 
| 160|0x00000006ea000000, 0x00000006ea100000, 0x00000006ea100000|100%| E|CS|TAMS 0x00000006ea000000, 0x00000006ea000000| Complete 
| 161|0x00000006ea100000, 0x00000006ea200000, 0x00000006ea200000|100%| E|CS|TAMS 0x00000006ea100000, 0x00000006ea100000| Complete 
| 162|0x00000006ea200000, 0x00000006ea300000, 0x00000006ea300000|100%| E|CS|TAMS 0x00000006ea200000, 0x00000006ea200000| Complete 
| 163|0x00000006ea300000, 0x00000006ea400000, 0x00000006ea400000|100%| E|CS|TAMS 0x00000006ea300000, 0x00000006ea300000| Complete 
| 164|0x00000006ea400000, 0x00000006ea500000, 0x00000006ea500000|100%| E|CS|TAMS 0x00000006ea400000, 0x00000006ea400000| Complete 
| 165|0x00000006ea500000, 0x00000006ea600000, 0x00000006ea600000|100%| E|CS|TAMS 0x00000006ea500000, 0x00000006ea500000| Complete 
| 166|0x00000006ea600000, 0x00000006ea700000, 0x00000006ea700000|100%| E|CS|TAMS 0x00000006ea600000, 0x00000006ea600000| Complete 
| 167|0x00000006ea700000, 0x00000006ea800000, 0x00000006ea800000|100%| E|CS|TAMS 0x00000006ea700000, 0x00000006ea700000| Complete 
| 168|0x00000006ea800000, 0x00000006ea900000, 0x00000006ea900000|100%| E|CS|TAMS 0x00000006ea800000, 0x00000006ea800000| Complete 
| 169|0x00000006ea900000, 0x00000006eaa00000, 0x00000006eaa00000|100%| E|CS|TAMS 0x00000006ea900000, 0x00000006ea900000| Complete 
| 170|0x00000006eaa00000, 0x00000006eab00000, 0x00000006eab00000|100%| E|CS|TAMS 0x00000006eaa00000, 0x00000006eaa00000| Complete 
| 171|0x00000006eab00000, 0x00000006eac00000, 0x00000006eac00000|100%| E|CS|TAMS 0x00000006eab00000, 0x00000006eab00000| Complete 
| 172|0x00000006eac00000, 0x00000006ead00000, 0x00000006ead00000|100%| E|CS|TAMS 0x00000006eac00000, 0x00000006eac00000| Complete 
| 173|0x00000006ead00000, 0x00000006eae00000, 0x00000006eae00000|100%| E|CS|TAMS 0x00000006ead00000, 0x00000006ead00000| Complete 
| 174|0x00000006eae00000, 0x00000006eaf00000, 0x00000006eaf00000|100%| E|CS|TAMS 0x00000006eae00000, 0x00000006eae00000| Complete 
| 175|0x00000006eaf00000, 0x00000006eb000000, 0x00000006eb000000|100%| E|CS|TAMS 0x00000006eaf00000, 0x00000006eaf00000| Complete 
| 176|0x00000006eb000000, 0x00000006eb100000, 0x00000006eb100000|100%| S|CS|TAMS 0x00000006eb000000, 0x00000006eb000000| Complete 
| 177|0x00000006eb100000, 0x00000006eb200000, 0x00000006eb200000|100%| S|CS|TAMS 0x00000006eb100000, 0x00000006eb100000| Complete 
| 178|0x00000006eb200000, 0x00000006eb300000, 0x00000006eb300000|100%| E|CS|TAMS 0x00000006eb200000, 0x00000006eb200000| Complete 
| 179|0x00000006eb300000, 0x00000006eb400000, 0x00000006eb400000|100%| E|CS|TAMS 0x00000006eb300000, 0x00000006eb300000| Complete 
| 180|0x00000006eb400000, 0x00000006eb500000, 0x00000006eb500000|100%| E|CS|TAMS 0x00000006eb400000, 0x00000006eb400000| Complete 
| 181|0x00000006eb500000, 0x00000006eb600000, 0x00000006eb600000|100%| E|CS|TAMS 0x00000006eb500000, 0x00000006eb500000| Complete 
| 182|0x00000006eb600000, 0x00000006eb700000, 0x00000006eb700000|100%| E|CS|TAMS 0x00000006eb600000, 0x00000006eb600000| Complete 
| 183|0x00000006eb700000, 0x00000006eb800000, 0x00000006eb800000|100%| E|CS|TAMS 0x00000006eb700000, 0x00000006eb700000| Complete 
| 184|0x00000006eb800000, 0x00000006eb900000, 0x00000006eb900000|100%| E|CS|TAMS 0x00000006eb800000, 0x00000006eb800000| Complete 
| 185|0x00000006eb900000, 0x00000006eba00000, 0x00000006eba00000|100%| E|CS|TAMS 0x00000006eb900000, 0x00000006eb900000| Complete 
| 186|0x00000006eba00000, 0x00000006ebb00000, 0x00000006ebb00000|100%| E|CS|TAMS 0x00000006eba00000, 0x00000006eba00000| Complete 
| 187|0x00000006ebb00000, 0x00000006ebc00000, 0x00000006ebc00000|100%| E|CS|TAMS 0x00000006ebb00000, 0x00000006ebb00000| Complete 
| 188|0x00000006ebc00000, 0x00000006ebd00000, 0x00000006ebd00000|100%| E|CS|TAMS 0x00000006ebc00000, 0x00000006ebc00000| Complete 
| 189|0x00000006ebd00000, 0x00000006ebe00000, 0x00000006ebe00000|100%| E|CS|TAMS 0x00000006ebd00000, 0x00000006ebd00000| Complete 
| 190|0x00000006ebe00000, 0x00000006ebf00000, 0x00000006ebf00000|100%| E|CS|TAMS 0x00000006ebe00000, 0x00000006ebe00000| Complete 
| 191|0x00000006ebf00000, 0x00000006ec000000, 0x00000006ec000000|100%| E|CS|TAMS 0x00000006ebf00000, 0x00000006ebf00000| Complete 

Card table byte_map: [0x0000019d3dc40000,0x0000019d3e540000] _byte_map_base: 0x0000019d3a540000

Marking Bits (Prev, Next): (CMBitMap*) 0x0000019d2a899998, (CMBitMap*) 0x0000019d2a8999d0
 Prev Bits: [0x0000019d3ee40000, 0x0000019d43640000)
 Next Bits: [0x0000019d43640000, 0x0000019d47e40000)

Polling page: 0x0000019d28740000

Metaspace:

Usage:
  Non-class:     15.97 MB capacity,    15.69 MB ( 98%) used,   257.40 KB (  2%) free+waste,    32.06 KB ( <1%) overhead. 
      Class:      2.21 MB capacity,     2.08 MB ( 94%) used,   111.90 KB (  5%) free+waste,    15.63 KB ( <1%) overhead. 
       Both:     18.18 MB capacity,    17.77 MB ( 98%) used,   369.30 KB (  2%) free+waste,    47.69 KB ( <1%) overhead. 

Virtual space:
  Non-class space:       20.00 MB reserved,      16.00 MB ( 80%) committed 
      Class space:        1.00 GB reserved,       2.25 MB ( <1%) committed 
             Both:        1.02 GB reserved,      18.25 MB (  2%) committed 

Chunk freelists:
   Non-Class:  31.00 KB
       Class:  10.00 KB
        Both:  41.00 KB

MaxMetaspaceSize: 17179869184.00 GB
CompressedClassSpaceSize: 1.00 GB
Initial GC threshold: 20.80 MB
Current GC threshold: 20.80 MB
CDS: off

CodeHeap 'non-profiled nmethods': size=120064Kb used=883Kb max_used=883Kb free=119180Kb
 bounds [0x0000019d35e00000, 0x0000019d36070000, 0x0000019d3d340000]
CodeHeap 'profiled nmethods': size=120000Kb used=3986Kb max_used=3986Kb free=116013Kb
 bounds [0x0000019d2e8d0000, 0x0000019d2ecc0000, 0x0000019d35e00000]
CodeHeap 'non-nmethods': size=5696Kb used=1203Kb max_used=1214Kb free=4492Kb
 bounds [0x0000019d2e340000, 0x0000019d2e5b0000, 0x0000019d2e8d0000]
 total_blobs=2311 nmethods=1846 adapters=377
 compilation: enabled
              stopped_count=0, restarted_count=0
 full_count=0

Compilation events (20 events):
Event: 5.276 Thread 0x0000019d4ac0e800 nmethod 1795 0x0000019d2ec96e10 code [0x0000019d2ec972a0, 0x0000019d2ec99ba8]
Event: 5.451 Thread 0x0000019d4ac0e800 1797       3       java.lang.invoke.VarHandleGuards::guard_LII_Z (70 bytes)
Event: 5.452 Thread 0x0000019d4ac0e800 nmethod 1797 0x0000019d2ec9ab90 code [0x0000019d2ec9ae40, 0x0000019d2ec9bf08]
Event: 5.452 Thread 0x0000019d4ac0e800 1798       3       java.lang.invoke.VarHandleInts$FieldInstanceReadWrite::compareAndSet (24 bytes)
Event: 5.452 Thread 0x0000019d4ac0e800 nmethod 1798 0x0000019d2ec9c490 code [0x0000019d2ec9c6a0, 0x0000019d2ec9cb68]
Event: 5.526 Thread 0x0000019d4ac0d000 1800   !   4       java.nio.DirectLongBufferU::put (34 bytes)
Event: 5.526 Thread 0x0000019d4ac0d000 nmethod 1800 0x0000019d35edb290 code [0x0000019d35edb420, 0x0000019d35edb4b8]
Event: 5.532 Thread 0x0000019d4ac0e800 1801       3       org.gradle.internal.service.DefaultServiceRegistry$FactoryService::<init> (7 bytes)
Event: 5.532 Thread 0x0000019d4ac0e800 nmethod 1801 0x0000019d2ec9cd90 code [0x0000019d2ec9cfc0, 0x0000019d2ec9d868]
Event: 5.533 Thread 0x0000019d4ac0d000 1802       4       jdk.internal.org.objectweb.asm.ClassWriter::put (152 bytes)
Event: 5.533 Thread 0x0000019d4ac0e800 1803       3       java.lang.invoke.LambdaFormEditor$Transform::<init> (17 bytes)
Event: 5.534 Thread 0x0000019d4ac0e800 nmethod 1803 0x0000019d2ec9db10 code [0x0000019d2ec9dce0, 0x0000019d2ec9e0d8]
Event: 5.541 Thread 0x0000019d4ac0e800 1805       3       java.lang.invoke.MethodHandles$Lookup::<init> (15 bytes)
Event: 5.541 Thread 0x0000019d4ac0e800 nmethod 1805 0x0000019d2ec9e210 code [0x0000019d2ec9e3c0, 0x0000019d2ec9e578]
Event: 5.541 Thread 0x0000019d4ac0e800 1806       3       java.util.regex.ASCII::isType (15 bytes)
Event: 5.542 Thread 0x0000019d4ac0e800 nmethod 1806 0x0000019d2ec9e610 code [0x0000019d2ec9e7e0, 0x0000019d2ec9e9f8]
Event: 5.542 Thread 0x0000019d4ac0e800 1808       3       java.util.regex.Pattern$Branch::match (66 bytes)
Event: 5.542 Thread 0x0000019d4ac0e800 nmethod 1808 0x0000019d2ec9eb10 code [0x0000019d2ec9ed00, 0x0000019d2ec9f1b8]
Event: 5.542 Thread 0x0000019d4ac0e800 1807       3       java.util.regex.ASCII::getType (17 bytes)
Event: 5.542 Thread 0x0000019d4ac0e800 nmethod 1807 0x0000019d2ec9f390 code [0x0000019d2ec9f540, 0x0000019d2ec9f6b8]

GC Heap History (2 events):
Event: 0.988 GC heap before
{Heap before GC invocations=0 (full 0):
 garbage-first heap   total 196608K, used 20480K [0x00000006e0000000, 0x0000000800000000)
  region size 1024K, 14 young (14336K), 0 survivors (0K)
 Metaspace       used 6754K, capacity 6933K, committed 7168K, reserved 1056768K
  class space    used 582K, capacity 650K, committed 768K, reserved 1048576K
}
Event: 0.998 GC heap after
{Heap after GC invocations=1 (full 0):
 garbage-first heap   total 196608K, used 7658K [0x00000006e0000000, 0x0000000800000000)
  region size 1024K, 2 young (2048K), 2 survivors (2048K)
 Metaspace       used 6754K, capacity 6933K, committed 7168K, reserved 1056768K
  class space    used 582K, capacity 650K, committed 768K, reserved 1048576K
}

Deoptimization events (20 events):
Event: 4.769 Thread 0x0000019d4c0cc000 Uncommon trap: trap_request=0xffffffc6 fr.pc=0x0000019d35e812e4 relative=0x0000000000000124
Event: 4.769 Thread 0x0000019d4c0cc000 Uncommon trap: reason=bimorphic_or_optimized_type_check action=maybe_recompile pc=0x0000019d35e812e4 method=java.util.AbstractList$Itr.next()Ljava/lang/Object; @ 14 c2
Event: 4.769 Thread 0x0000019d4c0cc000 DEOPT PACKING pc=0x0000019d35e812e4 sp=0x000000367b1fe370
Event: 4.769 Thread 0x0000019d4c0cc000 DEOPT UNPACKING pc=0x0000019d2e38a1af sp=0x000000367b1fe308 mode 2
Event: 4.863 Thread 0x0000019d4c6b8000 Uncommon trap: trap_request=0xffffff4d fr.pc=0x0000019d35eae158 relative=0x0000000000001418
Event: 4.863 Thread 0x0000019d4c6b8000 Uncommon trap: reason=unstable_if action=reinterpret pc=0x0000019d35eae158 method=java.util.concurrent.ConcurrentHashMap.putVal(Ljava/lang/Object;Ljava/lang/Object;Z)Ljava/lang/Object; @ 231 c2
Event: 4.863 Thread 0x0000019d4c6b8000 DEOPT PACKING pc=0x0000019d35eae158 sp=0x000000367b4fe270
Event: 4.863 Thread 0x0000019d4c6b8000 DEOPT UNPACKING pc=0x0000019d2e38a1af sp=0x000000367b4fe1f0 mode 2
Event: 4.983 Thread 0x0000019d4be6c000 Uncommon trap: trap_request=0xffffffc6 fr.pc=0x0000019d35ec52d0 relative=0x00000000000009d0
Event: 4.983 Thread 0x0000019d4be6c000 Uncommon trap: reason=bimorphic_or_optimized_type_check action=maybe_recompile pc=0x0000019d35ec52d0 method=java.util.HashMap.putVal(ILjava/lang/Object;Ljava/lang/Object;ZZ)Ljava/lang/Object; @ 253 c2
Event: 4.983 Thread 0x0000019d4be6c000 DEOPT PACKING pc=0x0000019d35ec52d0 sp=0x000000367b6fe9c0
Event: 4.983 Thread 0x0000019d4be6c000 DEOPT UNPACKING pc=0x0000019d2e38a1af sp=0x000000367b6fe8f8 mode 2
Event: 4.983 Thread 0x0000019d4be6c000 Uncommon trap: trap_request=0xffffffc6 fr.pc=0x0000019d35ec52d0 relative=0x00000000000009d0
Event: 4.983 Thread 0x0000019d4be6c000 Uncommon trap: reason=bimorphic_or_optimized_type_check action=maybe_recompile pc=0x0000019d35ec52d0 method=java.util.HashMap.putVal(ILjava/lang/Object;Ljava/lang/Object;ZZ)Ljava/lang/Object; @ 253 c2
Event: 4.983 Thread 0x0000019d4be6c000 DEOPT PACKING pc=0x0000019d35ec52d0 sp=0x000000367b6feab0
Event: 4.983 Thread 0x0000019d4be6c000 DEOPT UNPACKING pc=0x0000019d2e38a1af sp=0x000000367b6fe9e8 mode 2
Event: 5.541 Thread 0x0000019d4be6c000 Uncommon trap: trap_request=0xffffff4d fr.pc=0x0000019d35e75e04 relative=0x0000000000000224
Event: 5.541 Thread 0x0000019d4be6c000 Uncommon trap: reason=unstable_if action=reinterpret pc=0x0000019d35e75e04 method=java.util.regex.Matcher.reset()Ljava/util/regex/Matcher; @ 71 c2
Event: 5.541 Thread 0x0000019d4be6c000 DEOPT PACKING pc=0x0000019d35e75e04 sp=0x000000367b6fd560
Event: 5.541 Thread 0x0000019d4be6c000 DEOPT UNPACKING pc=0x0000019d2e38a1af sp=0x000000367b6fd4e8 mode 2

Classes redefined (0 events):
No events

Internal exceptions (20 events):
Event: 0.445 Thread 0x0000019d2a82b000 Exception <a 'java/lang/NoSuchMethodError'{0x00000006ebddaca0}: 'int java.lang.invoke.DirectMethodHandle$Holder.invokeSpecial(java.lang.Object, java.lang.Object, java.lang.Object, java.lang.Object)'> (0x00000006ebddaca0) thrown at [./src/hotspot/share/interpreter/linkResolver.cpp, line 773]
Event: 0.466 Thread 0x0000019d2a82b000 Exception <a 'java/lang/NoSuchMethodError'{0x00000006ebc134d0}: 'int java.lang.invoke.DirectMethodHandle$Holder.invokeSpecialIFC(java.lang.Object, java.lang.Object, int)'> (0x00000006ebc134d0) thrown at [./src/hotspot/share/interpreter/linkResolver.cpp, line 773]
Event: 1.009 Thread 0x0000019d2a82b000 Exception <a 'java/lang/NoClassDefFoundError'{0x00000006ebfad558}: org/slf4j/impl/StaticMarkerBinder> (0x00000006ebfad558) thrown at [./src/hotspot/share/classfile/systemDictionary.cpp, line 220]
Event: 1.091 Thread 0x0000019d2a82b000 Exception <a 'java/lang/NoSuchMethodError'{0x00000006ebb43210}: 'java.lang.Object java.lang.invoke.DirectMethodHandle$Holder.invokeVirtual(java.lang.Object, java.lang.Object, java.lang.Object, java.lang.Object, java.lang.Object, java.lang.Object, java.lang.Object)'> (0x00000006ebb43210) thrown at [./src/hotspot/share/interpreter/linkResolver.cpp, line 773]
Event: 1.095 Thread 0x0000019d2a82b000 Exception <a 'java/lang/NoSuchMethodError'{0x00000006ebb57d18}: 'java.lang.Object java.lang.invoke.Invokers$Holder.invoker(java.lang.Object, java.lang.Object, java.lang.Object)'> (0x00000006ebb57d18) thrown at [./src/hotspot/share/interpreter/linkResolver.cpp, line 773]
Event: 1.099 Thread 0x0000019d2a82b000 Exception <a 'java/lang/NoSuchMethodError'{0x00000006ebb68d90}: 'void java.lang.invoke.DelegatingMethodHandle$Holder.delegate(java.lang.Object, java.lang.Object, int, java.lang.Object)'> (0x00000006ebb68d90) thrown at [./src/hotspot/share/interpreter/linkResolver.cpp, line 773]
Event: 2.142 Thread 0x0000019d2a82b000 Exception <a 'java/security/PrivilegedActionException'{0x00000006e9198b40}> (0x00000006e9198b40) thrown at [./src/hotspot/share/prims/jvm.cpp, line 1306]
Event: 2.142 Thread 0x0000019d2a82b000 Exception <a 'java/security/PrivilegedActionException'{0x00000006e91990b8}> (0x00000006e91990b8) thrown at [./src/hotspot/share/prims/jvm.cpp, line 1306]
Event: 3.020 Thread 0x0000019d2a82b000 Exception <a 'java/lang/NoSuchMethodError'{0x00000006e80e1a58}: 'java.lang.Object java.lang.invoke.DirectMethodHandle$Holder.invokeStaticInit(java.lang.Object, java.lang.Object, java.lang.Object)'> (0x00000006e80e1a58) thrown at [./src/hotspot/share/interpreter/linkResolver.cpp, line 773]
Event: 4.188 Thread 0x0000019d2a82b000 Exception <a 'java/lang/NoSuchMethodError'{0x00000006e7949b28}: 'java.lang.Object java.lang.invoke.DirectMethodHandle$Holder.invokeStaticInit(java.lang.Object, int, int, int, int)'> (0x00000006e7949b28) thrown at [./src/hotspot/share/interpreter/linkResolver.cpp, line 773]
Event: 4.268 Thread 0x0000019d2a82b000 Exception <a 'java/lang/NoSuchMethodError'{0x00000006e798d9e8}: 'java.lang.Object java.lang.invoke.DirectMethodHandle$Holder.invokeStaticInit(java.lang.Object, java.lang.Object, int, int, int, int)'> (0x00000006e798d9e8) thrown at [./src/hotspot/share/interpreter/linkResolver.cpp, line 773]
Event: 4.738 Thread 0x0000019d2a82b000 Exception <a 'java/io/IOException'{0x00000006e77c6978}> (0x00000006e77c6978) thrown at [./src/hotspot/share/prims/jni.cpp, line 615]
Event: 4.867 Thread 0x0000019d4c6b8000 Exception <a 'java/lang/NoSuchMethodError'{0x00000006e74ece98}: <clinit>> (0x00000006e74ece98) thrown at [./src/hotspot/share/prims/jni.cpp, line 1365]
Event: 4.869 Thread 0x0000019d4c6b8000 Exception <a 'java/lang/NoSuchMethodError'{0x00000006e73052e0}: <clinit>> (0x00000006e73052e0) thrown at [./src/hotspot/share/prims/jni.cpp, line 1365]
Event: 4.869 Thread 0x0000019d4c6b8000 Exception <a 'java/lang/NoSuchMethodError'{0x00000006e730eca8}: <clinit>> (0x00000006e730eca8) thrown at [./src/hotspot/share/prims/jni.cpp, line 1365]
Event: 4.871 Thread 0x0000019d4c6b8000 Exception <a 'java/lang/NoSuchMethodError'{0x00000006e7324038}: <clinit>> (0x00000006e7324038) thrown at [./src/hotspot/share/prims/jni.cpp, line 1365]
Event: 5.190 Thread 0x0000019d4be6c000 Exception <a 'java/lang/NoSuchMethodError'{0x00000006e70d88e0}: 'long java.lang.invoke.DirectMethodHandle$Holder.invokeInterface(java.lang.Object, java.lang.Object)'> (0x00000006e70d88e0) thrown at [./src/hotspot/share/interpreter/linkResolver.cpp, line 773]
Event: 5.192 Thread 0x0000019d4be6c000 Exception <a 'java/lang/NoSuchMethodError'{0x00000006e70e5980}: 'void java.lang.invoke.DelegatingMethodHandle$Holder.reinvoke_L(java.lang.Object, java.lang.Object, java.lang.Object, java.lang.Object, java.lang.Object, java.lang.Object, java.lang.Object)'> (0x00000006e70e5980) thrown at [./src/hotspot/share/interpreter/linkResolver.cpp, line 773]
Event: 5.533 Thread 0x0000019d4be6c000 Exception <a 'java/lang/OutOfMemoryError'{0x00000006e6d9ffb8}> (0x00000006e6d9ffb8) thrown at [./src/hotspot/share/prims/jni.cpp, line 636]
Event: 5.533 Thread 0x0000019d4be6c000 Exception <a 'java/lang/OutOfMemoryError'{0x00000006e6d9ffb8}> (0x00000006e6d9ffb8) thrown at [./src/hotspot/share/prims/jvm.cpp, line 1310]

Events (20 events):
Event: 5.543 loading class java/util/logging/LogRecord
Event: 5.543 loading class java/util/logging/LogRecord done
Event: 5.543 loading class java/time/Instant
Event: 5.544 loading class java/time/temporal/Temporal
Event: 5.544 loading class java/time/temporal/TemporalAccessor
Event: 5.544 loading class java/time/temporal/TemporalAccessor done
Event: 5.544 loading class java/time/temporal/Temporal done
Event: 5.544 loading class java/time/temporal/TemporalAdjuster
Event: 5.544 loading class java/time/temporal/TemporalAdjuster done
Event: 5.544 loading class java/time/Instant done
Event: 5.544 loading class java/time/Clock
Event: 5.544 loading class java/time/Clock done
Event: 5.544 Executing VM operation: CollectForMetadataAllocation
Event: 5.544 Executing VM operation: CollectForMetadataAllocation done
Event: 5.544 loading class java/time/Clock$SystemClock
Event: 5.545 loading class java/time/Clock$SystemClock done
Event: 5.545 loading class java/time/ZoneOffset
Event: 5.545 loading class java/time/ZoneId
Event: 5.545 loading class java/time/ZoneId done
Event: 5.545 loading class java/time/ZoneOffset done


Dynamic libraries:
0x00007ff622ae0000 - 0x00007ff622aea000 	D:\Android Studio\jre\bin\java.exe
0x00007ff8261f0000 - 0x00007ff8263e8000 	C:\Windows\SYSTEM32\ntdll.dll
0x00007ff825e40000 - 0x00007ff825eff000 	C:\Windows\System32\KERNEL32.DLL
0x00007ff823d80000 - 0x00007ff824052000 	C:\Windows\System32\KERNELBASE.dll
0x00007ff823a30000 - 0x00007ff823b30000 	C:\Windows\System32\ucrtbase.dll
0x00007ffffc750000 - 0x00007ffffc767000 	D:\Android Studio\jre\bin\VCRUNTIME140.dll
0x00007ff800720000 - 0x00007ff800739000 	D:\Android Studio\jre\bin\jli.dll
0x00007ff824510000 - 0x00007ff8246b1000 	C:\Windows\System32\USER32.dll
0x00007ff812090000 - 0x00007ff81232a000 	C:\Windows\WinSxS\amd64_microsoft.windows.common-controls_6595b64144ccf1df_6.0.19041.1110_none_60b5254171f9507e\COMCTL32.dll
0x00007ff824060000 - 0x00007ff824082000 	C:\Windows\System32\win32u.dll
0x00007ff825460000 - 0x00007ff8254fe000 	C:\Windows\System32\msvcrt.dll
0x00007ff824320000 - 0x00007ff82434b000 	C:\Windows\System32\GDI32.dll
0x00007ff824130000 - 0x00007ff82423f000 	C:\Windows\System32\gdi32full.dll
0x00007ff823b30000 - 0x00007ff823bcd000 	C:\Windows\System32\msvcp_win.dll
0x00007ff826180000 - 0x00007ff8261b0000 	C:\Windows\System32\IMM32.DLL
0x00007fffdb4b0000 - 0x00007fffdb54d000 	D:\Android Studio\jre\bin\msvcp140.dll
0x00007fffdec40000 - 0x00007fffdf725000 	D:\Android Studio\jre\bin\server\jvm.dll
0x00007ff8260d0000 - 0x00007ff82617e000 	C:\Windows\System32\ADVAPI32.dll
0x00007ff824350000 - 0x00007ff8243ec000 	C:\Windows\System32\sechost.dll
0x00007ff8252d0000 - 0x00007ff8253f4000 	C:\Windows\System32\RPCRT4.dll
0x00007ff825f10000 - 0x00007ff825f18000 	C:\Windows\System32\PSAPI.DLL
0x00007ff81e990000 - 0x00007ff81e999000 	C:\Windows\SYSTEM32\WSOCK32.dll
0x00007ff813970000 - 0x00007ff813997000 	C:\Windows\SYSTEM32\WINMM.dll
0x00007ff8255d0000 - 0x00007ff82563b000 	C:\Windows\System32\WS2_32.dll
0x00007ff81df70000 - 0x00007ff81df7a000 	C:\Windows\SYSTEM32\VERSION.dll
0x00007ff821160000 - 0x00007ff821172000 	C:\Windows\SYSTEM32\kernel.appcore.dll
0x00007ff81e8b0000 - 0x00007ff81e8c1000 	D:\Android Studio\jre\bin\verify.dll
0x00007ff823180000 - 0x00007ff823364000 	C:\Windows\SYSTEM32\DBGHELP.DLL
0x00007ff8230c0000 - 0x00007ff8230f5000 	C:\Windows\SYSTEM32\dbgcore.DLL
0x00007ff8239a0000 - 0x00007ff823a22000 	C:\Windows\System32\bcryptPrimitives.dll
0x00007ff819000000 - 0x00007ff819029000 	D:\Android Studio\jre\bin\java.dll
0x00007ff81e980000 - 0x00007ff81e98b000 	D:\Android Studio\jre\bin\jimage.dll
0x00007ff813880000 - 0x00007ff813898000 	D:\Android Studio\jre\bin\zip.dll
0x00007ff825640000 - 0x00007ff825d85000 	C:\Windows\System32\SHELL32.dll
0x00007ff821360000 - 0x00007ff821af2000 	C:\Windows\SYSTEM32\windows.storage.dll
0x00007ff824730000 - 0x00007ff824a85000 	C:\Windows\System32\combase.dll
0x00007ff822b90000 - 0x00007ff822bc0000 	C:\Windows\SYSTEM32\Wldp.dll
0x00007ff825d90000 - 0x00007ff825e3d000 	C:\Windows\System32\SHCORE.dll
0x00007ff825400000 - 0x00007ff825455000 	C:\Windows\System32\shlwapi.dll
0x00007ff823830000 - 0x00007ff82384f000 	C:\Windows\SYSTEM32\profapi.dll
0x00007ff813860000 - 0x00007ff81387a000 	D:\Android Studio\jre\bin\net.dll
0x00007ff81c740000 - 0x00007ff81c84a000 	C:\Windows\SYSTEM32\WINHTTP.dll
0x00007ff822ab0000 - 0x00007ff822b1a000 	C:\Windows\system32\mswsock.dll
0x00007ff813840000 - 0x00007ff813854000 	D:\Android Studio\jre\bin\nio.dll
0x00007ffffc770000 - 0x00007ffffc797000 	C:\Users\posox\.gradle\native\e1d6ef7f7dcc3fd88c89a11ec53ec762bb8ba0a96d01ffa2cd45eb1d1d8dd5c5\windows-amd64\native-platform.dll
0x00007fffdb270000 - 0x00007fffdb3b4000 	C:\Users\posox\.gradle\native\5664cfc778a61ccfe75a443a1ab52a65af34e5dc3c78e0209fed803814484fcb\windows-amd64\native-platform-file-events.dll
0x00007ff81e8a0000 - 0x00007ff81e8aa000 	D:\Android Studio\jre\bin\management.dll
0x00007ff818ff0000 - 0x00007ff818ffd000 	D:\Android Studio\jre\bin\management_ext.dll
0x00007ff823680000 - 0x00007ff823698000 	C:\Windows\SYSTEM32\CRYPTSP.dll
0x00007ff8222c0000 - 0x00007ff8222f4000 	C:\Windows\system32\rsaenh.dll
0x00007ff824090000 - 0x00007ff8240b7000 	C:\Windows\System32\bcrypt.dll
0x00007ff8237f0000 - 0x00007ff82381e000 	C:\Windows\SYSTEM32\USERENV.dll
0x00007ff822f80000 - 0x00007ff822f8c000 	C:\Windows\SYSTEM32\CRYPTBASE.dll
0x00007ff822630000 - 0x00007ff82266b000 	C:\Windows\SYSTEM32\IPHLPAPI.DLL
0x00007ff825f00000 - 0x00007ff825f08000 	C:\Windows\System32\NSI.dll
0x00007ff81ccb0000 - 0x00007ff81ccc7000 	C:\Windows\SYSTEM32\dhcpcsvc6.DLL
0x00007ff81d460000 - 0x00007ff81d47d000 	C:\Windows\SYSTEM32\dhcpcsvc.DLL
0x00007ff822670000 - 0x00007ff82273b000 	C:\Windows\SYSTEM32\DNSAPI.dll

dbghelp: loaded successfully - version: 4.0.5 - missing functions: none
symbol engine: initialized successfully - sym options: 0x614 - pdb path: .;D:\Android Studio\jre\bin;C:\Windows\SYSTEM32;C:\Windows\WinSxS\amd64_microsoft.windows.common-controls_6595b64144ccf1df_6.0.19041.1110_none_60b5254171f9507e;D:\Android Studio\jre\bin\server;C:\Users\posox\.gradle\native\e1d6ef7f7dcc3fd88c89a11ec53ec762bb8ba0a96d01ffa2cd45eb1d1d8dd5c5\windows-amd64;C:\Users\posox\.gradle\native\5664cfc778a61ccfe75a443a1ab52a65af34e5dc3c78e0209fed803814484fcb\windows-amd64

VM Arguments:
jvm_args: --add-opens=java.base/java.util=ALL-UNNAMED --add-opens=java.base/java.lang=ALL-UNNAMED --add-opens=java.base/java.lang.invoke=ALL-UNNAMED --add-opens=java.base/java.util=ALL-UNNAMED --add-opens=java.prefs/java.util.prefs=ALL-UNNAMED --add-opens=java.prefs/java.util.prefs=ALL-UNNAMED --add-opens=java.base/java.nio.charset=ALL-UNNAMED --add-opens=java.base/java.net=ALL-UNNAMED --add-opens=java.base/java.util.concurrent.atomic=ALL-UNNAMED -Xmx4608m -Dfile.encoding=windows-1252 -Duser.country=US -Duser.language=en -Duser.variant 
java_command: org.gradle.launcher.daemon.bootstrap.GradleDaemon 7.3.3
java_class_path (initial): C:\Users\posox\.gradle\wrapper\dists\gradle-7.3.3-all\4295vidhdd9hd3gbjyw1xqxpo\gradle-7.3.3\lib\gradle-launcher-7.3.3.jar
Launcher Type: SUN_STANDARD

[Global flags]
     intx CICompilerCount                          = 3                                         {product} {ergonomic}
     uint ConcGCThreads                            = 1                                         {product} {ergonomic}
     uint G1ConcRefinementThreads                  = 4                                         {product} {ergonomic}
   size_t G1HeapRegionSize                         = 1048576                                   {product} {ergonomic}
    uintx GCDrainStackTargetSize                   = 64                                        {product} {ergonomic}
   size_t InitialHeapSize                          = 201326592                                 {product} {ergonomic}
   size_t MarkStackSize                            = 4194304                                   {product} {ergonomic}
   size_t MaxHeapSize                              = 4831838208                                {product} {command line}
   size_t MaxNewSize                               = 2898264064                                {product} {ergonomic}
   size_t MinHeapDeltaBytes                        = 1048576                                   {product} {ergonomic}
    uintx NonNMethodCodeHeapSize                   = 5830732                                {pd product} {ergonomic}
    uintx NonProfiledCodeHeapSize                  = 122913754                              {pd product} {ergonomic}
    uintx ProfiledCodeHeapSize                     = 122913754                              {pd product} {ergonomic}
    uintx ReservedCodeCacheSize                    = 251658240                              {pd product} {ergonomic}
     bool SegmentedCodeCache                       = true                                      {product} {ergonomic}
     bool UseCompressedClassPointers               = true                                 {lp64_product} {ergonomic}
     bool UseCompressedOops                        = true                                 {lp64_product} {ergonomic}
     bool UseG1GC                                  = true                                      {product} {ergonomic}
     bool UseLargePagesIndividualAllocation        = false                                  {pd product} {ergonomic}

Logging:
Log output configuration:
 #0: stdout all=warning uptime,level,tags
 #1: stderr all=off uptime,level,tags

Environment Variables:
JAVA_HOME=C:\Program Files\Java\jdk-18.0.2.1
PATH=C:\Program Files\Common Files\Oracle\Java\javapath;C:\Windows\system32;C:\Windows;C:\Windows\System32\Wbem;C:\Windows\System32\WindowsPowerShell\v1.0\;C:\Windows\System32\OpenSSH\;C:\Program Files\Git\cmd;C:\Program Files\Java\jdk-18.0.2.1\bin;;C:\Program Files (x86)\NVIDIA Corporation\PhysX\Common;C:\Users\posox\AppData\Local\Microsoft\WindowsApps;
USERNAME=posox
OS=Windows_NT
PROCESSOR_IDENTIFIER=Intel64 Family 6 Model 60 Stepping 3, GenuineIntel



---------------  S Y S T E M  ---------------

OS: Windows 10 , 64 bit Build 19041 (10.0.19041.2546)
OS uptime: 1 days 18:05 hours

CPU:total 4 (initial active 4) (4 cores per cpu, 1 threads per core) family 6 model 60 stepping 3 microcode 0x27, cmov, cx8, fxsr, mmx, sse, sse2, sse3, ssse3, sse4.1, sse4.2, popcnt, avx, avx2, aes, clmul, erms, lzcnt, tsc, tscinvbit, bmi1, bmi2, fma

Memory: 4k page, system-wide physical 12175M (1780M free)
TotalPageFile size 14223M (AvailPageFile size 0M)
current process WorkingSet (physical memory assigned to process): 168M, peak: 171M
current process commit charge ("private bytes"): 303M, peak: 307M

vm_info: OpenJDK 64-Bit Server VM (11.0.12+7-b1504.28-7817840) for windows-amd64 JRE (11.0.12+7-b1504.28-7817840), built on Oct 13 2021 22:12:33 by "builder" with MS VC++ 14.0 (VS2015)

END.
