#
# There is insufficient memory for the Java Runtime Environment to continue.
# Native memory allocation (malloc) failed to allocate 1278416 bytes for Chunk::new
# Possible reasons:
#   The system is out of physical RAM or swap space
#   The process is running with CompressedOops enabled, and the Java Heap may be blocking the growth of the native heap
# Possible solutions:
#   Reduce memory load on the system
#   Increase physical memory or swap space
#   Check if swap backing store is full
#   Decrease Java heap size (-Xmx/-Xms)
#   Decrease number of Java threads
#   Decrease Java thread stack sizes (-Xss)
#   Set larger code cache with -XX:ReservedCodeCacheSize=
#   JVM is running with Unscaled Compressed Oops mode in which the Java heap is
#     placed in the first 4GB address space. The Java Heap base address is the
#     maximum limit for the native heap growth. Please use -XX:HeapBaseMinAddress
#     to set the Java Heap base and to place the Java Heap above 4GB virtual address.
# This output file may be truncated or incomplete.
#
#  Out of Memory Error (./src/hotspot/share/memory/arena.cpp:197), pid=15332, tid=13380
#
# JRE version: OpenJDK Runtime Environment (11.0.12+7) (build 11.0.12+7-b1504.28-7817840)
# Java VM: OpenJDK 64-Bit Server VM (11.0.12+7-b1504.28-7817840, mixed mode, tiered, compressed oops, g1 gc, windows-amd64)
# No core dump will be written. Minidumps are not enabled by default on client versions of Windows
#

---------------  S U M M A R Y ------------

Command Line: --add-opens=java.base/java.util=ALL-UNNAMED --add-opens=java.base/java.lang=ALL-UNNAMED --add-opens=java.base/java.lang.invoke=ALL-UNNAMED --add-opens=java.base/java.util=ALL-UNNAMED --add-opens=java.prefs/java.util.prefs=ALL-UNNAMED --add-opens=java.prefs/java.util.prefs=ALL-UNNAMED --add-opens=java.base/java.nio.charset=ALL-UNNAMED --add-opens=java.base/java.net=ALL-UNNAMED --add-opens=java.base/java.util.concurrent.atomic=ALL-UNNAMED -Xmx2048m -Dfile.encoding=UTF-8 -Duser.country=US -Duser.language=en -Duser.variant org.gradle.launcher.daemon.bootstrap.GradleDaemon 7.3.3

Host: Intel(R) Core(TM) i5-4590 CPU @ 3.30GHz, 4 cores, 11G,  Windows 10 , 64 bit Build 19041 (10.0.19041.2788)
Time: Wed Apr 19 05:31:39 2023 Caucasus Standard Time elapsed time: 5.960716 seconds (0d 0h 0m 5s)

---------------  T H R E A D  ---------------

Current thread (0x000001f054498000):  JavaThread "C2 CompilerThread0" daemon [_thread_in_native, id=13380, stack(0x000000eeb4e00000,0x000000eeb4f00000)]


Current CompileTask:
C2:   5960 2007       4       java.net.URLClassLoader$1::run (5 bytes)

Stack: [0x000000eeb4e00000,0x000000eeb4f00000]
Native frames: (J=compiled Java code, j=interpreted, Vv=VM code, C=native code)
V  [jvm.dll+0x5fbcea]
V  [jvm.dll+0x731905]
V  [jvm.dll+0x732f1d]
V  [jvm.dll+0x7335d3]
V  [jvm.dll+0x247bf8]
V  [jvm.dll+0xc018c]
V  [jvm.dll+0xc06cc]
V  [jvm.dll+0x35b2db]
V  [jvm.dll+0x19cebc]
V  [jvm.dll+0x20070e]
V  [jvm.dll+0x1ff794]
V  [jvm.dll+0x18868c]
V  [jvm.dll+0x20e0d7]
V  [jvm.dll+0x20c901]
V  [jvm.dll+0x6f9b7f]
V  [jvm.dll+0x6f26a5]
V  [jvm.dll+0x5fabf6]
C  [ucrtbase.dll+0x21bb2]
C  [KERNEL32.DLL+0x17604]
C  [ntdll.dll+0x526a1]


---------------  P R O C E S S  ---------------

Threads class SMR info:
_java_thread_list=0x000001f05719e730, length=23, elements={
0x000001f038059800, 0x000001f053c45800, 0x000001f053c31800, 0x000001f053c4d800,
0x000001f054492800, 0x000001f054495000, 0x000001f054498000, 0x000001f05449c000,
0x000001f0544f8000, 0x000001f0545fd000, 0x000001f0563dd800, 0x000001f056815000,
0x000001f055f59800, 0x000001f0563f2000, 0x000001f05659f000, 0x000001f056405000,
0x000001f055eec800, 0x000001f055d79000, 0x000001f056583800, 0x000001f056ebe800,
0x000001f056ebf800, 0x000001f056ebc000, 0x000001f056ec2000
}

Java Threads: ( => current thread )
  0x000001f038059800 JavaThread "main" [_thread_blocked, id=8664, stack(0x000000eeb4200000,0x000000eeb4300000)]
  0x000001f053c45800 JavaThread "Reference Handler" daemon [_thread_blocked, id=7392, stack(0x000000eeb4900000,0x000000eeb4a00000)]
  0x000001f053c31800 JavaThread "Finalizer" daemon [_thread_blocked, id=14884, stack(0x000000eeb4a00000,0x000000eeb4b00000)]
  0x000001f053c4d800 JavaThread "Signal Dispatcher" daemon [_thread_blocked, id=13532, stack(0x000000eeb4b00000,0x000000eeb4c00000)]
  0x000001f054492800 JavaThread "Attach Listener" daemon [_thread_blocked, id=2504, stack(0x000000eeb4c00000,0x000000eeb4d00000)]
  0x000001f054495000 JavaThread "Service Thread" daemon [_thread_blocked, id=15104, stack(0x000000eeb4d00000,0x000000eeb4e00000)]
=>0x000001f054498000 JavaThread "C2 CompilerThread0" daemon [_thread_in_native, id=13380, stack(0x000000eeb4e00000,0x000000eeb4f00000)]
  0x000001f05449c000 JavaThread "C1 CompilerThread0" daemon [_thread_blocked, id=5844, stack(0x000000eeb4f00000,0x000000eeb5000000)]
  0x000001f0544f8000 JavaThread "Sweeper thread" daemon [_thread_blocked, id=6912, stack(0x000000eeb5000000,0x000000eeb5100000)]
  0x000001f0545fd000 JavaThread "Common-Cleaner" daemon [_thread_blocked, id=14660, stack(0x000000eeb5100000,0x000000eeb5200000)]
  0x000001f0563dd800 JavaThread "Daemon health stats" [_thread_blocked, id=14912, stack(0x000000eeb5700000,0x000000eeb5800000)]
  0x000001f056815000 JavaThread "Incoming local TCP Connector on port 55286" [_thread_in_native, id=4928, stack(0x000000eeb5800000,0x000000eeb5900000)]
  0x000001f055f59800 JavaThread "Daemon periodic checks" [_thread_blocked, id=13284, stack(0x000000eeb5900000,0x000000eeb5a00000)]
  0x000001f0563f2000 JavaThread "Daemon" [_thread_blocked, id=5368, stack(0x000000eeb5a00000,0x000000eeb5b00000)]
  0x000001f05659f000 JavaThread "Handler for socket connection from /127.0.0.1:55286 to /127.0.0.1:55287" [_thread_in_native, id=8004, stack(0x000000eeb5b00000,0x000000eeb5c00000)]
  0x000001f056405000 JavaThread "Cancel handler" [_thread_blocked, id=3092, stack(0x000000eeb5c00000,0x000000eeb5d00000)]
  0x000001f055eec800 JavaThread "Daemon worker" [_thread_blocked, id=15076, stack(0x000000eeb5d00000,0x000000eeb5e00000)]
  0x000001f055d79000 JavaThread "Asynchronous log dispatcher for DefaultDaemonConnection: socket connection from /127.0.0.1:55286 to /127.0.0.1:55287" [_thread_blocked, id=10332, stack(0x000000eeb5e00000,0x000000eeb5f00000)]
  0x000001f056583800 JavaThread "Stdin handler" [_thread_blocked, id=9980, stack(0x000000eeb5f00000,0x000000eeb6000000)]
  0x000001f056ebe800 JavaThread "Daemon client event forwarder" [_thread_blocked, id=14840, stack(0x000000eeb6000000,0x000000eeb6100000)]
  0x000001f056ebf800 JavaThread "Cache worker for journal cache (C:\Users\posox\.gradle\caches\journal-1)" [_thread_blocked, id=14708, stack(0x000000eeb5300000,0x000000eeb5400000)]
  0x000001f056ebc000 JavaThread "File lock request listener" [_thread_in_native, id=9988, stack(0x000000eeb6100000,0x000000eeb6200000)]
  0x000001f056ec2000 JavaThread "Cache worker for file hash cache (C:\Users\posox\.gradle\caches\7.3.3\fileHashes)" [_thread_blocked, id=2244, stack(0x000000eeb6200000,0x000000eeb6300000)]

Other Threads:
  0x000001f053c2d800 VMThread "VM Thread" [stack: 0x000000eeb4800000,0x000000eeb4900000] [id=9724]
  0x000001f05462b800 WatcherThread [stack: 0x000000eeb5200000,0x000000eeb5300000] [id=13316]
  0x000001f038073000 GCTaskThread "GC Thread#0" [stack: 0x000000eeb4300000,0x000000eeb4400000] [id=6576]
  0x000001f054977800 GCTaskThread "GC Thread#1" [stack: 0x000000eeb5400000,0x000000eeb5500000] [id=14292]
  0x000001f0552d9800 GCTaskThread "GC Thread#2" [stack: 0x000000eeb5500000,0x000000eeb5600000] [id=14752]
  0x000001f054cda000 GCTaskThread "GC Thread#3" [stack: 0x000000eeb5600000,0x000000eeb5700000] [id=3672]
  0x000001f0380a6000 ConcurrentGCThread "G1 Main Marker" [stack: 0x000000eeb4400000,0x000000eeb4500000] [id=1856]
  0x000001f0380a7800 ConcurrentGCThread "G1 Conc#0" [stack: 0x000000eeb4500000,0x000000eeb4600000] [id=13392]
  0x000001f053a7e800 ConcurrentGCThread "G1 Refine#0" [stack: 0x000000eeb4600000,0x000000eeb4700000] [id=5028]
  0x000001f03813e800 ConcurrentGCThread "G1 Young RemSet Sampling" [stack: 0x000000eeb4700000,0x000000eeb4800000] [id=8932]

Threads with active compile tasks:
C2 CompilerThread0   5991 2007       4       java.net.URLClassLoader$1::run (5 bytes)

VM state:at safepoint (normal execution)

VM Mutex/Monitor currently owned by a thread:  ([mutex/lock_event])
[0x000001f038057e10] Threads_lock - owner thread: 0x000001f053c2d800
[0x000001f038058050] Heap_lock - owner thread: 0x000001f055eec800

Heap address: 0x0000000080000000, size: 2048 MB, Compressed Oops mode: 32-bit
Narrow klass base: 0x0000000000000000, Narrow klass shift: 3
Compressed class space size: 1073741824 Address: 0x0000000100000000

Heap:
 garbage-first heap   total 196608K, used 17736K [0x0000000080000000, 0x0000000100000000)
  region size 1024K, 2 young (2048K), 2 survivors (2048K)
 Metaspace       used 22819K, capacity 23266K, committed 23296K, reserved 1077248K
  class space    used 2881K, capacity 3064K, committed 3072K, reserved 1048576K
Heap Regions: E=young(eden), S=young(survivor), O=old, HS=humongous(starts), HC=humongous(continues), CS=collection set, F=free, A=archive, TAMS=top-at-mark-start (previous, next)
|   0|0x0000000080000000, 0x0000000080100000, 0x0000000080100000|100%| O|  |TAMS 0x0000000080100000, 0x0000000080100000| Untracked 
|   1|0x0000000080100000, 0x0000000080200000, 0x0000000080200000|100%| O|  |TAMS 0x0000000080200000, 0x0000000080200000| Untracked 
|   2|0x0000000080200000, 0x0000000080300000, 0x0000000080300000|100%| O|  |TAMS 0x0000000080300000, 0x0000000080300000| Untracked 
|   3|0x0000000080300000, 0x0000000080400000, 0x0000000080400000|100%|HS|  |TAMS 0x0000000080400000, 0x0000000080400000| Complete 
|   4|0x0000000080400000, 0x0000000080500000, 0x0000000080500000|100%|HC|  |TAMS 0x0000000080500000, 0x0000000080500000| Complete 
|   5|0x0000000080500000, 0x0000000080600000, 0x0000000080600000|100%|HC|  |TAMS 0x0000000080600000, 0x0000000080600000| Complete 
|   6|0x0000000080600000, 0x0000000080700000, 0x0000000080700000|100%| O|  |TAMS 0x0000000080700000, 0x0000000080700000| Untracked 
|   7|0x0000000080700000, 0x0000000080800000, 0x0000000080800000|100%| O|  |TAMS 0x0000000080800000, 0x0000000080800000| Untracked 
|   8|0x0000000080800000, 0x0000000080900000, 0x0000000080900000|100%| O|  |TAMS 0x0000000080900000, 0x0000000080900000| Untracked 
|   9|0x0000000080900000, 0x0000000080a00000, 0x0000000080a00000|100%| O|  |TAMS 0x0000000080a00000, 0x0000000080a00000| Untracked 
|  10|0x0000000080a00000, 0x0000000080b00000, 0x0000000080b00000|100%| O|  |TAMS 0x0000000080b00000, 0x0000000080b00000| Untracked 
|  11|0x0000000080b00000, 0x0000000080c00000, 0x0000000080c00000|100%| O|  |TAMS 0x0000000080ba7a00, 0x0000000080c00000| Untracked 
|  12|0x0000000080c00000, 0x0000000080d00000, 0x0000000080d00000|100%| O|  |TAMS 0x0000000080c00000, 0x0000000080d00000| Untracked 
|  13|0x0000000080d00000, 0x0000000080e00000, 0x0000000080e00000|100%| O|  |TAMS 0x0000000080d00000, 0x0000000080e00000| Untracked 
|  14|0x0000000080e00000, 0x0000000080f00000, 0x0000000080f00000|100%| O|  |TAMS 0x0000000080e00000, 0x0000000080f00000| Untracked 
|  15|0x0000000080f00000, 0x0000000080fea400, 0x0000000081000000| 91%| O|  |TAMS 0x0000000080f00000, 0x0000000080fea400| Untracked 
|  16|0x0000000081000000, 0x0000000081000000, 0x0000000081100000|  0%| F|  |TAMS 0x0000000081000000, 0x0000000081000000| Untracked 
|  17|0x0000000081100000, 0x0000000081100000, 0x0000000081200000|  0%| F|  |TAMS 0x0000000081100000, 0x0000000081100000| Untracked 
|  18|0x0000000081200000, 0x0000000081200000, 0x0000000081300000|  0%| F|  |TAMS 0x0000000081200000, 0x0000000081200000| Untracked 
|  19|0x0000000081300000, 0x0000000081300000, 0x0000000081400000|  0%| F|  |TAMS 0x0000000081300000, 0x0000000081300000| Untracked 
|  20|0x0000000081400000, 0x0000000081400000, 0x0000000081500000|  0%| F|  |TAMS 0x0000000081400000, 0x0000000081400000| Untracked 
|  21|0x0000000081500000, 0x0000000081500000, 0x0000000081600000|  0%| F|  |TAMS 0x0000000081500000, 0x0000000081500000| Untracked 
|  22|0x0000000081600000, 0x0000000081600000, 0x0000000081700000|  0%| F|  |TAMS 0x0000000081600000, 0x0000000081600000| Untracked 
|  23|0x0000000081700000, 0x0000000081700000, 0x0000000081800000|  0%| F|  |TAMS 0x0000000081700000, 0x0000000081700000| Untracked 
|  24|0x0000000081800000, 0x0000000081800000, 0x0000000081900000|  0%| F|  |TAMS 0x0000000081800000, 0x0000000081800000| Untracked 
|  25|0x0000000081900000, 0x0000000081900000, 0x0000000081a00000|  0%| F|  |TAMS 0x0000000081900000, 0x0000000081900000| Untracked 
|  26|0x0000000081a00000, 0x0000000081a00000, 0x0000000081b00000|  0%| F|  |TAMS 0x0000000081a00000, 0x0000000081a00000| Untracked 
|  27|0x0000000081b00000, 0x0000000081b00000, 0x0000000081c00000|  0%| F|  |TAMS 0x0000000081b00000, 0x0000000081b00000| Untracked 
|  28|0x0000000081c00000, 0x0000000081c00000, 0x0000000081d00000|  0%| F|  |TAMS 0x0000000081c00000, 0x0000000081c00000| Untracked 
|  29|0x0000000081d00000, 0x0000000081d00000, 0x0000000081e00000|  0%| F|  |TAMS 0x0000000081d00000, 0x0000000081d00000| Untracked 
|  30|0x0000000081e00000, 0x0000000081e00000, 0x0000000081f00000|  0%| F|  |TAMS 0x0000000081e00000, 0x0000000081e00000| Untracked 
|  31|0x0000000081f00000, 0x0000000081f00000, 0x0000000082000000|  0%| F|  |TAMS 0x0000000081f00000, 0x0000000081f00000| Untracked 
|  32|0x0000000082000000, 0x0000000082000000, 0x0000000082100000|  0%| F|  |TAMS 0x0000000082000000, 0x0000000082000000| Untracked 
|  33|0x0000000082100000, 0x0000000082100000, 0x0000000082200000|  0%| F|  |TAMS 0x0000000082100000, 0x0000000082100000| Untracked 
|  34|0x0000000082200000, 0x0000000082200000, 0x0000000082300000|  0%| F|  |TAMS 0x0000000082200000, 0x0000000082200000| Untracked 
|  35|0x0000000082300000, 0x0000000082300000, 0x0000000082400000|  0%| F|  |TAMS 0x0000000082300000, 0x0000000082300000| Untracked 
|  36|0x0000000082400000, 0x0000000082400000, 0x0000000082500000|  0%| F|  |TAMS 0x0000000082400000, 0x0000000082400000| Untracked 
|  37|0x0000000082500000, 0x0000000082500000, 0x0000000082600000|  0%| F|  |TAMS 0x0000000082500000, 0x0000000082500000| Untracked 
|  38|0x0000000082600000, 0x0000000082600000, 0x0000000082700000|  0%| F|  |TAMS 0x0000000082600000, 0x0000000082600000| Untracked 
|  39|0x0000000082700000, 0x0000000082700000, 0x0000000082800000|  0%| F|  |TAMS 0x0000000082700000, 0x0000000082700000| Untracked 
|  40|0x0000000082800000, 0x0000000082800000, 0x0000000082900000|  0%| F|  |TAMS 0x0000000082800000, 0x0000000082800000| Untracked 
|  41|0x0000000082900000, 0x0000000082900000, 0x0000000082a00000|  0%| F|  |TAMS 0x0000000082900000, 0x0000000082900000| Untracked 
|  42|0x0000000082a00000, 0x0000000082a00000, 0x0000000082b00000|  0%| F|  |TAMS 0x0000000082a00000, 0x0000000082a00000| Untracked 
|  43|0x0000000082b00000, 0x0000000082b00000, 0x0000000082c00000|  0%| F|  |TAMS 0x0000000082b00000, 0x0000000082b00000| Untracked 
|  44|0x0000000082c00000, 0x0000000082c00000, 0x0000000082d00000|  0%| F|  |TAMS 0x0000000082c00000, 0x0000000082c00000| Untracked 
|  45|0x0000000082d00000, 0x0000000082d00000, 0x0000000082e00000|  0%| F|  |TAMS 0x0000000082d00000, 0x0000000082d00000| Untracked 
|  46|0x0000000082e00000, 0x0000000082e00000, 0x0000000082f00000|  0%| F|  |TAMS 0x0000000082e00000, 0x0000000082e00000| Untracked 
|  47|0x0000000082f00000, 0x0000000082f00000, 0x0000000083000000|  0%| F|  |TAMS 0x0000000082f00000, 0x0000000082f00000| Untracked 
|  48|0x0000000083000000, 0x0000000083000000, 0x0000000083100000|  0%| F|  |TAMS 0x0000000083000000, 0x0000000083000000| Untracked 
|  49|0x0000000083100000, 0x0000000083100000, 0x0000000083200000|  0%| F|  |TAMS 0x0000000083100000, 0x0000000083100000| Untracked 
|  50|0x0000000083200000, 0x0000000083200000, 0x0000000083300000|  0%| F|  |TAMS 0x0000000083200000, 0x0000000083200000| Untracked 
|  51|0x0000000083300000, 0x0000000083300000, 0x0000000083400000|  0%| F|  |TAMS 0x0000000083300000, 0x0000000083300000| Untracked 
|  52|0x0000000083400000, 0x0000000083400000, 0x0000000083500000|  0%| F|  |TAMS 0x0000000083400000, 0x0000000083400000| Untracked 
|  53|0x0000000083500000, 0x0000000083500000, 0x0000000083600000|  0%| F|  |TAMS 0x0000000083500000, 0x0000000083500000| Untracked 
|  54|0x0000000083600000, 0x0000000083600000, 0x0000000083700000|  0%| F|  |TAMS 0x0000000083600000, 0x0000000083600000| Untracked 
|  55|0x0000000083700000, 0x0000000083700000, 0x0000000083800000|  0%| F|  |TAMS 0x0000000083700000, 0x0000000083700000| Untracked 
|  56|0x0000000083800000, 0x0000000083800000, 0x0000000083900000|  0%| F|  |TAMS 0x0000000083800000, 0x0000000083800000| Untracked 
|  57|0x0000000083900000, 0x0000000083900000, 0x0000000083a00000|  0%| F|  |TAMS 0x0000000083900000, 0x0000000083900000| Untracked 
|  58|0x0000000083a00000, 0x0000000083a00000, 0x0000000083b00000|  0%| F|  |TAMS 0x0000000083a00000, 0x0000000083a00000| Untracked 
|  59|0x0000000083b00000, 0x0000000083b00000, 0x0000000083c00000|  0%| F|  |TAMS 0x0000000083b00000, 0x0000000083b00000| Untracked 
|  60|0x0000000083c00000, 0x0000000083c00000, 0x0000000083d00000|  0%| F|  |TAMS 0x0000000083c00000, 0x0000000083c00000| Untracked 
|  61|0x0000000083d00000, 0x0000000083d00000, 0x0000000083e00000|  0%| F|  |TAMS 0x0000000083d00000, 0x0000000083d00000| Untracked 
|  62|0x0000000083e00000, 0x0000000083e00000, 0x0000000083f00000|  0%| F|  |TAMS 0x0000000083e00000, 0x0000000083e00000| Untracked 
|  63|0x0000000083f00000, 0x0000000083f00000, 0x0000000084000000|  0%| F|  |TAMS 0x0000000083f00000, 0x0000000083f00000| Untracked 
|  64|0x0000000084000000, 0x0000000084000000, 0x0000000084100000|  0%| F|  |TAMS 0x0000000084000000, 0x0000000084000000| Untracked 
|  65|0x0000000084100000, 0x0000000084100000, 0x0000000084200000|  0%| F|  |TAMS 0x0000000084100000, 0x0000000084100000| Untracked 
|  66|0x0000000084200000, 0x0000000084200000, 0x0000000084300000|  0%| F|  |TAMS 0x0000000084200000, 0x0000000084200000| Untracked 
|  67|0x0000000084300000, 0x0000000084300000, 0x0000000084400000|  0%| F|  |TAMS 0x0000000084300000, 0x0000000084300000| Untracked 
|  68|0x0000000084400000, 0x0000000084400000, 0x0000000084500000|  0%| F|  |TAMS 0x0000000084400000, 0x0000000084400000| Untracked 
|  69|0x0000000084500000, 0x0000000084500000, 0x0000000084600000|  0%| F|  |TAMS 0x0000000084500000, 0x0000000084500000| Untracked 
|  70|0x0000000084600000, 0x0000000084600000, 0x0000000084700000|  0%| F|  |TAMS 0x0000000084600000, 0x0000000084600000| Untracked 
|  71|0x0000000084700000, 0x0000000084700000, 0x0000000084800000|  0%| F|  |TAMS 0x0000000084700000, 0x0000000084700000| Untracked 
|  72|0x0000000084800000, 0x0000000084800000, 0x0000000084900000|  0%| F|  |TAMS 0x0000000084800000, 0x0000000084800000| Untracked 
|  73|0x0000000084900000, 0x0000000084900000, 0x0000000084a00000|  0%| F|  |TAMS 0x0000000084900000, 0x0000000084900000| Untracked 
|  74|0x0000000084a00000, 0x0000000084a00000, 0x0000000084b00000|  0%| F|  |TAMS 0x0000000084a00000, 0x0000000084a00000| Untracked 
|  75|0x0000000084b00000, 0x0000000084b00000, 0x0000000084c00000|  0%| F|  |TAMS 0x0000000084b00000, 0x0000000084b00000| Untracked 
|  76|0x0000000084c00000, 0x0000000084c00000, 0x0000000084d00000|  0%| F|  |TAMS 0x0000000084c00000, 0x0000000084c00000| Untracked 
|  77|0x0000000084d00000, 0x0000000084d00000, 0x0000000084e00000|  0%| F|  |TAMS 0x0000000084d00000, 0x0000000084d00000| Untracked 
|  78|0x0000000084e00000, 0x0000000084e00000, 0x0000000084f00000|  0%| F|  |TAMS 0x0000000084e00000, 0x0000000084e00000| Untracked 
|  79|0x0000000084f00000, 0x0000000084f00000, 0x0000000085000000|  0%| F|  |TAMS 0x0000000084f00000, 0x0000000084f00000| Untracked 
|  80|0x0000000085000000, 0x0000000085000000, 0x0000000085100000|  0%| F|  |TAMS 0x0000000085000000, 0x0000000085000000| Untracked 
|  81|0x0000000085100000, 0x0000000085100000, 0x0000000085200000|  0%| F|  |TAMS 0x0000000085100000, 0x0000000085100000| Untracked 
|  82|0x0000000085200000, 0x0000000085200000, 0x0000000085300000|  0%| F|  |TAMS 0x0000000085200000, 0x0000000085200000| Untracked 
|  83|0x0000000085300000, 0x0000000085300000, 0x0000000085400000|  0%| F|  |TAMS 0x0000000085300000, 0x0000000085300000| Untracked 
|  84|0x0000000085400000, 0x0000000085400000, 0x0000000085500000|  0%| F|  |TAMS 0x0000000085400000, 0x0000000085400000| Untracked 
|  85|0x0000000085500000, 0x0000000085500000, 0x0000000085600000|  0%| F|  |TAMS 0x0000000085500000, 0x0000000085500000| Untracked 
|  86|0x0000000085600000, 0x0000000085600000, 0x0000000085700000|  0%| F|  |TAMS 0x0000000085600000, 0x0000000085600000| Untracked 
|  87|0x0000000085700000, 0x0000000085700000, 0x0000000085800000|  0%| F|  |TAMS 0x0000000085700000, 0x0000000085700000| Untracked 
|  88|0x0000000085800000, 0x0000000085800000, 0x0000000085900000|  0%| F|  |TAMS 0x0000000085800000, 0x0000000085800000| Untracked 
|  89|0x0000000085900000, 0x0000000085900000, 0x0000000085a00000|  0%| F|  |TAMS 0x0000000085900000, 0x0000000085900000| Untracked 
|  90|0x0000000085a00000, 0x0000000085a00000, 0x0000000085b00000|  0%| F|  |TAMS 0x0000000085a00000, 0x0000000085a00000| Untracked 
|  91|0x0000000085b00000, 0x0000000085b00000, 0x0000000085c00000|  0%| F|  |TAMS 0x0000000085b00000, 0x0000000085b00000| Untracked 
|  92|0x0000000085c00000, 0x0000000085c00000, 0x0000000085d00000|  0%| F|  |TAMS 0x0000000085c00000, 0x0000000085c00000| Untracked 
|  93|0x0000000085d00000, 0x0000000085d00000, 0x0000000085e00000|  0%| F|  |TAMS 0x0000000085d00000, 0x0000000085d00000| Untracked 
|  94|0x0000000085e00000, 0x0000000085e00000, 0x0000000085f00000|  0%| F|  |TAMS 0x0000000085e00000, 0x0000000085e00000| Untracked 
|  95|0x0000000085f00000, 0x0000000085f00000, 0x0000000086000000|  0%| F|  |TAMS 0x0000000085f00000, 0x0000000085f00000| Untracked 
|  96|0x0000000086000000, 0x0000000086000000, 0x0000000086100000|  0%| F|  |TAMS 0x0000000086000000, 0x0000000086000000| Untracked 
|  97|0x0000000086100000, 0x0000000086100000, 0x0000000086200000|  0%| F|  |TAMS 0x0000000086100000, 0x0000000086100000| Untracked 
|  98|0x0000000086200000, 0x0000000086200000, 0x0000000086300000|  0%| F|  |TAMS 0x0000000086200000, 0x0000000086200000| Untracked 
|  99|0x0000000086300000, 0x0000000086300000, 0x0000000086400000|  0%| F|  |TAMS 0x0000000086300000, 0x0000000086300000| Untracked 
| 100|0x0000000086400000, 0x0000000086400000, 0x0000000086500000|  0%| F|  |TAMS 0x0000000086400000, 0x0000000086400000| Untracked 
| 101|0x0000000086500000, 0x0000000086500000, 0x0000000086600000|  0%| F|  |TAMS 0x0000000086500000, 0x0000000086500000| Untracked 
| 102|0x0000000086600000, 0x0000000086600000, 0x0000000086700000|  0%| F|  |TAMS 0x0000000086600000, 0x0000000086600000| Untracked 
| 103|0x0000000086700000, 0x0000000086700000, 0x0000000086800000|  0%| F|  |TAMS 0x0000000086700000, 0x0000000086700000| Untracked 
| 104|0x0000000086800000, 0x0000000086800000, 0x0000000086900000|  0%| F|  |TAMS 0x0000000086800000, 0x0000000086800000| Untracked 
| 105|0x0000000086900000, 0x0000000086900000, 0x0000000086a00000|  0%| F|  |TAMS 0x0000000086900000, 0x0000000086900000| Untracked 
| 106|0x0000000086a00000, 0x0000000086a00000, 0x0000000086b00000|  0%| F|  |TAMS 0x0000000086a00000, 0x0000000086a00000| Untracked 
| 107|0x0000000086b00000, 0x0000000086b00000, 0x0000000086c00000|  0%| F|  |TAMS 0x0000000086b00000, 0x0000000086b00000| Untracked 
| 108|0x0000000086c00000, 0x0000000086c00000, 0x0000000086d00000|  0%| F|  |TAMS 0x0000000086c00000, 0x0000000086c00000| Untracked 
| 109|0x0000000086d00000, 0x0000000086d00000, 0x0000000086e00000|  0%| F|  |TAMS 0x0000000086d00000, 0x0000000086d00000| Untracked 
| 110|0x0000000086e00000, 0x0000000086e00000, 0x0000000086f00000|  0%| F|  |TAMS 0x0000000086e00000, 0x0000000086e00000| Untracked 
| 111|0x0000000086f00000, 0x0000000086f00000, 0x0000000087000000|  0%| F|  |TAMS 0x0000000086f00000, 0x0000000086f00000| Untracked 
| 112|0x0000000087000000, 0x0000000087000000, 0x0000000087100000|  0%| F|  |TAMS 0x0000000087000000, 0x0000000087000000| Untracked 
| 113|0x0000000087100000, 0x0000000087100000, 0x0000000087200000|  0%| F|  |TAMS 0x0000000087100000, 0x0000000087100000| Untracked 
| 114|0x0000000087200000, 0x0000000087200000, 0x0000000087300000|  0%| F|  |TAMS 0x0000000087200000, 0x0000000087200000| Untracked 
| 115|0x0000000087300000, 0x0000000087300000, 0x0000000087400000|  0%| F|  |TAMS 0x0000000087300000, 0x0000000087300000| Untracked 
| 116|0x0000000087400000, 0x0000000087400000, 0x0000000087500000|  0%| F|  |TAMS 0x0000000087400000, 0x0000000087400000| Untracked 
| 117|0x0000000087500000, 0x0000000087500000, 0x0000000087600000|  0%| F|  |TAMS 0x0000000087500000, 0x0000000087500000| Untracked 
| 118|0x0000000087600000, 0x0000000087600000, 0x0000000087700000|  0%| F|  |TAMS 0x0000000087600000, 0x0000000087600000| Untracked 
| 119|0x0000000087700000, 0x0000000087700000, 0x0000000087800000|  0%| F|  |TAMS 0x0000000087700000, 0x0000000087700000| Untracked 
| 120|0x0000000087800000, 0x0000000087800000, 0x0000000087900000|  0%| F|  |TAMS 0x0000000087800000, 0x0000000087800000| Untracked 
| 121|0x0000000087900000, 0x0000000087900000, 0x0000000087a00000|  0%| F|  |TAMS 0x0000000087900000, 0x0000000087900000| Untracked 
| 122|0x0000000087a00000, 0x0000000087a00000, 0x0000000087b00000|  0%| F|  |TAMS 0x0000000087a00000, 0x0000000087a00000| Untracked 
| 123|0x0000000087b00000, 0x0000000087b00000, 0x0000000087c00000|  0%| F|  |TAMS 0x0000000087b00000, 0x0000000087b00000| Untracked 
| 124|0x0000000087c00000, 0x0000000087c00000, 0x0000000087d00000|  0%| F|  |TAMS 0x0000000087c00000, 0x0000000087c00000| Untracked 
| 125|0x0000000087d00000, 0x0000000087d00000, 0x0000000087e00000|  0%| F|  |TAMS 0x0000000087d00000, 0x0000000087d00000| Untracked 
| 126|0x0000000087e00000, 0x0000000087e00000, 0x0000000087f00000|  0%| F|  |TAMS 0x0000000087e00000, 0x0000000087e00000| Untracked 
| 127|0x0000000087f00000, 0x0000000087f00000, 0x0000000088000000|  0%| F|  |TAMS 0x0000000087f00000, 0x0000000087f00000| Untracked 
| 128|0x0000000088000000, 0x0000000088000000, 0x0000000088100000|  0%| F|  |TAMS 0x0000000088000000, 0x0000000088000000| Untracked 
| 129|0x0000000088100000, 0x0000000088100000, 0x0000000088200000|  0%| F|  |TAMS 0x0000000088100000, 0x0000000088100000| Untracked 
| 130|0x0000000088200000, 0x0000000088200000, 0x0000000088300000|  0%| F|  |TAMS 0x0000000088200000, 0x0000000088200000| Untracked 
| 131|0x0000000088300000, 0x0000000088300000, 0x0000000088400000|  0%| F|  |TAMS 0x0000000088300000, 0x0000000088300000| Untracked 
| 132|0x0000000088400000, 0x0000000088400000, 0x0000000088500000|  0%| F|  |TAMS 0x0000000088400000, 0x0000000088400000| Untracked 
| 133|0x0000000088500000, 0x0000000088500000, 0x0000000088600000|  0%| F|  |TAMS 0x0000000088500000, 0x0000000088500000| Untracked 
| 134|0x0000000088600000, 0x0000000088600000, 0x0000000088700000|  0%| F|  |TAMS 0x0000000088600000, 0x0000000088600000| Untracked 
| 135|0x0000000088700000, 0x0000000088700000, 0x0000000088800000|  0%| F|  |TAMS 0x0000000088700000, 0x0000000088700000| Untracked 
| 136|0x0000000088800000, 0x0000000088800000, 0x0000000088900000|  0%| F|  |TAMS 0x0000000088800000, 0x0000000088800000| Untracked 
| 137|0x0000000088900000, 0x0000000088900000, 0x0000000088a00000|  0%| F|  |TAMS 0x0000000088900000, 0x0000000088900000| Untracked 
| 138|0x0000000088a00000, 0x0000000088a00000, 0x0000000088b00000|  0%| F|  |TAMS 0x0000000088a00000, 0x0000000088a00000| Untracked 
| 139|0x0000000088b00000, 0x0000000088b00000, 0x0000000088c00000|  0%| F|  |TAMS 0x0000000088b00000, 0x0000000088b00000| Untracked 
| 140|0x0000000088c00000, 0x0000000088c00000, 0x0000000088d00000|  0%| F|  |TAMS 0x0000000088c00000, 0x0000000088c00000| Untracked 
| 141|0x0000000088d00000, 0x0000000088d00000, 0x0000000088e00000|  0%| F|  |TAMS 0x0000000088d00000, 0x0000000088d00000| Untracked 
| 142|0x0000000088e00000, 0x0000000088e00000, 0x0000000088f00000|  0%| F|  |TAMS 0x0000000088e00000, 0x0000000088e00000| Untracked 
| 143|0x0000000088f00000, 0x0000000088f00000, 0x0000000089000000|  0%| F|  |TAMS 0x0000000088f00000, 0x0000000088f00000| Untracked 
| 144|0x0000000089000000, 0x0000000089000000, 0x0000000089100000|  0%| F|  |TAMS 0x0000000089000000, 0x0000000089000000| Untracked 
| 145|0x0000000089100000, 0x0000000089100000, 0x0000000089200000|  0%| F|  |TAMS 0x0000000089100000, 0x0000000089100000| Untracked 
| 146|0x0000000089200000, 0x0000000089200000, 0x0000000089300000|  0%| F|  |TAMS 0x0000000089200000, 0x0000000089200000| Untracked 
| 147|0x0000000089300000, 0x0000000089300000, 0x0000000089400000|  0%| F|  |TAMS 0x0000000089300000, 0x0000000089300000| Untracked 
| 148|0x0000000089400000, 0x0000000089400000, 0x0000000089500000|  0%| F|  |TAMS 0x0000000089400000, 0x0000000089400000| Untracked 
| 149|0x0000000089500000, 0x0000000089500000, 0x0000000089600000|  0%| F|  |TAMS 0x0000000089500000, 0x0000000089500000| Untracked 
| 150|0x0000000089600000, 0x0000000089600000, 0x0000000089700000|  0%| F|  |TAMS 0x0000000089600000, 0x0000000089600000| Untracked 
| 151|0x0000000089700000, 0x0000000089700000, 0x0000000089800000|  0%| F|  |TAMS 0x0000000089700000, 0x0000000089700000| Untracked 
| 152|0x0000000089800000, 0x0000000089800000, 0x0000000089900000|  0%| F|  |TAMS 0x0000000089800000, 0x0000000089800000| Untracked 
| 153|0x0000000089900000, 0x0000000089900000, 0x0000000089a00000|  0%| F|  |TAMS 0x0000000089900000, 0x0000000089900000| Untracked 
| 154|0x0000000089a00000, 0x0000000089a00000, 0x0000000089b00000|  0%| F|  |TAMS 0x0000000089a00000, 0x0000000089a00000| Untracked 
| 155|0x0000000089b00000, 0x0000000089b00000, 0x0000000089c00000|  0%| F|  |TAMS 0x0000000089b00000, 0x0000000089b00000| Untracked 
| 156|0x0000000089c00000, 0x0000000089c00000, 0x0000000089d00000|  0%| F|  |TAMS 0x0000000089c00000, 0x0000000089c00000| Untracked 
| 157|0x0000000089d00000, 0x0000000089d00000, 0x0000000089e00000|  0%| F|  |TAMS 0x0000000089d00000, 0x0000000089d00000| Untracked 
| 158|0x0000000089e00000, 0x0000000089e00000, 0x0000000089f00000|  0%| F|  |TAMS 0x0000000089e00000, 0x0000000089e00000| Untracked 
| 159|0x0000000089f00000, 0x0000000089f00000, 0x000000008a000000|  0%| F|  |TAMS 0x0000000089f00000, 0x0000000089f00000| Untracked 
| 160|0x000000008a000000, 0x000000008a000000, 0x000000008a100000|  0%| F|  |TAMS 0x000000008a000000, 0x000000008a000000| Untracked 
| 161|0x000000008a100000, 0x000000008a100000, 0x000000008a200000|  0%| F|  |TAMS 0x000000008a100000, 0x000000008a100000| Untracked 
| 162|0x000000008a200000, 0x000000008a200000, 0x000000008a300000|  0%| F|  |TAMS 0x000000008a200000, 0x000000008a200000| Untracked 
| 163|0x000000008a300000, 0x000000008a300000, 0x000000008a400000|  0%| F|  |TAMS 0x000000008a300000, 0x000000008a300000| Untracked 
| 164|0x000000008a400000, 0x000000008a467f20, 0x000000008a500000| 40%| S|CS|TAMS 0x000000008a400000, 0x000000008a400000| Complete 
| 165|0x000000008a500000, 0x000000008a600000, 0x000000008a600000|100%| S|CS|TAMS 0x000000008a500000, 0x000000008a500000| Complete 
| 166|0x000000008a600000, 0x000000008a600000, 0x000000008a700000|  0%| F|  |TAMS 0x000000008a600000, 0x000000008a600000| Untracked 
| 167|0x000000008a700000, 0x000000008a700000, 0x000000008a800000|  0%| F|  |TAMS 0x000000008a700000, 0x000000008a700000| Untracked 
| 168|0x000000008a800000, 0x000000008a800000, 0x000000008a900000|  0%| F|  |TAMS 0x000000008a800000, 0x000000008a800000| Untracked 
| 169|0x000000008a900000, 0x000000008a900000, 0x000000008aa00000|  0%| F|  |TAMS 0x000000008a900000, 0x000000008a900000| Untracked 
| 170|0x000000008aa00000, 0x000000008aa00000, 0x000000008ab00000|  0%| F|  |TAMS 0x000000008aa00000, 0x000000008aa00000| Untracked 
| 171|0x000000008ab00000, 0x000000008ab00000, 0x000000008ac00000|  0%| F|  |TAMS 0x000000008ab00000, 0x000000008ab00000| Untracked 
| 172|0x000000008ac00000, 0x000000008ac00000, 0x000000008ad00000|  0%| F|  |TAMS 0x000000008ac00000, 0x000000008ac00000| Untracked 
| 173|0x000000008ad00000, 0x000000008ad00000, 0x000000008ae00000|  0%| F|  |TAMS 0x000000008ad00000, 0x000000008ad00000| Untracked 
| 174|0x000000008ae00000, 0x000000008ae00000, 0x000000008af00000|  0%| F|  |TAMS 0x000000008ae00000, 0x000000008ae00000| Untracked 
| 175|0x000000008af00000, 0x000000008af00000, 0x000000008b000000|  0%| F|  |TAMS 0x000000008af00000, 0x000000008af00000| Untracked 
| 176|0x000000008b000000, 0x000000008b000000, 0x000000008b100000|  0%| F|  |TAMS 0x000000008b000000, 0x000000008b000000| Untracked 
| 177|0x000000008b100000, 0x000000008b100000, 0x000000008b200000|  0%| F|  |TAMS 0x000000008b100000, 0x000000008b100000| Untracked 
| 178|0x000000008b200000, 0x000000008b200000, 0x000000008b300000|  0%| F|  |TAMS 0x000000008b200000, 0x000000008b200000| Untracked 
| 179|0x000000008b300000, 0x000000008b300000, 0x000000008b400000|  0%| F|  |TAMS 0x000000008b300000, 0x000000008b300000| Untracked 
| 180|0x000000008b400000, 0x000000008b400000, 0x000000008b500000|  0%| F|  |TAMS 0x000000008b400000, 0x000000008b400000| Untracked 
| 181|0x000000008b500000, 0x000000008b500000, 0x000000008b600000|  0%| F|  |TAMS 0x000000008b500000, 0x000000008b500000| Untracked 
| 182|0x000000008b600000, 0x000000008b600000, 0x000000008b700000|  0%| F|  |TAMS 0x000000008b600000, 0x000000008b600000| Untracked 
| 183|0x000000008b700000, 0x000000008b700000, 0x000000008b800000|  0%| F|  |TAMS 0x000000008b700000, 0x000000008b700000| Untracked 
| 184|0x000000008b800000, 0x000000008b800000, 0x000000008b900000|  0%| F|  |TAMS 0x000000008b800000, 0x000000008b800000| Untracked 
| 185|0x000000008b900000, 0x000000008b900000, 0x000000008ba00000|  0%| F|  |TAMS 0x000000008b900000, 0x000000008b900000| Untracked 
| 186|0x000000008ba00000, 0x000000008ba00000, 0x000000008bb00000|  0%| F|  |TAMS 0x000000008ba00000, 0x000000008ba00000| Untracked 
| 187|0x000000008bb00000, 0x000000008bb00000, 0x000000008bc00000|  0%| F|  |TAMS 0x000000008bb00000, 0x000000008bb00000| Untracked 
| 188|0x000000008bc00000, 0x000000008bc00000, 0x000000008bd00000|  0%| F|  |TAMS 0x000000008bc00000, 0x000000008bc00000| Untracked 
| 189|0x000000008bd00000, 0x000000008bd00000, 0x000000008be00000|  0%| F|  |TAMS 0x000000008bd00000, 0x000000008bd00000| Untracked 
| 190|0x000000008be00000, 0x000000008be00000, 0x000000008bf00000|  0%| F|  |TAMS 0x000000008be00000, 0x000000008be00000| Untracked 
| 191|0x000000008bf00000, 0x000000008bf00000, 0x000000008c000000|  0%| F|  |TAMS 0x000000008bf00000, 0x000000008bf00000| Untracked 

Card table byte_map: [0x000001f04cdb0000,0x000001f04d1b0000] _byte_map_base: 0x000001f04c9b0000

Marking Bits (Prev, Next): (CMBitMap*) 0x000001f03809d3e0, (CMBitMap*) 0x000001f03809d3a8
 Prev Bits: [0x000001f04f5b0000, 0x000001f0515b0000)
 Next Bits: [0x000001f04d5b0000, 0x000001f04f5b0000)

Polling page: 0x000001f038140000

Metaspace:

Usage:
  Non-class:     19.73 MB capacity,    19.47 MB ( 99%) used,   225.30 KB (  1%) free+waste,    38.44 KB ( <1%) overhead. 
      Class:      2.99 MB capacity,     2.81 MB ( 94%) used,   163.52 KB (  5%) free+waste,    19.00 KB ( <1%) overhead. 
       Both:     22.72 MB capacity,    22.28 MB ( 98%) used,   388.81 KB (  2%) free+waste,    57.44 KB ( <1%) overhead. 

Virtual space:
  Non-class space:       28.00 MB reserved,      19.75 MB ( 71%) committed 
      Class space:        1.00 GB reserved,       3.00 MB ( <1%) committed 
             Both:        1.03 GB reserved,      22.75 MB (  2%) committed 

Chunk freelists:
   Non-Class:  22.00 KB
       Class:  8.00 KB
        Both:  30.00 KB

MaxMetaspaceSize: 17179869184.00 GB
CompressedClassSpaceSize: 1.00 GB
Initial GC threshold: 20.80 MB
Current GC threshold: 35.32 MB
CDS: off

CodeHeap 'non-profiled nmethods': size=120064Kb used=1063Kb max_used=1063Kb free=119000Kb
 bounds [0x000001f044e40000, 0x000001f0450b0000, 0x000001f04c380000]
CodeHeap 'profiled nmethods': size=120000Kb used=4332Kb max_used=4332Kb free=115667Kb
 bounds [0x000001f03d910000, 0x000001f03dd50000, 0x000001f044e40000]
CodeHeap 'non-nmethods': size=5696Kb used=1218Kb max_used=1251Kb free=4477Kb
 bounds [0x000001f03d380000, 0x000001f03d5f0000, 0x000001f03d910000]
 total_blobs=2500 nmethods=2014 adapters=398
 compilation: enabled
              stopped_count=0, restarted_count=0
 full_count=0

Compilation events (20 events):
Event: 5.724 Thread 0x000001f054498000 nmethod 2005 0x000001f044f49210 code [0x000001f044f493c0, 0x000001f044f49b08]
Event: 5.769 Thread 0x000001f05449c000 2006       3       java.lang.Package$VersionInfo::<init> (44 bytes)
Event: 5.770 Thread 0x000001f05449c000 nmethod 2006 0x000001f03dd42590 code [0x000001f03dd42760, 0x000001f03dd42b58]
Event: 5.770 Thread 0x000001f054498000 2007       4       java.net.URLClassLoader$1::run (5 bytes)
Event: 5.903 Thread 0x000001f05449c000 2008       3       java.util.LinkedList$ListItr::remove (84 bytes)
Event: 5.904 Thread 0x000001f05449c000 nmethod 2008 0x000001f03dd42c10 code [0x000001f03dd42e20, 0x000001f03dd43288]
Event: 5.904 Thread 0x000001f05449c000 2009       3       java.util.LinkedList::unlink (91 bytes)
Event: 5.904 Thread 0x000001f05449c000 nmethod 2009 0x000001f03dd43490 code [0x000001f03dd43660, 0x000001f03dd43a38]
Event: 5.904 Thread 0x000001f05449c000 2011       3       org.gradle.internal.service.DefaultServiceMethodFactory::toServiceMethod (11 bytes)
Event: 5.904 Thread 0x000001f05449c000 nmethod 2011 0x000001f03dd43b90 code [0x000001f03dd43d40, 0x000001f03dd43f08]
Event: 5.904 Thread 0x000001f05449c000 2012   !   3       org.gradle.internal.service.MethodHandleBasedServiceMethodFactory::toServiceMethod (51 bytes)
Event: 5.905 Thread 0x000001f05449c000 nmethod 2012 0x000001f03dd44010 code [0x000001f03dd44380, 0x000001f03dd458e8]
Event: 5.905 Thread 0x000001f05449c000 2013       3       java.lang.reflect.Method::getGenericParameterTypes (5 bytes)
Event: 5.906 Thread 0x000001f05449c000 nmethod 2013 0x000001f03dd46010 code [0x000001f03dd462e0, 0x000001f03dd47338]
Event: 5.906 Thread 0x000001f05449c000 2014       3       java.lang.reflect.Method::hasGenericInformation (13 bytes)
Event: 5.906 Thread 0x000001f05449c000 nmethod 2014 0x000001f03dd47810 code [0x000001f03dd479c0, 0x000001f03dd47b38]
Event: 5.906 Thread 0x000001f05449c000 2015       3       org.gradle.internal.service.AbstractServiceMethod::<init> (42 bytes)
Event: 5.907 Thread 0x000001f05449c000 nmethod 2015 0x000001f03dd47c10 code [0x000001f03dd47f80, 0x000001f03dd49aa8]
Event: 5.915 Thread 0x000001f05449c000 2016       3       org.gradle.internal.service.DefaultServiceRegistry$FactoryMethodService::<init> (22 bytes)
Event: 5.916 Thread 0x000001f05449c000 nmethod 2016 0x000001f03dd4a290 code [0x000001f03dd4a4e0, 0x000001f03dd4af28]

GC Heap History (10 events):
Event: 0.551 GC heap before
{Heap before GC invocations=0 (full 0):
 garbage-first heap   total 196608K, used 20480K [0x0000000080000000, 0x0000000100000000)
  region size 1024K, 14 young (14336K), 0 survivors (0K)
 Metaspace       used 6739K, capacity 6925K, committed 7168K, reserved 1056768K
  class space    used 582K, capacity 650K, committed 768K, reserved 1048576K
}
Event: 0.555 GC heap after
{Heap after GC invocations=1 (full 0):
 garbage-first heap   total 196608K, used 7977K [0x0000000080000000, 0x0000000100000000)
  region size 1024K, 2 young (2048K), 2 survivors (2048K)
 Metaspace       used 6739K, capacity 6925K, committed 7168K, reserved 1056768K
  class space    used 582K, capacity 650K, committed 768K, reserved 1048576K
}
Event: 1.244 GC heap before
{Heap before GC invocations=1 (full 0):
 garbage-first heap   total 196608K, used 20265K [0x0000000080000000, 0x0000000100000000)
  region size 1024K, 14 young (14336K), 2 survivors (2048K)
 Metaspace       used 9889K, capacity 10118K, committed 10368K, reserved 1058816K
  class space    used 1028K, capacity 1102K, committed 1152K, reserved 1048576K
}
Event: 1.247 GC heap after
{Heap after GC invocations=2 (full 0):
 garbage-first heap   total 196608K, used 9253K [0x0000000080000000, 0x0000000100000000)
  region size 1024K, 2 young (2048K), 2 survivors (2048K)
 Metaspace       used 9889K, capacity 10118K, committed 10368K, reserved 1058816K
  class space    used 1028K, capacity 1102K, committed 1152K, reserved 1048576K
}
Event: 1.619 GC heap before
{Heap before GC invocations=2 (full 0):
 garbage-first heap   total 196608K, used 42021K [0x0000000080000000, 0x0000000100000000)
  region size 1024K, 33 young (33792K), 2 survivors (2048K)
 Metaspace       used 10854K, capacity 11073K, committed 11264K, reserved 1058816K
  class space    used 1131K, capacity 1207K, committed 1280K, reserved 1048576K
}
Event: 1.622 GC heap after
{Heap after GC invocations=3 (full 0):
 garbage-first heap   total 196608K, used 12392K [0x0000000080000000, 0x0000000100000000)
  region size 1024K, 5 young (5120K), 5 survivors (5120K)
 Metaspace       used 10854K, capacity 11073K, committed 11264K, reserved 1058816K
  class space    used 1131K, capacity 1207K, committed 1280K, reserved 1048576K
}
Event: 3.919 GC heap before
{Heap before GC invocations=3 (full 0):
 garbage-first heap   total 196608K, used 63592K [0x0000000080000000, 0x0000000100000000)
  region size 1024K, 55 young (56320K), 5 survivors (5120K)
 Metaspace       used 18921K, capacity 19268K, committed 19328K, reserved 1067008K
  class space    used 2281K, capacity 2407K, committed 2432K, reserved 1048576K
}
Event: 3.927 GC heap after
{Heap after GC invocations=4 (full 0):
 garbage-first heap   total 196608K, used 16277K [0x0000000080000000, 0x0000000100000000)
  region size 1024K, 7 young (7168K), 7 survivors (7168K)
 Metaspace       used 18921K, capacity 19268K, committed 19328K, reserved 1067008K
  class space    used 2281K, capacity 2407K, committed 2432K, reserved 1048576K
}
Event: 4.791 GC heap before
{Heap before GC invocations=4 (full 0):
 garbage-first heap   total 196608K, used 34709K [0x0000000080000000, 0x0000000100000000)
  region size 1024K, 26 young (26624K), 7 survivors (7168K)
 Metaspace       used 20768K, capacity 21138K, committed 21248K, reserved 1067008K
  class space    used 2550K, capacity 2711K, committed 2816K, reserved 1048576K
}
Event: 4.796 GC heap after
{Heap after GC invocations=5 (full 0):
 garbage-first heap   total 196608K, used 17054K [0x0000000080000000, 0x0000000100000000)
  region size 1024K, 5 young (5120K), 5 survivors (5120K)
 Metaspace       used 20768K, capacity 21138K, committed 21248K, reserved 1067008K
  class space    used 2550K, capacity 2711K, committed 2816K, reserved 1048576K
}

Deoptimization events (20 events):
Event: 4.675 Thread 0x000001f055eec800 Uncommon trap: trap_request=0xffffff4d fr.pc=0x000001f044e5c920 relative=0x0000000000000a00
Event: 4.675 Thread 0x000001f055eec800 Uncommon trap: reason=unstable_if action=reinterpret pc=0x000001f044e5c920 method=java.io.WinNTFileSystem.resolve(Ljava/lang/String;Ljava/lang/String;)Ljava/lang/String; @ 19 c2
Event: 4.675 Thread 0x000001f055eec800 DEOPT PACKING pc=0x000001f044e5c920 sp=0x000000eeb5dfb380
Event: 4.675 Thread 0x000001f055eec800 DEOPT UNPACKING pc=0x000001f03d3ca1af sp=0x000000eeb5dfb318 mode 2
Event: 4.675 Thread 0x000001f055eec800 Uncommon trap: trap_request=0xffffffc6 fr.pc=0x000001f044ebeda4 relative=0x0000000000000084
Event: 4.675 Thread 0x000001f055eec800 Uncommon trap: reason=bimorphic_or_optimized_type_check action=maybe_recompile pc=0x000001f044ebeda4 method=java.util.AbstractList$Itr.hasNext()Z @ 8 c2
Event: 4.675 Thread 0x000001f055eec800 DEOPT PACKING pc=0x000001f044ebeda4 sp=0x000000eeb5dfa950
Event: 4.675 Thread 0x000001f055eec800 DEOPT UNPACKING pc=0x000001f03d3ca1af sp=0x000000eeb5dfa8e8 mode 2
Event: 4.675 Thread 0x000001f055eec800 Uncommon trap: trap_request=0xffffffc6 fr.pc=0x000001f044ebf154 relative=0x0000000000000114
Event: 4.675 Thread 0x000001f055eec800 Uncommon trap: reason=bimorphic_or_optimized_type_check action=maybe_recompile pc=0x000001f044ebf154 method=java.util.AbstractList$Itr.next()Ljava/lang/Object; @ 14 c2
Event: 4.675 Thread 0x000001f055eec800 DEOPT PACKING pc=0x000001f044ebf154 sp=0x000000eeb5dfa940
Event: 4.675 Thread 0x000001f055eec800 DEOPT UNPACKING pc=0x000001f03d3ca1af sp=0x000000eeb5dfa8d8 mode 2
Event: 4.676 Thread 0x000001f055eec800 Uncommon trap: trap_request=0xffffff4d fr.pc=0x000001f044eb8008 relative=0x0000000000000448
Event: 4.676 Thread 0x000001f055eec800 Uncommon trap: reason=unstable_if action=reinterpret pc=0x000001f044eb8008 method=java.lang.String.substring(I)Ljava/lang/String; @ 34 c2
Event: 4.676 Thread 0x000001f055eec800 DEOPT PACKING pc=0x000001f044eb8008 sp=0x000000eeb5dfb2a0
Event: 4.676 Thread 0x000001f055eec800 DEOPT UNPACKING pc=0x000001f03d3ca1af sp=0x000000eeb5dfb278 mode 2
Event: 5.084 Thread 0x000001f055eec800 Uncommon trap: trap_request=0xffffff4d fr.pc=0x000001f044f29698 relative=0x0000000000000398
Event: 5.084 Thread 0x000001f055eec800 Uncommon trap: reason=unstable_if action=reinterpret pc=0x000001f044f29698 method=jdk.internal.org.objectweb.asm.Type.getArgumentsAndReturnSizes(Ljava/lang/String;)I @ 88 c2
Event: 5.084 Thread 0x000001f055eec800 DEOPT PACKING pc=0x000001f044f29698 sp=0x000000eeb5df9880
Event: 5.084 Thread 0x000001f055eec800 DEOPT UNPACKING pc=0x000001f03d3ca1af sp=0x000000eeb5df9808 mode 2

Classes redefined (0 events):
No events

Internal exceptions (20 events):
Event: 0.570 Thread 0x000001f038059800 Exception <a 'java/lang/NoClassDefFoundError'{0x000000008bfad558}: org/slf4j/impl/StaticMarkerBinder> (0x000000008bfad558) thrown at [./src/hotspot/share/classfile/systemDictionary.cpp, line 220]
Event: 0.663 Thread 0x000001f038059800 Exception <a 'java/lang/NoSuchMethodError'{0x000000008bb43870}: 'java.lang.Object java.lang.invoke.DirectMethodHandle$Holder.invokeVirtual(java.lang.Object, java.lang.Object, java.lang.Object, java.lang.Object, java.lang.Object, java.lang.Object, java.lang.Object)'> (0x000000008bb43870) thrown at [./src/hotspot/share/interpreter/linkResolver.cpp, line 773]
Event: 0.665 Thread 0x000001f038059800 Exception <a 'java/lang/NoSuchMethodError'{0x000000008bb57cd0}: 'java.lang.Object java.lang.invoke.Invokers$Holder.invoker(java.lang.Object, java.lang.Object, java.lang.Object)'> (0x000000008bb57cd0) thrown at [./src/hotspot/share/interpreter/linkResolver.cpp, line 773]
Event: 0.667 Thread 0x000001f038059800 Exception <a 'java/lang/NoSuchMethodError'{0x000000008bb68d48}: 'void java.lang.invoke.DelegatingMethodHandle$Holder.delegate(java.lang.Object, java.lang.Object, int, java.lang.Object)'> (0x000000008bb68d48) thrown at [./src/hotspot/share/interpreter/linkResolver.cpp, line 773]
Event: 1.637 Thread 0x000001f038059800 Exception <a 'java/security/PrivilegedActionException'{0x000000008bed8eb0}> (0x000000008bed8eb0) thrown at [./src/hotspot/share/prims/jvm.cpp, line 1306]
Event: 1.637 Thread 0x000001f038059800 Exception <a 'java/security/PrivilegedActionException'{0x000000008bed9428}> (0x000000008bed9428) thrown at [./src/hotspot/share/prims/jvm.cpp, line 1306]
Event: 2.250 Thread 0x000001f038059800 Exception <a 'java/lang/NoSuchMethodError'{0x000000008ac3cc60}: 'java.lang.Object java.lang.invoke.DirectMethodHandle$Holder.invokeStaticInit(java.lang.Object, java.lang.Object, java.lang.Object)'> (0x000000008ac3cc60) thrown at [./src/hotspot/share/interpreter/linkResolver.cpp, line 773]
Event: 2.550 Thread 0x000001f038059800 Exception <a 'java/lang/NoSuchMethodError'{0x000000008a6a3fe0}: 'java.lang.Object java.lang.invoke.DirectMethodHandle$Holder.invokeStaticInit(java.lang.Object, int, int, int, int)'> (0x000000008a6a3fe0) thrown at [./src/hotspot/share/interpreter/linkResolver.cpp, line 773]
Event: 2.608 Thread 0x000001f038059800 Exception <a 'java/lang/NoSuchMethodError'{0x000000008a6e2248}: 'java.lang.Object java.lang.invoke.DirectMethodHandle$Holder.invokeStaticInit(java.lang.Object, java.lang.Object, int, int, int, int)'> (0x000000008a6e2248) thrown at [./src/hotspot/share/interpreter/linkResolver.cpp, line 773]
Event: 2.732 Thread 0x000001f038059800 Exception <a 'java/io/IOException'{0x000000008a311c18}> (0x000000008a311c18) thrown at [./src/hotspot/share/prims/jni.cpp, line 615]
Event: 2.937 Thread 0x000001f055eec800 Exception <a 'java/lang/NoSuchMethodError'{0x00000000898ec3b8}: 'long java.lang.invoke.DirectMethodHandle$Holder.invokeInterface(java.lang.Object, java.lang.Object)'> (0x00000000898ec3b8) thrown at [./src/hotspot/share/interpreter/linkResolver.cpp, line 773]
Event: 2.938 Thread 0x000001f055eec800 Exception <a 'java/lang/NoSuchMethodError'{0x00000000898f9458}: 'void java.lang.invoke.DelegatingMethodHandle$Holder.reinvoke_L(java.lang.Object, java.lang.Object, java.lang.Object, java.lang.Object, java.lang.Object, java.lang.Object, java.lang.Object)'> (0x00000000898f9458) thrown at [./src/hotspot/share/interpreter/linkResolver.cpp, line 773]
Event: 4.546 Thread 0x000001f055eec800 Exception <a 'java/lang/NoSuchMethodError'{0x000000008b360230}: 'void java.lang.invoke.DirectMethodHandle$Holder.invokeStaticInit(java.lang.Object)'> (0x000000008b360230) thrown at [./src/hotspot/share/interpreter/linkResolver.cpp, line 773]
Event: 4.561 Thread 0x000001f055eec800 Exception <a 'java/lang/NoSuchMethodError'{0x000000008b20d540}: 'java.lang.Object java.lang.invoke.DirectMethodHandle$Holder.invokeStatic(java.lang.Object, java.lang.Object, java.lang.Object, int)'> (0x000000008b20d540) thrown at [./src/hotspot/share/interpreter/linkResolver.cpp, line 773]
Event: 4.561 Thread 0x000001f055eec800 Exception <a 'java/lang/NoSuchMethodError'{0x000000008b211c58}: 'java.lang.Object java.lang.invoke.DirectMethodHandle$Holder.invokeSpecial(java.lang.Object, java.lang.Object, java.lang.Object, java.lang.Object, int)'> (0x000000008b211c58) thrown at [./src/hotspot/share/interpreter/linkResolver.cpp, line 773]
Event: 4.562 Thread 0x000001f055eec800 Exception <a 'java/lang/NoSuchMethodError'{0x000000008b215b90}: 'java.lang.Object java.lang.invoke.Invokers$Holder.linkToTargetMethod(java.lang.Object, java.lang.Object, int, java.lang.Object)'> (0x000000008b215b90) thrown at [./src/hotspot/share/interpreter/linkResolver.cpp, line 773]
Event: 4.939 Thread 0x000001f055eec800 Exception <a 'java/lang/NoSuchMethodError'{0x000000008bef0200}: 'int java.lang.invoke.DirectMethodHandle$Holder.invokeSpecialIFC(java.lang.Object, java.lang.Object, java.lang.Object, java.lang.Object)'> (0x000000008bef0200) thrown at [./src/hotspot/share/interpreter/linkResolver.cpp, line 773]
Event: 4.940 Thread 0x000001f055eec800 Exception <a 'java/lang/NoSuchMethodError'{0x000000008befe3f8}: 'java.lang.Object java.lang.invoke.DirectMethodHandle$Holder.invokeInterface(java.lang.Object, java.lang.Object, java.lang.Object)'> (0x000000008befe3f8) thrown at [./src/hotspot/share/interpreter/linkResolver.cpp, line 773]
Event: 4.940 Thread 0x000001f055eec800 Exception <a 'java/lang/IncompatibleClassChangeError'{0x000000008bd01d70}: Found class java.lang.Object, but interface was expected> (0x000000008bd01d70) thrown at [./src/hotspot/share/interpreter/linkResolver.cpp, line 839]
Event: 5.627 Thread 0x000001f055eec800 Exception <a 'java/lang/NoSuchMethodError'{0x000000008b2d6830}: 'java.lang.Object java.lang.invoke.DirectMethodHandle$Holder.invokeSpecial(java.lang.Object, java.lang.Object, java.lang.Object, java.lang.Object, java.lang.Object, java.lang.Object, java.lang.Object, java.lang.Object, java.lang.Object)'> (0x000000008b2d6830) thrown at [./src/hotspot/share/interpreter/linkResolver.cpp, line 773]

Events (20 events):
Event: 5.941 loading class org/gradle/plugin/management/internal/PluginResolutionStrategyInternal
Event: 5.941 loading class org/gradle/plugin/management/internal/PluginResolutionStrategyInternal done
Event: 5.941 loading class org/gradle/plugin/management/PluginResolutionStrategy
Event: 5.941 loading class org/gradle/plugin/management/PluginResolutionStrategy done
Event: 5.942 loading class org/gradle/plugin/use/resolve/internal/PluginResolverContributor
Event: 5.942 loading class org/gradle/plugin/use/resolve/internal/PluginResolverContributor done
Event: 5.942 loading class org/gradle/platform/base/internal/registry/ComponentModelBaseServiceRegistry$BuildScopeServices
Event: 5.942 loading class org/gradle/platform/base/internal/registry/ComponentModelBaseServiceRegistry$BuildScopeServices done
Event: 5.942 loading class org/gradle/api/internal/resolve/ProjectModelResolver
Event: 5.942 loading class org/gradle/api/internal/resolve/ProjectModelResolver done
Event: 5.946 loading class org/gradle/api/publish/ivy/internal/IvyServices$BuildServices
Event: 5.946 loading class org/gradle/api/publish/ivy/internal/IvyServices$BuildServices done
Event: 5.946 loading class org/gradle/api/publish/ivy/internal/publisher/IvyPublisher
Event: 5.946 loading class org/gradle/api/publish/ivy/internal/publisher/IvyPublisher done
Event: 5.950 loading class org/gradle/api/internal/component/DefaultComponentTypeRegistry
Event: 5.950 loading class org/gradle/api/internal/component/DefaultComponentTypeRegistry done
Event: 5.951 loading class org/gradle/api/internal/component/ComponentTypeRegistration
Event: 5.951 loading class org/gradle/api/internal/component/ComponentTypeRegistration done
Event: 5.951 loading class org/gradle/ivy/IvyModule
Event: 5.951 loading class org/gradle/ivy/IvyModule done


Dynamic libraries:
0x00007ff706b80000 - 0x00007ff706b8a000 	D:\Android Studio\jre\bin\java.exe
0x00007ff851670000 - 0x00007ff851868000 	C:\Windows\SYSTEM32\ntdll.dll
0x00007ff850f90000 - 0x00007ff85104f000 	C:\Windows\System32\KERNEL32.DLL
0x00007ff84f330000 - 0x00007ff84f60a000 	C:\Windows\System32\KERNELBASE.dll
0x00007ff84eea0000 - 0x00007ff84efa0000 	C:\Windows\System32\ucrtbase.dll
0x00007ff82a440000 - 0x00007ff82a457000 	D:\Android Studio\jre\bin\VCRUNTIME140.dll
0x00007ff825640000 - 0x00007ff825659000 	D:\Android Studio\jre\bin\jli.dll
0x00007ff8510b0000 - 0x00007ff85124d000 	C:\Windows\System32\USER32.dll
0x00007ff84efa0000 - 0x00007ff84efc2000 	C:\Windows\System32\win32u.dll
0x00007ff84f880000 - 0x00007ff84f8ab000 	C:\Windows\System32\GDI32.dll
0x00007ff84efd0000 - 0x00007ff84f0e0000 	C:\Windows\System32\gdi32full.dll
0x00007ff84f290000 - 0x00007ff84f32d000 	C:\Windows\System32\msvcp_win.dll
0x00007ff844550000 - 0x00007ff8447ea000 	C:\Windows\WinSxS\amd64_microsoft.windows.common-controls_6595b64144ccf1df_6.0.19041.1110_none_60b5254171f9507e\COMCTL32.dll
0x00007ff8513b0000 - 0x00007ff85144e000 	C:\Windows\System32\msvcrt.dll
0x00007ff84f8b0000 - 0x00007ff84f8e0000 	C:\Windows\System32\IMM32.DLL
0x00007ff806e00000 - 0x00007ff806e9d000 	D:\Android Studio\jre\bin\msvcp140.dll
0x00007fffd3b70000 - 0x00007fffd4655000 	D:\Android Studio\jre\bin\server\jvm.dll
0x00007ff850030000 - 0x00007ff8500de000 	C:\Windows\System32\ADVAPI32.dll
0x00007ff850440000 - 0x00007ff8504dc000 	C:\Windows\System32\sechost.dll
0x00007ff850870000 - 0x00007ff850996000 	C:\Windows\System32\RPCRT4.dll
0x00007ff850a10000 - 0x00007ff850a18000 	C:\Windows\System32\PSAPI.DLL
0x00007ff846300000 - 0x00007ff846309000 	C:\Windows\SYSTEM32\WSOCK32.dll
0x00007ff83efa0000 - 0x00007ff83efc7000 	C:\Windows\SYSTEM32\WINMM.dll
0x00007ff849bd0000 - 0x00007ff849bda000 	C:\Windows\SYSTEM32\VERSION.dll
0x00007ff8509a0000 - 0x00007ff850a0b000 	C:\Windows\System32\WS2_32.dll
0x00007ff84cc60000 - 0x00007ff84cc72000 	C:\Windows\SYSTEM32\kernel.appcore.dll
0x00007ff83ac80000 - 0x00007ff83ac91000 	D:\Android Studio\jre\bin\verify.dll
0x00007ff838b60000 - 0x00007ff838d44000 	C:\Windows\SYSTEM32\DBGHELP.DLL
0x00007ff838b20000 - 0x00007ff838b54000 	C:\Windows\SYSTEM32\dbgcore.DLL
0x00007ff84f610000 - 0x00007ff84f692000 	C:\Windows\System32\bcryptPrimitives.dll
0x00007ff833490000 - 0x00007ff8334b9000 	D:\Android Studio\jre\bin\java.dll
0x00007ff8457f0000 - 0x00007ff8457fb000 	D:\Android Studio\jre\bin\jimage.dll
0x00007ff834d50000 - 0x00007ff834d68000 	D:\Android Studio\jre\bin\zip.dll
0x00007ff84f8e0000 - 0x00007ff850024000 	C:\Windows\System32\SHELL32.dll
0x00007ff84ce60000 - 0x00007ff84d5f3000 	C:\Windows\SYSTEM32\windows.storage.dll
0x00007ff8500e0000 - 0x00007ff850434000 	C:\Windows\System32\combase.dll
0x00007ff84e770000 - 0x00007ff84e79e000 	C:\Windows\SYSTEM32\Wldp.dll
0x00007ff851580000 - 0x00007ff85162d000 	C:\Windows\System32\SHCORE.dll
0x00007ff850600000 - 0x00007ff850655000 	C:\Windows\System32\shlwapi.dll
0x00007ff84ecc0000 - 0x00007ff84ecdf000 	C:\Windows\SYSTEM32\profapi.dll
0x00007ff833a60000 - 0x00007ff833a7a000 	D:\Android Studio\jre\bin\net.dll
0x00007ff848570000 - 0x00007ff84867a000 	C:\Windows\SYSTEM32\WINHTTP.dll
0x00007ff84e460000 - 0x00007ff84e4ca000 	C:\Windows\system32\mswsock.dll
0x00007ff833470000 - 0x00007ff833484000 	D:\Android Studio\jre\bin\nio.dll
0x00007ff82b440000 - 0x00007ff82b467000 	C:\Users\posox\.gradle\native\e1d6ef7f7dcc3fd88c89a11ec53ec762bb8ba0a96d01ffa2cd45eb1d1d8dd5c5\windows-amd64\native-platform.dll
0x00007ff813ae0000 - 0x00007ff813c24000 	C:\Users\posox\.gradle\native\5664cfc778a61ccfe75a443a1ab52a65af34e5dc3c78e0209fed803814484fcb\windows-amd64\native-platform-file-events.dll
0x00007ff83cff0000 - 0x00007ff83cffa000 	D:\Android Studio\jre\bin\management.dll
0x00007ff83aec0000 - 0x00007ff83aecd000 	D:\Android Studio\jre\bin\management_ext.dll
0x00007ff84e650000 - 0x00007ff84e668000 	C:\Windows\SYSTEM32\CRYPTSP.dll
0x00007ff84dd80000 - 0x00007ff84ddb4000 	C:\Windows\system32\rsaenh.dll
0x00007ff84f6a0000 - 0x00007ff84f6c7000 	C:\Windows\System32\bcrypt.dll
0x00007ff84ec80000 - 0x00007ff84ecae000 	C:\Windows\SYSTEM32\USERENV.dll
0x00007ff84e670000 - 0x00007ff84e67c000 	C:\Windows\SYSTEM32\CRYPTBASE.dll
0x00007ff84e150000 - 0x00007ff84e18c000 	C:\Windows\SYSTEM32\IPHLPAPI.DLL
0x00007ff850a20000 - 0x00007ff850a28000 	C:\Windows\System32\NSI.dll
0x00007ff848720000 - 0x00007ff848737000 	C:\Windows\SYSTEM32\dhcpcsvc6.DLL
0x00007ff848dd0000 - 0x00007ff848ded000 	C:\Windows\SYSTEM32\dhcpcsvc.DLL
0x00007ff84e190000 - 0x00007ff84e25b000 	C:\Windows\SYSTEM32\DNSAPI.dll

dbghelp: loaded successfully - version: 4.0.5 - missing functions: none
symbol engine: initialized successfully - sym options: 0x614 - pdb path: .;D:\Android Studio\jre\bin;C:\Windows\SYSTEM32;C:\Windows\WinSxS\amd64_microsoft.windows.common-controls_6595b64144ccf1df_6.0.19041.1110_none_60b5254171f9507e;D:\Android Studio\jre\bin\server;C:\Users\posox\.gradle\native\e1d6ef7f7dcc3fd88c89a11ec53ec762bb8ba0a96d01ffa2cd45eb1d1d8dd5c5\windows-amd64;C:\Users\posox\.gradle\native\5664cfc778a61ccfe75a443a1ab52a65af34e5dc3c78e0209fed803814484fcb\windows-amd64

VM Arguments:
jvm_args: --add-opens=java.base/java.util=ALL-UNNAMED --add-opens=java.base/java.lang=ALL-UNNAMED --add-opens=java.base/java.lang.invoke=ALL-UNNAMED --add-opens=java.base/java.util=ALL-UNNAMED --add-opens=java.prefs/java.util.prefs=ALL-UNNAMED --add-opens=java.prefs/java.util.prefs=ALL-UNNAMED --add-opens=java.base/java.nio.charset=ALL-UNNAMED --add-opens=java.base/java.net=ALL-UNNAMED --add-opens=java.base/java.util.concurrent.atomic=ALL-UNNAMED -Xmx2048m -Dfile.encoding=UTF-8 -Duser.country=US -Duser.language=en -Duser.variant 
java_command: org.gradle.launcher.daemon.bootstrap.GradleDaemon 7.3.3
java_class_path (initial): C:\Users\posox\.gradle\wrapper\dists\gradle-7.3.3-bin\6a41zxkdtcxs8rphpq6y0069z\gradle-7.3.3\lib\gradle-launcher-7.3.3.jar
Launcher Type: SUN_STANDARD

[Global flags]
     intx CICompilerCount                          = 3                                         {product} {ergonomic}
     uint ConcGCThreads                            = 1                                         {product} {ergonomic}
     uint G1ConcRefinementThreads                  = 4                                         {product} {ergonomic}
   size_t G1HeapRegionSize                         = 1048576                                   {product} {ergonomic}
    uintx GCDrainStackTargetSize                   = 64                                        {product} {ergonomic}
   size_t InitialHeapSize                          = 201326592                                 {product} {ergonomic}
   size_t MarkStackSize                            = 4194304                                   {product} {ergonomic}
   size_t MaxHeapSize                              = 2147483648                                {product} {command line}
   size_t MaxNewSize                               = 1287651328                                {product} {ergonomic}
   size_t MinHeapDeltaBytes                        = 1048576                                   {product} {ergonomic}
    uintx NonNMethodCodeHeapSize                   = 5830732                                {pd product} {ergonomic}
    uintx NonProfiledCodeHeapSize                  = 122913754                              {pd product} {ergonomic}
    uintx ProfiledCodeHeapSize                     = 122913754                              {pd product} {ergonomic}
    uintx ReservedCodeCacheSize                    = 251658240                              {pd product} {ergonomic}
     bool SegmentedCodeCache                       = true                                      {product} {ergonomic}
     bool UseCompressedClassPointers               = true                                 {lp64_product} {ergonomic}
     bool UseCompressedOops                        = true                                 {lp64_product} {ergonomic}
     bool UseG1GC                                  = true                                      {product} {ergonomic}
     bool UseLargePagesIndividualAllocation        = false                                  {pd product} {ergonomic}

Logging:
Log output configuration:
 #0: stdout all=warning uptime,level,tags
 #1: stderr all=off uptime,level,tags

Environment Variables:
JAVA_HOME=C:\Program Files\Java\jdk-18.0.2.1
PATH=C:\Program Files\Common Files\Oracle\Java\javapath;C:\Windows\system32;C:\Windows;C:\Windows\System32\Wbem;C:\Windows\System32\WindowsPowerShell\v1.0\;C:\Windows\System32\OpenSSH\;C:\Program Files\Git\cmd;C:\Program Files\Java\jdk-18.0.2.1\bin;;C:\Program Files (x86)\NVIDIA Corporation\PhysX\Common;C:\Users\posox\AppData\Local\Microsoft\WindowsApps;
USERNAME=posox
OS=Windows_NT
PROCESSOR_IDENTIFIER=Intel64 Family 6 Model 60 Stepping 3, GenuineIntel



---------------  S Y S T E M  ---------------

OS: Windows 10 , 64 bit Build 19041 (10.0.19041.2788)
OS uptime: 1 days 5:05 hours

CPU:total 4 (initial active 4) (4 cores per cpu, 1 threads per core) family 6 model 60 stepping 3 microcode 0x27, cmov, cx8, fxsr, mmx, sse, sse2, sse3, ssse3, sse4.1, sse4.2, popcnt, avx, avx2, aes, clmul, erms, lzcnt, tsc, tscinvbit, bmi1, bmi2, fma

Memory: 4k page, system-wide physical 12175M (3020M free)
TotalPageFile size 14223M (AvailPageFile size 1M)
current process WorkingSet (physical memory assigned to process): 184M, peak: 184M
current process commit charge ("private bytes"): 329M, peak: 334M

vm_info: OpenJDK 64-Bit Server VM (11.0.12+7-b1504.28-7817840) for windows-amd64 JRE (11.0.12+7-b1504.28-7817840), built on Oct 13 2021 22:12:33 by "builder" with MS VC++ 14.0 (VS2015)

END.
