#
# There is insufficient memory for the Java Runtime Environment to continue.
# Native memory allocation (mmap) failed to map 144703488 bytes for Failed to commit area from 0x0000000092b00000 to 0x000000009b500000 of length 144703488.
# Possible reasons:
#   The system is out of physical RAM or swap space
#   The process is running with CompressedOops enabled, and the Java Heap may be blocking the growth of the native heap
# Possible solutions:
#   Reduce memory load on the system
#   Increase physical memory or swap space
#   Check if swap backing store is full
#   Decrease Java heap size (-Xmx/-Xms)
#   Decrease number of Java threads
#   Decrease Java thread stack sizes (-Xss)
#   Set larger code cache with -XX:ReservedCodeCacheSize=
#   JVM is running with Unscaled Compressed Oops mode in which the Java heap is
#     placed in the first 4GB address space. The Java Heap base address is the
#     maximum limit for the native heap growth. Please use -XX:HeapBaseMinAddress
#     to set the Java Heap base and to place the Java Heap above 4GB virtual address.
# This output file may be truncated or incomplete.
#
#  Out of Memory Error (./src/hotspot/os/windows/os_windows.cpp:3521), pid=9032, tid=9144
#
# JRE version: OpenJDK Runtime Environment (11.0.12+7) (build 11.0.12+7-b1504.28-7817840)
# Java VM: OpenJDK 64-Bit Server VM (11.0.12+7-b1504.28-7817840, mixed mode, tiered, compressed oops, g1 gc, windows-amd64)
# No core dump will be written. Minidumps are not enabled by default on client versions of Windows
#

---------------  S U M M A R Y ------------

Command Line: --add-opens=java.base/java.util=ALL-UNNAMED --add-opens=java.base/java.lang=ALL-UNNAMED --add-opens=java.base/java.lang.invoke=ALL-UNNAMED --add-opens=java.base/java.util=ALL-UNNAMED --add-opens=java.prefs/java.util.prefs=ALL-UNNAMED --add-opens=java.prefs/java.util.prefs=ALL-UNNAMED --add-opens=java.base/java.nio.charset=ALL-UNNAMED --add-opens=java.base/java.net=ALL-UNNAMED --add-opens=java.base/java.util.concurrent.atomic=ALL-UNNAMED -Xmx2048m -Dfile.encoding=UTF-8 -Duser.country=US -Duser.language=en -Duser.variant org.gradle.launcher.daemon.bootstrap.GradleDaemon 7.3.3

Host: Intel(R) Core(TM) i5-4590 CPU @ 3.30GHz, 4 cores, 11G,  Windows 10 , 64 bit Build 19041 (10.0.19041.2788)
Time: Wed Apr 19 17:51:41 2023 Caucasus Standard Time elapsed time: 44.350945 seconds (0d 0h 0m 44s)

---------------  T H R E A D  ---------------

Current thread (0x00000227a1953800):  VMThread "VM Thread" [stack: 0x000000df10700000,0x000000df10800000] [id=9144]

Stack: [0x000000df10700000,0x000000df10800000]
[error occurred during error reporting (printing stack bounds), id 0xc0000005, EXCEPTION_ACCESS_VIOLATION (0xc0000005) at pc=0x000002278a8f112d]

Native frames: (J=compiled Java code, j=interpreted, Vv=VM code, C=native code)
V  [jvm.dll+0x5fbcea]
V  [jvm.dll+0x731905]
V  [jvm.dll+0x732f1d]
V  [jvm.dll+0x733535]
V  [jvm.dll+0x7334eb]
V  [jvm.dll+0x5fb080]
V  [jvm.dll+0x5fb818]
C  [ntdll.dll+0xa23df]
C  [ntdll.dll+0x514a4]
C  [ntdll.dll+0xa0f0e]
C  0x000002278a8f112d

VM_Operation (0x000000df16dfe240): G1CollectForAllocation, mode: safepoint, requested by thread 0x00000227a9153000


---------------  P R O C E S S  ---------------

Threads class SMR info:
_java_thread_list=0x00000227a2acc6b0, length=98, elements={
0x0000022786dd9800, 0x00000227a112f000, 0x00000227a113c800, 0x00000227a19a1800,
0x00000227a19a2800, 0x00000227a19a6000, 0x00000227a19a9000, 0x00000227a19af800,
0x00000227a19b3000, 0x00000227a1b07800, 0x00000227a47ba000, 0x00000227a3e3f000,
0x00000227a35cd000, 0x00000227a42d2000, 0x00000227a391e800, 0x00000227a22f4000,
0x00000227a45d2800, 0x00000227a349f000, 0x00000227a27b2800, 0x00000227a402e000,
0x00000227a402f000, 0x00000227a402f800, 0x00000227a4031000, 0x00000227a4030800,
0x00000227a4032000, 0x00000227a402c800, 0x00000227a4033000, 0x00000227a402d000,
0x00000227a56a5800, 0x00000227a56a6800, 0x00000227a56a8000, 0x00000227a56a3000,
0x00000227a56ad000, 0x00000227a56ae000, 0x00000227a56ae800, 0x00000227a56ab800,
0x00000227a56af800, 0x00000227a56aa800, 0x00000227a56b0800, 0x00000227a56b1000,
0x00000227a56b2000, 0x00000227a56ac000, 0x00000227a4eb3800, 0x00000227a4eb6000,
0x00000227a4eb4800, 0x00000227a4eb7000, 0x00000227a4eb5000, 0x00000227a4eb2000,
0x00000227a4eb7800, 0x00000227a4eb8800, 0x00000227a4eb2800, 0x00000227a4eba000,
0x00000227a4ebf000, 0x00000227a4ebd800, 0x00000227a4ebe000, 0x00000227a4eb9000,
0x00000227a4ebf800, 0x00000227a4ebb000, 0x00000227a4ec0800, 0x00000227a4ebb800,
0x00000227a4ebc800, 0x00000227a2b84000, 0x00000227a2b84800, 0x00000227a2b81800,
0x00000227a2b7f800, 0x00000227a2b7f000, 0x00000227a2b82000, 0x00000227a2b83000,
0x00000227a2b85800, 0x00000227a2b86000, 0x00000227a2b80800, 0x00000227a2b8d000,
0x00000227a2b8a800, 0x00000227a2b88000, 0x00000227a2b87000, 0x00000227a2b8b000,
0x00000227a2b8d800, 0x00000227a2b8c000, 0x00000227a46e4000, 0x00000227a46e1000,
0x00000227a46e5000, 0x00000227a46e0000, 0x00000227a46df800, 0x00000227a46e2000,
0x00000227a46e6800, 0x00000227a46e3800, 0x00000227a46e7800, 0x00000227a46e8800,
0x00000227a46e2800, 0x00000227a46ed000, 0x00000227aebf9800, 0x00000227a46ec800,
0x00000227a46ee000, 0x00000227a46ea000, 0x00000227a9153000, 0x00000227a9154000,
0x00000227a9154800, 0x00000227a9155800
}

Java Threads: ( => current thread )
  0x0000022786dd9800 JavaThread "main" [_thread_blocked, id=6108, stack(0x000000df10100000,0x000000df10200000)]
  0x00000227a112f000 JavaThread "Reference Handler" daemon [_thread_blocked, id=7844, stack(0x000000df10800000,0x000000df10900000)]
  0x00000227a113c800 JavaThread "Finalizer" daemon [_thread_blocked, id=6344, stack(0x000000df10900000,0x000000df10a00000)]
  0x00000227a19a1800 JavaThread "Signal Dispatcher" daemon [_thread_blocked, id=8848, stack(0x000000df10a00000,0x000000df10b00000)]
  0x00000227a19a2800 JavaThread "Attach Listener" daemon [_thread_blocked, id=2160, stack(0x000000df10b00000,0x000000df10c00000)]
  0x00000227a19a6000 JavaThread "Service Thread" daemon [_thread_blocked, id=9228, stack(0x000000df10c00000,0x000000df10d00000)]
  0x00000227a19a9000 JavaThread "C2 CompilerThread0" daemon [_thread_in_native, id=11628, stack(0x000000df10d00000,0x000000df10e00000)]
  0x00000227a19af800 JavaThread "C1 CompilerThread0" daemon [_thread_blocked, id=11856, stack(0x000000df10e00000,0x000000df10f00000)]
  0x00000227a19b3000 JavaThread "Sweeper thread" daemon [_thread_blocked, id=9072, stack(0x000000df10f00000,0x000000df11000000)]
  0x00000227a1b07800 JavaThread "Common-Cleaner" daemon [_thread_blocked, id=12236, stack(0x000000df11000000,0x000000df11100000)]
  0x00000227a47ba000 JavaThread "Daemon health stats" [_thread_blocked, id=2404, stack(0x000000df11600000,0x000000df11700000)]
  0x00000227a3e3f000 JavaThread "Incoming local TCP Connector on port 52159" [_thread_in_native, id=1224, stack(0x000000df11700000,0x000000df11800000)]
  0x00000227a35cd000 JavaThread "Daemon periodic checks" [_thread_blocked, id=3248, stack(0x000000df11800000,0x000000df11900000)]
  0x00000227a42d2000 JavaThread "Daemon" [_thread_blocked, id=10604, stack(0x000000df11900000,0x000000df11a00000)]
  0x00000227a391e800 JavaThread "Handler for socket connection from /127.0.0.1:52159 to /127.0.0.1:52160" [_thread_in_native, id=11352, stack(0x000000df11a00000,0x000000df11b00000)]
  0x00000227a22f4000 JavaThread "Cancel handler" [_thread_blocked, id=7780, stack(0x000000df11b00000,0x000000df11c00000)]
  0x00000227a45d2800 JavaThread "Daemon worker" [_thread_blocked, id=6120, stack(0x000000df11c00000,0x000000df11d00000)]
  0x00000227a349f000 JavaThread "Asynchronous log dispatcher for DefaultDaemonConnection: socket connection from /127.0.0.1:52159 to /127.0.0.1:52160" [_thread_blocked, id=744, stack(0x000000df11d00000,0x000000df11e00000)]
  0x00000227a27b2800 JavaThread "Stdin handler" [_thread_blocked, id=3440, stack(0x000000df11e00000,0x000000df11f00000)]
  0x00000227a402e000 JavaThread "Daemon client event forwarder" [_thread_blocked, id=10816, stack(0x000000df11f00000,0x000000df12000000)]
  0x00000227a402f000 JavaThread "Cache worker for journal cache (C:\Users\posox\.gradle\caches\journal-1)" [_thread_blocked, id=8756, stack(0x000000df12000000,0x000000df12100000)]
  0x00000227a402f800 JavaThread "File lock request listener" [_thread_in_native, id=10608, stack(0x000000df12100000,0x000000df12200000)]
  0x00000227a4031000 JavaThread "Cache worker for file hash cache (C:\Users\posox\.gradle\caches\7.3.3\fileHashes)" [_thread_blocked, id=8216, stack(0x000000df12200000,0x000000df12300000)]
  0x00000227a4030800 JavaThread "Cache worker for file hash cache (C:\Users\posox\AndroidStudioProjects\ChatWithSupport\.gradle\7.3.3\fileHashes)" [_thread_blocked, id=1764, stack(0x000000df12300000,0x000000df12400000)]
  0x00000227a4032000 JavaThread "File watcher server" daemon [_thread_in_native, id=8252, stack(0x000000df12400000,0x000000df12500000)]
  0x00000227a402c800 JavaThread "File watcher consumer" daemon [_thread_blocked, id=8100, stack(0x000000df12500000,0x000000df12600000)]
  0x00000227a4033000 JavaThread "Cache worker for checksums cache (C:\Users\posox\AndroidStudioProjects\ChatWithSupport\.gradle\7.3.3\checksums)" [_thread_blocked, id=12184, stack(0x000000df12600000,0x000000df12700000)]
  0x00000227a402d000 JavaThread "Cache worker for cache directory md-supplier (C:\Users\posox\.gradle\caches\7.3.3\md-supplier)" [_thread_blocked, id=6824, stack(0x000000df12700000,0x000000df12800000)]
  0x00000227a56a5800 JavaThread "Cache worker for cache directory md-rule (C:\Users\posox\.gradle\caches\7.3.3\md-rule)" [_thread_blocked, id=3128, stack(0x000000df12800000,0x000000df12900000)]
  0x00000227a56a6800 JavaThread "Cache worker for execution history cache (C:\Users\posox\.gradle\caches\7.3.3\executionHistory)" [_thread_blocked, id=8356, stack(0x000000df12900000,0x000000df12a00000)]
  0x00000227a56a8000 JavaThread "jar transforms" [_thread_blocked, id=9892, stack(0x000000df12a00000,0x000000df12b00000)]
  0x00000227a56a3000 JavaThread "Cache worker for file content cache (C:\Users\posox\.gradle\caches\7.3.3\fileContent)" [_thread_blocked, id=9452, stack(0x000000df12b00000,0x000000df12c00000)]
  0x00000227a56ad000 JavaThread "jar transforms Thread 2" [_thread_blocked, id=9864, stack(0x000000df12c00000,0x000000df12d00000)]
  0x00000227a56ae000 JavaThread "Cache worker for dependencies-accessors (C:\Users\posox\AndroidStudioProjects\ChatWithSupport\.gradle\7.3.3\dependencies-accessors)" [_thread_blocked, id=1496, stack(0x000000df12d00000,0x000000df12e00000)]
  0x00000227a56ae800 JavaThread "jar transforms Thread 3" [_thread_blocked, id=11388, stack(0x000000df12e00000,0x000000df12f00000)]
  0x00000227a56ab800 JavaThread "Cache worker for Build Output Cleanup Cache (C:\Users\posox\AndroidStudioProjects\ChatWithSupport\.gradle\buildOutputCleanup)" [_thread_blocked, id=6228, stack(0x000000df11200000,0x000000df11300000)]
  0x00000227a56af800 JavaThread "Unconstrained build operations" [_thread_blocked, id=11544, stack(0x000000df13000000,0x000000df13100000)]
  0x00000227a56aa800 JavaThread "Unconstrained build operations Thread 2" [_thread_blocked, id=10308, stack(0x000000df13100000,0x000000df13200000)]
  0x00000227a56b0800 JavaThread "Unconstrained build operations Thread 3" [_thread_blocked, id=6320, stack(0x000000df13200000,0x000000df13300000)]
  0x00000227a56b1000 JavaThread "Unconstrained build operations Thread 4" [_thread_blocked, id=1464, stack(0x000000df13300000,0x000000df13400000)]
  0x00000227a56b2000 JavaThread "Unconstrained build operations Thread 5" [_thread_blocked, id=12280, stack(0x000000df13400000,0x000000df13500000)]
  0x00000227a56ac000 JavaThread "Unconstrained build operations Thread 6" [_thread_blocked, id=3056, stack(0x000000df13500000,0x000000df13600000)]
  0x00000227a4eb3800 JavaThread "Unconstrained build operations Thread 7" [_thread_blocked, id=1692, stack(0x000000df13600000,0x000000df13700000)]
  0x00000227a4eb6000 JavaThread "Unconstrained build operations Thread 8" [_thread_blocked, id=8200, stack(0x000000df13700000,0x000000df13800000)]
  0x00000227a4eb4800 JavaThread "Unconstrained build operations Thread 9" [_thread_blocked, id=8048, stack(0x000000df13800000,0x000000df13900000)]
  0x00000227a4eb7000 JavaThread "Unconstrained build operations Thread 10" [_thread_blocked, id=3940, stack(0x000000df13900000,0x000000df13a00000)]
  0x00000227a4eb5000 JavaThread "Unconstrained build operations Thread 11" [_thread_blocked, id=1828, stack(0x000000df13a00000,0x000000df13b00000)]
  0x00000227a4eb2000 JavaThread "Unconstrained build operations Thread 12" [_thread_blocked, id=5280, stack(0x000000df13b00000,0x000000df13c00000)]
  0x00000227a4eb7800 JavaThread "Unconstrained build operations Thread 13" [_thread_blocked, id=11376, stack(0x000000df13c00000,0x000000df13d00000)]
  0x00000227a4eb8800 JavaThread "Unconstrained build operations Thread 14" [_thread_blocked, id=11592, stack(0x000000df13d00000,0x000000df13e00000)]
  0x00000227a4eb2800 JavaThread "Unconstrained build operations Thread 15" [_thread_blocked, id=9360, stack(0x000000df13e00000,0x000000df13f00000)]
  0x00000227a4eba000 JavaThread "Unconstrained build operations Thread 16" [_thread_blocked, id=2000, stack(0x000000df13f00000,0x000000df14000000)]
  0x00000227a4ebf000 JavaThread "Unconstrained build operations Thread 17" [_thread_blocked, id=7672, stack(0x000000df14000000,0x000000df14100000)]
  0x00000227a4ebd800 JavaThread "Unconstrained build operations Thread 18" [_thread_blocked, id=7656, stack(0x000000df14100000,0x000000df14200000)]
  0x00000227a4ebe000 JavaThread "Unconstrained build operations Thread 19" [_thread_blocked, id=7536, stack(0x000000df14200000,0x000000df14300000)]
  0x00000227a4eb9000 JavaThread "Unconstrained build operations Thread 20" [_thread_blocked, id=1324, stack(0x000000df14300000,0x000000df14400000)]
  0x00000227a4ebf800 JavaThread "Unconstrained build operations Thread 21" [_thread_blocked, id=12276, stack(0x000000df14400000,0x000000df14500000)]
  0x00000227a4ebb000 JavaThread "Unconstrained build operations Thread 22" [_thread_blocked, id=6328, stack(0x000000df14500000,0x000000df14600000)]
  0x00000227a4ec0800 JavaThread "Unconstrained build operations Thread 23" [_thread_blocked, id=8960, stack(0x000000df14600000,0x000000df14700000)]
  0x00000227a4ebb800 JavaThread "Unconstrained build operations Thread 24" [_thread_blocked, id=1436, stack(0x000000df14700000,0x000000df14800000)]
  0x00000227a4ebc800 JavaThread "Unconstrained build operations Thread 25" [_thread_blocked, id=7932, stack(0x000000df14800000,0x000000df14900000)]
  0x00000227a2b84000 JavaThread "Unconstrained build operations Thread 26" [_thread_blocked, id=7132, stack(0x000000df14900000,0x000000df14a00000)]
  0x00000227a2b84800 JavaThread "Unconstrained build operations Thread 27" [_thread_blocked, id=11136, stack(0x000000df14a00000,0x000000df14b00000)]
  0x00000227a2b81800 JavaThread "Unconstrained build operations Thread 28" [_thread_blocked, id=10996, stack(0x000000df14b00000,0x000000df14c00000)]
  0x00000227a2b7f800 JavaThread "Unconstrained build operations Thread 29" [_thread_blocked, id=7908, stack(0x000000df14c00000,0x000000df14d00000)]
  0x00000227a2b7f000 JavaThread "Unconstrained build operations Thread 30" [_thread_blocked, id=8784, stack(0x000000df14d00000,0x000000df14e00000)]
  0x00000227a2b82000 JavaThread "Unconstrained build operations Thread 31" [_thread_blocked, id=5532, stack(0x000000df14e00000,0x000000df14f00000)]
  0x00000227a2b83000 JavaThread "Unconstrained build operations Thread 32" [_thread_blocked, id=9096, stack(0x000000df14f00000,0x000000df15000000)]
  0x00000227a2b85800 JavaThread "Unconstrained build operations Thread 33" [_thread_blocked, id=5320, stack(0x000000df15000000,0x000000df15100000)]
  0x00000227a2b86000 JavaThread "Unconstrained build operations Thread 34" [_thread_blocked, id=6008, stack(0x000000df15100000,0x000000df15200000)]
  0x00000227a2b80800 JavaThread "Unconstrained build operations Thread 35" [_thread_blocked, id=6724, stack(0x000000df15200000,0x000000df15300000)]
  0x00000227a2b8d000 JavaThread "Unconstrained build operations Thread 36" [_thread_blocked, id=2516, stack(0x000000df15300000,0x000000df15400000)]
  0x00000227a2b8a800 JavaThread "Unconstrained build operations Thread 37" [_thread_blocked, id=11124, stack(0x000000df15400000,0x000000df15500000)]
  0x00000227a2b88000 JavaThread "Unconstrained build operations Thread 38" [_thread_blocked, id=4556, stack(0x000000df15500000,0x000000df15600000)]
  0x00000227a2b87000 JavaThread "Unconstrained build operations Thread 39" [_thread_blocked, id=7408, stack(0x000000df15600000,0x000000df15700000)]
  0x00000227a2b8b000 JavaThread "Unconstrained build operations Thread 40" [_thread_blocked, id=8148, stack(0x000000df15700000,0x000000df15800000)]
  0x00000227a2b8d800 JavaThread "jar transforms Thread 4" [_thread_blocked, id=204, stack(0x000000df15800000,0x000000df15900000)]
  0x00000227a2b8c000 JavaThread "Memory manager" [_thread_blocked, id=8440, stack(0x000000df15a00000,0x000000df15b00000)]
  0x00000227a46e4000 JavaThread "build event listener" [_thread_blocked, id=7840, stack(0x000000df15b00000,0x000000df15c00000)]
  0x00000227a46e1000 JavaThread "Execution worker for ':'" [_thread_blocked, id=8152, stack(0x000000df15c00000,0x000000df15d00000)]
  0x00000227a46e5000 JavaThread "Execution worker for ':' Thread 2" [_thread_blocked, id=6140, stack(0x000000df15d00000,0x000000df15e00000)]
  0x00000227a46e0000 JavaThread "Execution worker for ':' Thread 3" [_thread_in_native, id=10024, stack(0x000000df15e00000,0x000000df15f00000)]
  0x00000227a46df800 JavaThread "Cache worker for execution history cache (C:\Users\posox\AndroidStudioProjects\ChatWithSupport\.gradle\7.3.3\executionHistory)" [_thread_blocked, id=5844, stack(0x000000df15f00000,0x000000df16000000)]
  0x00000227a46e2000 JavaThread "WorkerExecutor Queue" [_thread_blocked, id=5972, stack(0x000000df12f00000,0x000000df13000000)]
  0x00000227a46e6800 JavaThread "RMI Scheduler(0)" daemon [_thread_blocked, id=10544, stack(0x000000df16100000,0x000000df16200000)]
  0x00000227a46e3800 JavaThread "RMI RenewClean-[127.0.0.1:17804,org.jetbrains.kotlin.daemon.common.LoopbackNetworkInterface$ClientLoopbackSocketFactory@587b432a]" daemon [_thread_blocked, id=7880, stack(0x000000df16200000,0x000000df16300000)]
  0x00000227a46e7800 JavaThread "RMI GC Daemon" daemon [_thread_blocked, id=10028, stack(0x000000df16300000,0x000000df16400000)]
  0x00000227a46e8800 JavaThread "RMI TCP Accept-0" daemon [_thread_in_native, id=10876, stack(0x000000df16400000,0x000000df16500000)]
  0x00000227a46e2800 JavaThread "RMI Reaper" [_thread_blocked, id=9916, stack(0x000000df16500000,0x000000df16600000)]
  0x00000227a46ed000 JavaThread "RMI TCP Connection(2)-127.0.0.1" daemon [_thread_in_native, id=5640, stack(0x000000df16600000,0x000000df16700000)]
  0x00000227aebf9800 JavaThread "C2 CompilerThread1" daemon [_thread_in_native, id=4124, stack(0x000000df16000000,0x000000df16100000)]
  0x00000227a46ec800 JavaThread "WorkerExecutor Queue Thread 2" [_thread_blocked, id=4088, stack(0x000000df16900000,0x000000df16a00000)]
  0x00000227a46ee000 JavaThread "WorkerExecutor Queue Thread 3" [_thread_blocked, id=11808, stack(0x000000df16a00000,0x000000df16b00000)]
  0x00000227a46ea000 JavaThread "WorkerExecutor Queue Thread 4" [_thread_blocked, id=11120, stack(0x000000df16b00000,0x000000df16c00000)]
  0x00000227a9153000 JavaThread "ForkJoinPool-1-worker-3" daemon [_thread_blocked, id=7372, stack(0x000000df16d00000,0x000000df16e00000)]
  0x00000227a9154000 JavaThread "ForkJoinPool-1-worker-5" daemon [_thread_blocked, id=10732, stack(0x000000df16e00000,0x000000df16f00000)]
  0x00000227a9154800 JavaThread "ForkJoinPool-1-worker-7" daemon [_thread_blocked, id=11644, stack(0x000000df16f00000,0x000000df17000000)]
  0x00000227a9155800 JavaThread "ForkJoinPool-1-worker-1" daemon [_thread_blocked, id=9952, stack(0x000000df17000000,0x000000df17100000)]

Other Threads:
=>0x00000227a1953800 VMThread "VM Thread" [stack: 0x000000df10700000,0x000000df10800000] [id=9144]
  0x00000227a1b10800 WatcherThread [stack: 0x000000df11100000,0x000000df11200000] [id=10148]
  0x0000022786df4000 GCTaskThread "GC Thread#0" [stack: 0x000000df10200000,0x000000df10300000] [id=3984]
  0x00000227a1f68000 GCTaskThread "GC Thread#1" [stack: 0x000000df11300000,0x000000df11400000] [id=10072]
  0x00000227a1d3a000 GCTaskThread "GC Thread#2" [stack: 0x000000df11400000,0x000000df11500000] [id=6348]
  0x00000227a260b000 GCTaskThread "GC Thread#3" [stack: 0x000000df11500000,0x000000df11600000] [id=5976]
  0x0000022786e26000 ConcurrentGCThread "G1 Main Marker" [stack: 0x000000df10300000,0x000000df10400000] [id=1204]
  0x0000022786e27800 ConcurrentGCThread "G1 Conc#0" [stack: 0x000000df10400000,0x000000df10500000] [id=11868]
  0x0000022786ebe000 ConcurrentGCThread "G1 Refine#0" [stack: 0x000000df10500000,0x000000df10600000] [id=5340]
  0x00000227a72c2000 ConcurrentGCThread "G1 Refine#1" [stack: 0x000000df15900000,0x000000df15a00000] [id=4612]
  0x00000227a0f7e800 ConcurrentGCThread "G1 Young RemSet Sampling" [stack: 0x000000df10600000,0x000000df10700000] [id=2232]

Threads with active compile tasks:
C2 CompilerThread0  44364 18061       4       com.android.tools.r8.dex.j::e (664 bytes)
C2 CompilerThread1  44364 18037       4       com.android.tools.r8.dex.j::a (1042 bytes)

VM state:at safepoint (normal execution)

VM Mutex/Monitor currently owned by a thread:  ([mutex/lock_event])
[0x0000022786dd6ff0] Threads_lock - owner thread: 0x00000227a1953800
[0x0000022786dd6390] Heap_lock - owner thread: 0x00000227a9153000

Heap address: 0x0000000080000000, size: 2048 MB, Compressed Oops mode: 32-bit
Narrow klass base: 0x0000000000000000, Narrow klass shift: 3
Compressed class space size: 1073741824 Address: 0x0000000100000000

Heap:
 garbage-first heap   total 447488K, used 243712K [0x0000000080000000, 0x0000000100000000)
  region size 1024K, 4 young (4096K), 4 survivors (4096K)
 Metaspace       used 112948K, capacity 116110K, committed 116480K, reserved 1150976K
  class space    used 14524K, capacity 15751K, committed 15872K, reserved 1048576K
Heap Regions: E=young(eden), S=young(survivor), O=old, HS=humongous(starts), HC=humongous(continues), CS=collection set, F=free, A=archive, TAMS=top-at-mark-start (previous, next)
|   0|0x0000000080000000, 0x0000000080100000, 0x0000000080100000|100%| O|  |TAMS 0x0000000080100000, 0x0000000080000000| Untracked 
|   1|0x0000000080100000, 0x0000000080200000, 0x0000000080200000|100%| O|  |TAMS 0x0000000080200000, 0x0000000080100000| Untracked 
|   2|0x0000000080200000, 0x0000000080300000, 0x0000000080300000|100%| O|  |TAMS 0x0000000080300000, 0x0000000080200000| Untracked 
|   3|0x0000000080300000, 0x0000000080400000, 0x0000000080400000|100%|HS|  |TAMS 0x0000000080400000, 0x0000000080300000| Complete 
|   4|0x0000000080400000, 0x0000000080500000, 0x0000000080500000|100%|HC|  |TAMS 0x0000000080500000, 0x0000000080400000| Complete 
|   5|0x0000000080500000, 0x0000000080600000, 0x0000000080600000|100%|HC|  |TAMS 0x0000000080600000, 0x0000000080500000| Complete 
|   6|0x0000000080600000, 0x0000000080700000, 0x0000000080700000|100%| O|  |TAMS 0x0000000080700000, 0x0000000080600000| Untracked 
|   7|0x0000000080700000, 0x0000000080800000, 0x0000000080800000|100%| O|  |TAMS 0x0000000080800000, 0x0000000080700000| Untracked 
|   8|0x0000000080800000, 0x0000000080900000, 0x0000000080900000|100%| O|  |TAMS 0x0000000080900000, 0x0000000080800000| Untracked 
|   9|0x0000000080900000, 0x0000000080a00000, 0x0000000080a00000|100%| O|  |TAMS 0x0000000080a00000, 0x0000000080900000| Untracked 
|  10|0x0000000080a00000, 0x0000000080b00000, 0x0000000080b00000|100%| O|  |TAMS 0x0000000080b00000, 0x0000000080a00000| Untracked 
|  11|0x0000000080b00000, 0x0000000080c00000, 0x0000000080c00000|100%| O|  |TAMS 0x0000000080c00000, 0x0000000080b00000| Untracked 
|  12|0x0000000080c00000, 0x0000000080d00000, 0x0000000080d00000|100%| O|  |TAMS 0x0000000080d00000, 0x0000000080c00000| Untracked 
|  13|0x0000000080d00000, 0x0000000080e00000, 0x0000000080e00000|100%| O|  |TAMS 0x0000000080e00000, 0x0000000080d00000| Untracked 
|  14|0x0000000080e00000, 0x0000000080f00000, 0x0000000080f00000|100%| O|  |TAMS 0x0000000080f00000, 0x0000000080e00000| Untracked 
|  15|0x0000000080f00000, 0x0000000081000000, 0x0000000081000000|100%| O|  |TAMS 0x0000000081000000, 0x0000000080f00000| Untracked 
|  16|0x0000000081000000, 0x0000000081100000, 0x0000000081100000|100%| O|  |TAMS 0x0000000081100000, 0x0000000081000000| Untracked 
|  17|0x0000000081100000, 0x0000000081200000, 0x0000000081200000|100%|HS|  |TAMS 0x0000000081200000, 0x0000000081100000| Complete 
|  18|0x0000000081200000, 0x0000000081300000, 0x0000000081300000|100%|HS|  |TAMS 0x0000000081300000, 0x0000000081200000| Complete 
|  19|0x0000000081300000, 0x0000000081400000, 0x0000000081400000|100%| O|  |TAMS 0x0000000081400000, 0x0000000081300000| Untracked 
|  20|0x0000000081400000, 0x0000000081500000, 0x0000000081500000|100%|HS|  |TAMS 0x0000000081500000, 0x0000000081400000| Complete 
|  21|0x0000000081500000, 0x0000000081600000, 0x0000000081600000|100%|HS|  |TAMS 0x0000000081600000, 0x0000000081500000| Complete 
|  22|0x0000000081600000, 0x0000000081700000, 0x0000000081700000|100%|HC|  |TAMS 0x0000000081700000, 0x0000000081600000| Complete 
|  23|0x0000000081700000, 0x0000000081800000, 0x0000000081800000|100%|HC|  |TAMS 0x0000000081800000, 0x0000000081700000| Complete 
|  24|0x0000000081800000, 0x0000000081900000, 0x0000000081900000|100%|HS|  |TAMS 0x0000000081900000, 0x0000000081800000| Complete 
|  25|0x0000000081900000, 0x0000000081a00000, 0x0000000081a00000|100%|HC|  |TAMS 0x0000000081a00000, 0x0000000081900000| Complete 
|  26|0x0000000081a00000, 0x0000000081b00000, 0x0000000081b00000|100%| O|  |TAMS 0x0000000081b00000, 0x0000000081a00000| Untracked 
|  27|0x0000000081b00000, 0x0000000081c00000, 0x0000000081c00000|100%| O|  |TAMS 0x0000000081c00000, 0x0000000081b00000| Untracked 
|  28|0x0000000081c00000, 0x0000000081d00000, 0x0000000081d00000|100%| O|  |TAMS 0x0000000081d00000, 0x0000000081c00000| Untracked 
|  29|0x0000000081d00000, 0x0000000081e00000, 0x0000000081e00000|100%| O|  |TAMS 0x0000000081e00000, 0x0000000081d00000| Untracked 
|  30|0x0000000081e00000, 0x0000000081f00000, 0x0000000081f00000|100%| O|  |TAMS 0x0000000081f00000, 0x0000000081e00000| Untracked 
|  31|0x0000000081f00000, 0x0000000082000000, 0x0000000082000000|100%| O|  |TAMS 0x0000000082000000, 0x0000000081f00000| Untracked 
|  32|0x0000000082000000, 0x0000000082100000, 0x0000000082100000|100%| O|  |TAMS 0x0000000082100000, 0x0000000082000000| Untracked 
|  33|0x0000000082100000, 0x0000000082200000, 0x0000000082200000|100%| O|  |TAMS 0x0000000082200000, 0x0000000082100000| Untracked 
|  34|0x0000000082200000, 0x0000000082300000, 0x0000000082300000|100%| O|  |TAMS 0x0000000082300000, 0x0000000082200000| Untracked 
|  35|0x0000000082300000, 0x0000000082400000, 0x0000000082400000|100%| O|  |TAMS 0x0000000082400000, 0x0000000082300000| Untracked 
|  36|0x0000000082400000, 0x0000000082500000, 0x0000000082500000|100%| O|  |TAMS 0x0000000082500000, 0x0000000082400000| Untracked 
|  37|0x0000000082500000, 0x0000000082600000, 0x0000000082600000|100%| O|  |TAMS 0x0000000082600000, 0x0000000082500000| Untracked 
|  38|0x0000000082600000, 0x0000000082700000, 0x0000000082700000|100%| O|  |TAMS 0x0000000082700000, 0x0000000082600000| Untracked 
|  39|0x0000000082700000, 0x0000000082800000, 0x0000000082800000|100%| O|  |TAMS 0x0000000082800000, 0x0000000082700000| Untracked 
|  40|0x0000000082800000, 0x0000000082900000, 0x0000000082900000|100%| O|  |TAMS 0x0000000082900000, 0x0000000082800000| Untracked 
|  41|0x0000000082900000, 0x0000000082a00000, 0x0000000082a00000|100%| O|  |TAMS 0x0000000082a00000, 0x0000000082900000| Untracked 
|  42|0x0000000082a00000, 0x0000000082b00000, 0x0000000082b00000|100%| O|  |TAMS 0x0000000082b00000, 0x0000000082a00000| Untracked 
|  43|0x0000000082b00000, 0x0000000082c00000, 0x0000000082c00000|100%| O|  |TAMS 0x0000000082c00000, 0x0000000082b00000| Untracked 
|  44|0x0000000082c00000, 0x0000000082d00000, 0x0000000082d00000|100%| O|  |TAMS 0x0000000082d00000, 0x0000000082c00000| Untracked 
|  45|0x0000000082d00000, 0x0000000082e00000, 0x0000000082e00000|100%| O|  |TAMS 0x0000000082e00000, 0x0000000082d00000| Untracked 
|  46|0x0000000082e00000, 0x0000000082f00000, 0x0000000082f00000|100%| O|  |TAMS 0x0000000082f00000, 0x0000000082e00000| Untracked 
|  47|0x0000000082f00000, 0x0000000083000000, 0x0000000083000000|100%| O|  |TAMS 0x0000000083000000, 0x0000000082f00000| Untracked 
|  48|0x0000000083000000, 0x0000000083100000, 0x0000000083100000|100%| O|  |TAMS 0x0000000083100000, 0x0000000083000000| Untracked 
|  49|0x0000000083100000, 0x0000000083200000, 0x0000000083200000|100%| O|  |TAMS 0x0000000083200000, 0x0000000083100000| Untracked 
|  50|0x0000000083200000, 0x0000000083300000, 0x0000000083300000|100%| O|  |TAMS 0x0000000083300000, 0x0000000083200000| Untracked 
|  51|0x0000000083300000, 0x0000000083400000, 0x0000000083400000|100%| O|  |TAMS 0x0000000083400000, 0x0000000083300000| Untracked 
|  52|0x0000000083400000, 0x0000000083500000, 0x0000000083500000|100%| O|  |TAMS 0x0000000083500000, 0x0000000083400000| Untracked 
|  53|0x0000000083500000, 0x0000000083600000, 0x0000000083600000|100%| O|  |TAMS 0x0000000083600000, 0x0000000083500000| Untracked 
|  54|0x0000000083600000, 0x0000000083700000, 0x0000000083700000|100%| O|  |TAMS 0x0000000083700000, 0x0000000083600000| Untracked 
|  55|0x0000000083700000, 0x0000000083800000, 0x0000000083800000|100%| O|  |TAMS 0x0000000083800000, 0x0000000083700000| Untracked 
|  56|0x0000000083800000, 0x0000000083900000, 0x0000000083900000|100%| O|  |TAMS 0x0000000083900000, 0x0000000083800000| Untracked 
|  57|0x0000000083900000, 0x0000000083a00000, 0x0000000083a00000|100%| O|  |TAMS 0x0000000083a00000, 0x0000000083900000| Untracked 
|  58|0x0000000083a00000, 0x0000000083b00000, 0x0000000083b00000|100%| O|  |TAMS 0x0000000083b00000, 0x0000000083a00000| Untracked 
|  59|0x0000000083b00000, 0x0000000083c00000, 0x0000000083c00000|100%| O|  |TAMS 0x0000000083c00000, 0x0000000083b00000| Untracked 
|  60|0x0000000083c00000, 0x0000000083d00000, 0x0000000083d00000|100%| O|  |TAMS 0x0000000083d00000, 0x0000000083c00000| Untracked 
|  61|0x0000000083d00000, 0x0000000083e00000, 0x0000000083e00000|100%| O|  |TAMS 0x0000000083e00000, 0x0000000083d00000| Untracked 
|  62|0x0000000083e00000, 0x0000000083f00000, 0x0000000083f00000|100%| O|  |TAMS 0x0000000083f00000, 0x0000000083e00000| Untracked 
|  63|0x0000000083f00000, 0x0000000084000000, 0x0000000084000000|100%| O|  |TAMS 0x0000000084000000, 0x0000000083f00000| Untracked 
|  64|0x0000000084000000, 0x0000000084100000, 0x0000000084100000|100%| O|  |TAMS 0x0000000084100000, 0x0000000084000000| Untracked 
|  65|0x0000000084100000, 0x0000000084200000, 0x0000000084200000|100%| O|  |TAMS 0x0000000084200000, 0x0000000084100000| Untracked 
|  66|0x0000000084200000, 0x0000000084300000, 0x0000000084300000|100%| O|  |TAMS 0x0000000084300000, 0x0000000084200000| Untracked 
|  67|0x0000000084300000, 0x0000000084400000, 0x0000000084400000|100%| O|  |TAMS 0x0000000084400000, 0x0000000084300000| Untracked 
|  68|0x0000000084400000, 0x0000000084500000, 0x0000000084500000|100%| O|  |TAMS 0x0000000084500000, 0x0000000084400000| Untracked 
|  69|0x0000000084500000, 0x0000000084600000, 0x0000000084600000|100%| O|  |TAMS 0x0000000084600000, 0x0000000084500000| Untracked 
|  70|0x0000000084600000, 0x0000000084700000, 0x0000000084700000|100%| O|  |TAMS 0x0000000084700000, 0x0000000084600000| Untracked 
|  71|0x0000000084700000, 0x0000000084800000, 0x0000000084800000|100%| O|  |TAMS 0x0000000084800000, 0x0000000084700000| Untracked 
|  72|0x0000000084800000, 0x0000000084900000, 0x0000000084900000|100%| O|  |TAMS 0x0000000084900000, 0x0000000084800000| Untracked 
|  73|0x0000000084900000, 0x0000000084a00000, 0x0000000084a00000|100%| O|  |TAMS 0x0000000084a00000, 0x0000000084900000| Untracked 
|  74|0x0000000084a00000, 0x0000000084b00000, 0x0000000084b00000|100%| O|  |TAMS 0x0000000084b00000, 0x0000000084a00000| Untracked 
|  75|0x0000000084b00000, 0x0000000084c00000, 0x0000000084c00000|100%| O|  |TAMS 0x0000000084c00000, 0x0000000084b00000| Untracked 
|  76|0x0000000084c00000, 0x0000000084d00000, 0x0000000084d00000|100%| O|  |TAMS 0x0000000084d00000, 0x0000000084c00000| Untracked 
|  77|0x0000000084d00000, 0x0000000084e00000, 0x0000000084e00000|100%| O|  |TAMS 0x0000000084e00000, 0x0000000084d00000| Untracked 
|  78|0x0000000084e00000, 0x0000000084f00000, 0x0000000084f00000|100%| O|  |TAMS 0x0000000084f00000, 0x0000000084e00000| Untracked 
|  79|0x0000000084f00000, 0x0000000085000000, 0x0000000085000000|100%| O|  |TAMS 0x0000000085000000, 0x0000000084f00000| Untracked 
|  80|0x0000000085000000, 0x0000000085100000, 0x0000000085100000|100%| O|  |TAMS 0x0000000085100000, 0x0000000085000000| Untracked 
|  81|0x0000000085100000, 0x0000000085200000, 0x0000000085200000|100%| O|  |TAMS 0x0000000085200000, 0x0000000085100000| Untracked 
|  82|0x0000000085200000, 0x0000000085300000, 0x0000000085300000|100%| O|  |TAMS 0x0000000085300000, 0x0000000085200000| Untracked 
|  83|0x0000000085300000, 0x0000000085400000, 0x0000000085400000|100%| O|  |TAMS 0x0000000085400000, 0x0000000085300000| Untracked 
|  84|0x0000000085400000, 0x0000000085500000, 0x0000000085500000|100%| O|  |TAMS 0x0000000085500000, 0x0000000085400000| Untracked 
|  85|0x0000000085500000, 0x0000000085600000, 0x0000000085600000|100%| O|  |TAMS 0x0000000085600000, 0x0000000085500000| Untracked 
|  86|0x0000000085600000, 0x0000000085700000, 0x0000000085700000|100%| O|  |TAMS 0x0000000085700000, 0x0000000085600000| Untracked 
|  87|0x0000000085700000, 0x0000000085800000, 0x0000000085800000|100%| O|  |TAMS 0x0000000085800000, 0x0000000085700000| Untracked 
|  88|0x0000000085800000, 0x0000000085900000, 0x0000000085900000|100%| O|  |TAMS 0x0000000085900000, 0x0000000085800000| Untracked 
|  89|0x0000000085900000, 0x0000000085a00000, 0x0000000085a00000|100%| O|  |TAMS 0x0000000085a00000, 0x0000000085900000| Untracked 
|  90|0x0000000085a00000, 0x0000000085b00000, 0x0000000085b00000|100%| O|  |TAMS 0x0000000085b00000, 0x0000000085a00000| Untracked 
|  91|0x0000000085b00000, 0x0000000085c00000, 0x0000000085c00000|100%| O|  |TAMS 0x0000000085c00000, 0x0000000085b00000| Untracked 
|  92|0x0000000085c00000, 0x0000000085d00000, 0x0000000085d00000|100%| O|  |TAMS 0x0000000085d00000, 0x0000000085c00000| Untracked 
|  93|0x0000000085d00000, 0x0000000085e00000, 0x0000000085e00000|100%| O|  |TAMS 0x0000000085e00000, 0x0000000085d00000| Untracked 
|  94|0x0000000085e00000, 0x0000000085f00000, 0x0000000085f00000|100%| O|  |TAMS 0x0000000085f00000, 0x0000000085e00000| Untracked 
|  95|0x0000000085f00000, 0x0000000086000000, 0x0000000086000000|100%| O|  |TAMS 0x0000000086000000, 0x0000000085f00000| Untracked 
|  96|0x0000000086000000, 0x0000000086100000, 0x0000000086100000|100%| O|  |TAMS 0x0000000086100000, 0x0000000086000000| Untracked 
|  97|0x0000000086100000, 0x0000000086200000, 0x0000000086200000|100%| O|  |TAMS 0x0000000086200000, 0x0000000086100000| Untracked 
|  98|0x0000000086200000, 0x0000000086300000, 0x0000000086300000|100%| O|  |TAMS 0x0000000086300000, 0x0000000086200000| Untracked 
|  99|0x0000000086300000, 0x0000000086400000, 0x0000000086400000|100%| O|  |TAMS 0x0000000086400000, 0x0000000086300000| Untracked 
| 100|0x0000000086400000, 0x0000000086500000, 0x0000000086500000|100%| O|  |TAMS 0x0000000086500000, 0x0000000086400000| Untracked 
| 101|0x0000000086500000, 0x0000000086600000, 0x0000000086600000|100%| O|  |TAMS 0x0000000086500000, 0x0000000086500000| Untracked 
| 102|0x0000000086600000, 0x0000000086700000, 0x0000000086700000|100%| O|  |TAMS 0x0000000086600000, 0x0000000086600000| Untracked 
| 103|0x0000000086700000, 0x0000000086800000, 0x0000000086800000|100%| O|  |TAMS 0x0000000086700000, 0x0000000086700000| Untracked 
| 104|0x0000000086800000, 0x0000000086900000, 0x0000000086900000|100%|HS|  |TAMS 0x0000000086800000, 0x0000000086800000| Complete 
| 105|0x0000000086900000, 0x0000000086a00000, 0x0000000086a00000|100%| O|  |TAMS 0x0000000086a00000, 0x0000000086900000| Untracked 
| 106|0x0000000086a00000, 0x0000000086b00000, 0x0000000086b00000|100%| O|  |TAMS 0x0000000086b00000, 0x0000000086a00000| Untracked 
| 107|0x0000000086b00000, 0x0000000086c00000, 0x0000000086c00000|100%| O|  |TAMS 0x0000000086c00000, 0x0000000086b00000| Untracked 
| 108|0x0000000086c00000, 0x0000000086d00000, 0x0000000086d00000|100%| O|  |TAMS 0x0000000086c00000, 0x0000000086c00000| Untracked 
| 109|0x0000000086d00000, 0x0000000086e00000, 0x0000000086e00000|100%| O|  |TAMS 0x0000000086e00000, 0x0000000086d00000| Untracked 
| 110|0x0000000086e00000, 0x0000000086f00000, 0x0000000086f00000|100%| O|  |TAMS 0x0000000086f00000, 0x0000000086e00000| Untracked 
| 111|0x0000000086f00000, 0x0000000087000000, 0x0000000087000000|100%| O|  |TAMS 0x0000000086f00000, 0x0000000086f00000| Untracked 
| 112|0x0000000087000000, 0x0000000087100000, 0x0000000087100000|100%| O|  |TAMS 0x0000000087000000, 0x0000000087000000| Untracked 
| 113|0x0000000087100000, 0x0000000087200000, 0x0000000087200000|100%| O|  |TAMS 0x0000000087100000, 0x0000000087100000| Untracked 
| 114|0x0000000087200000, 0x0000000087300000, 0x0000000087300000|100%| O|  |TAMS 0x0000000087200000, 0x0000000087200000| Untracked 
| 115|0x0000000087300000, 0x0000000087400000, 0x0000000087400000|100%| O|  |TAMS 0x0000000087300000, 0x0000000087300000| Untracked 
| 116|0x0000000087400000, 0x0000000087500000, 0x0000000087500000|100%| O|  |TAMS 0x0000000087400000, 0x0000000087400000| Untracked 
| 117|0x0000000087500000, 0x0000000087600000, 0x0000000087600000|100%|HS|  |TAMS 0x0000000087600000, 0x0000000087500000| Complete 
| 118|0x0000000087600000, 0x0000000087700000, 0x0000000087700000|100%| O|  |TAMS 0x0000000087600000, 0x0000000087600000| Untracked 
| 119|0x0000000087700000, 0x0000000087800000, 0x0000000087800000|100%| O|  |TAMS 0x0000000087800000, 0x0000000087700000| Untracked 
| 120|0x0000000087800000, 0x0000000087900000, 0x0000000087900000|100%| O|  |TAMS 0x0000000087900000, 0x0000000087800000| Untracked 
| 121|0x0000000087900000, 0x0000000087a00000, 0x0000000087a00000|100%|HS|  |TAMS 0x0000000087a00000, 0x0000000087900000| Complete 
| 122|0x0000000087a00000, 0x0000000087b00000, 0x0000000087b00000|100%| O|  |TAMS 0x0000000087a00000, 0x0000000087a00000| Untracked 
| 123|0x0000000087b00000, 0x0000000087c00000, 0x0000000087c00000|100%| O|  |TAMS 0x0000000087b00000, 0x0000000087b00000| Untracked 
| 124|0x0000000087c00000, 0x0000000087d00000, 0x0000000087d00000|100%|HS|  |TAMS 0x0000000087d00000, 0x0000000087c00000| Complete 
| 125|0x0000000087d00000, 0x0000000087e00000, 0x0000000087e00000|100%|HC|  |TAMS 0x0000000087e00000, 0x0000000087d00000| Complete 
| 126|0x0000000087e00000, 0x0000000087f00000, 0x0000000087f00000|100%|HS|  |TAMS 0x0000000087f00000, 0x0000000087e00000| Complete 
| 127|0x0000000087f00000, 0x0000000088000000, 0x0000000088000000|100%| O|  |TAMS 0x0000000088000000, 0x0000000087f00000| Untracked 
| 128|0x0000000088000000, 0x0000000088100000, 0x0000000088100000|100%| O|  |TAMS 0x0000000088000000, 0x0000000088000000| Untracked 
| 129|0x0000000088100000, 0x0000000088200000, 0x0000000088200000|100%| O|  |TAMS 0x0000000088100000, 0x0000000088100000| Untracked 
| 130|0x0000000088200000, 0x0000000088300000, 0x0000000088300000|100%| O|  |TAMS 0x0000000088200000, 0x0000000088200000| Untracked 
| 131|0x0000000088300000, 0x0000000088400000, 0x0000000088400000|100%| O|  |TAMS 0x0000000088300000, 0x0000000088300000| Untracked 
| 132|0x0000000088400000, 0x0000000088500000, 0x0000000088500000|100%|HS|  |TAMS 0x0000000088500000, 0x0000000088400000| Complete 
| 133|0x0000000088500000, 0x0000000088600000, 0x0000000088600000|100%|HC|  |TAMS 0x0000000088600000, 0x0000000088500000| Complete 
| 134|0x0000000088600000, 0x0000000088700000, 0x0000000088700000|100%|HS|  |TAMS 0x0000000088700000, 0x0000000088600000| Complete 
| 135|0x0000000088700000, 0x0000000088800000, 0x0000000088800000|100%|HS|  |TAMS 0x0000000088800000, 0x0000000088700000| Complete 
| 136|0x0000000088800000, 0x0000000088900000, 0x0000000088900000|100%|HS|  |TAMS 0x0000000088900000, 0x0000000088800000| Complete 
| 137|0x0000000088900000, 0x0000000088a00000, 0x0000000088a00000|100%|HS|  |TAMS 0x0000000088a00000, 0x0000000088900000| Complete 
| 138|0x0000000088a00000, 0x0000000088b00000, 0x0000000088b00000|100%|HS|  |TAMS 0x0000000088b00000, 0x0000000088a00000| Complete 
| 139|0x0000000088b00000, 0x0000000088c00000, 0x0000000088c00000|100%|HS|  |TAMS 0x0000000088c00000, 0x0000000088b00000| Complete 
| 140|0x0000000088c00000, 0x0000000088d00000, 0x0000000088d00000|100%|HC|  |TAMS 0x0000000088d00000, 0x0000000088c00000| Complete 
| 141|0x0000000088d00000, 0x0000000088e00000, 0x0000000088e00000|100%|HS|  |TAMS 0x0000000088e00000, 0x0000000088d00000| Complete 
| 142|0x0000000088e00000, 0x0000000088f00000, 0x0000000088f00000|100%|HC|  |TAMS 0x0000000088f00000, 0x0000000088e00000| Complete 
| 143|0x0000000088f00000, 0x0000000089000000, 0x0000000089000000|100%|HC|  |TAMS 0x0000000089000000, 0x0000000088f00000| Complete 
| 144|0x0000000089000000, 0x0000000089100000, 0x0000000089100000|100%| O|  |TAMS 0x0000000089000000, 0x0000000089000000| Untracked 
| 145|0x0000000089100000, 0x0000000089200000, 0x0000000089200000|100%|HS|  |TAMS 0x0000000089200000, 0x0000000089100000| Complete 
| 146|0x0000000089200000, 0x0000000089300000, 0x0000000089300000|100%|HS|  |TAMS 0x0000000089200000, 0x0000000089200000| Complete 
| 147|0x0000000089300000, 0x0000000089400000, 0x0000000089400000|100%|HS|  |TAMS 0x0000000089400000, 0x0000000089300000| Complete 
| 148|0x0000000089400000, 0x0000000089500000, 0x0000000089500000|100%| O|  |TAMS 0x0000000089400000, 0x0000000089400000| Untracked 
| 149|0x0000000089500000, 0x0000000089600000, 0x0000000089600000|100%|HS|  |TAMS 0x0000000089500000, 0x0000000089500000| Complete 
| 150|0x0000000089600000, 0x0000000089700000, 0x0000000089700000|100%| O|  |TAMS 0x0000000089600000, 0x0000000089600000| Untracked 
| 151|0x0000000089700000, 0x0000000089800000, 0x0000000089800000|100%| O|  |TAMS 0x0000000089800000, 0x0000000089700000| Untracked 
| 152|0x0000000089800000, 0x0000000089900000, 0x0000000089900000|100%|HS|  |TAMS 0x0000000089800000, 0x0000000089800000| Complete 
| 153|0x0000000089900000, 0x0000000089a00000, 0x0000000089a00000|100%| O|  |TAMS 0x0000000089900000, 0x0000000089900000| Untracked 
| 154|0x0000000089a00000, 0x0000000089b00000, 0x0000000089b00000|100%|HS|  |TAMS 0x0000000089a00000, 0x0000000089a00000| Complete 
| 155|0x0000000089b00000, 0x0000000089c00000, 0x0000000089c00000|100%| O|  |TAMS 0x0000000089b00000, 0x0000000089b00000| Untracked 
| 156|0x0000000089c00000, 0x0000000089d00000, 0x0000000089d00000|100%|HS|  |TAMS 0x0000000089c00000, 0x0000000089c00000| Complete 
| 157|0x0000000089d00000, 0x0000000089e00000, 0x0000000089e00000|100%|HS|  |TAMS 0x0000000089e00000, 0x0000000089d00000| Complete 
| 158|0x0000000089e00000, 0x0000000089f00000, 0x0000000089f00000|100%|HC|  |TAMS 0x0000000089f00000, 0x0000000089e00000| Complete 
| 159|0x0000000089f00000, 0x000000008a000000, 0x000000008a000000|100%| O|  |TAMS 0x000000008a000000, 0x0000000089f00000| Untracked 
| 160|0x000000008a000000, 0x000000008a100000, 0x000000008a100000|100%| O|  |TAMS 0x000000008a100000, 0x000000008a000000| Untracked 
| 161|0x000000008a100000, 0x000000008a200000, 0x000000008a200000|100%| O|  |TAMS 0x000000008a1fce00, 0x000000008a100000| Untracked 
| 162|0x000000008a200000, 0x000000008a300000, 0x000000008a300000|100%| O|  |TAMS 0x000000008a200000, 0x000000008a200000| Untracked 
| 163|0x000000008a300000, 0x000000008a400000, 0x000000008a400000|100%|HS|  |TAMS 0x000000008a300000, 0x000000008a300000| Complete 
| 164|0x000000008a400000, 0x000000008a500000, 0x000000008a500000|100%| O|  |TAMS 0x000000008a400000, 0x000000008a400000| Untracked 
| 165|0x000000008a500000, 0x000000008a600000, 0x000000008a600000|100%| O|  |TAMS 0x000000008a500000, 0x000000008a500000| Untracked 
| 166|0x000000008a600000, 0x000000008a700000, 0x000000008a700000|100%| O|  |TAMS 0x000000008a600000, 0x000000008a600000| Untracked 
| 167|0x000000008a700000, 0x000000008a800000, 0x000000008a800000|100%|HS|  |TAMS 0x000000008a700000, 0x000000008a700000| Complete 
| 168|0x000000008a800000, 0x000000008a900000, 0x000000008a900000|100%|HC|  |TAMS 0x000000008a800000, 0x000000008a800000| Complete 
| 169|0x000000008a900000, 0x000000008aa00000, 0x000000008aa00000|100%| O|  |TAMS 0x000000008a900000, 0x000000008a900000| Untracked 
| 170|0x000000008aa00000, 0x000000008ab00000, 0x000000008ab00000|100%| O|  |TAMS 0x000000008aa00000, 0x000000008aa00000| Untracked 
| 171|0x000000008ab00000, 0x000000008ac00000, 0x000000008ac00000|100%| O|  |TAMS 0x000000008ab00000, 0x000000008ab00000| Untracked 
| 172|0x000000008ac00000, 0x000000008ad00000, 0x000000008ad00000|100%|HS|  |TAMS 0x000000008ac00000, 0x000000008ac00000| Complete 
| 173|0x000000008ad00000, 0x000000008ae00000, 0x000000008ae00000|100%|HC|  |TAMS 0x000000008ad00000, 0x000000008ad00000| Complete 
| 174|0x000000008ae00000, 0x000000008af00000, 0x000000008af00000|100%|HS|  |TAMS 0x000000008ae00000, 0x000000008ae00000| Complete 
| 175|0x000000008af00000, 0x000000008b000000, 0x000000008b000000|100%|HS|  |TAMS 0x000000008af00000, 0x000000008af00000| Complete 
| 176|0x000000008b000000, 0x000000008b100000, 0x000000008b100000|100%|HC|  |TAMS 0x000000008b000000, 0x000000008b000000| Complete 
| 177|0x000000008b100000, 0x000000008b200000, 0x000000008b200000|100%| O|  |TAMS 0x000000008b100000, 0x000000008b100000| Untracked 
| 178|0x000000008b200000, 0x000000008b300000, 0x000000008b300000|100%| O|  |TAMS 0x000000008b200000, 0x000000008b200000| Untracked 
| 179|0x000000008b300000, 0x000000008b400000, 0x000000008b400000|100%| O|  |TAMS 0x000000008b300000, 0x000000008b300000| Untracked 
| 180|0x000000008b400000, 0x000000008b500000, 0x000000008b500000|100%|HS|  |TAMS 0x000000008b400000, 0x000000008b400000| Complete 
| 181|0x000000008b500000, 0x000000008b600000, 0x000000008b600000|100%|HC|  |TAMS 0x000000008b500000, 0x000000008b500000| Complete 
| 182|0x000000008b600000, 0x000000008b700000, 0x000000008b700000|100%|HC|  |TAMS 0x000000008b600000, 0x000000008b600000| Complete 
| 183|0x000000008b700000, 0x000000008b800000, 0x000000008b800000|100%| O|  |TAMS 0x000000008b700000, 0x000000008b700000| Untracked 
| 184|0x000000008b800000, 0x000000008b900000, 0x000000008b900000|100%| O|  |TAMS 0x000000008b800000, 0x000000008b800000| Untracked 
| 185|0x000000008b900000, 0x000000008ba00000, 0x000000008ba00000|100%| O|  |TAMS 0x000000008b900000, 0x000000008b900000| Untracked 
| 186|0x000000008ba00000, 0x000000008bb00000, 0x000000008bb00000|100%| O|  |TAMS 0x000000008ba00000, 0x000000008ba00000| Untracked 
| 187|0x000000008bb00000, 0x000000008bc00000, 0x000000008bc00000|100%| O|  |TAMS 0x000000008bb00000, 0x000000008bb00000| Untracked 
| 188|0x000000008bc00000, 0x000000008bd00000, 0x000000008bd00000|100%| O|  |TAMS 0x000000008bc00000, 0x000000008bc00000| Untracked 
| 189|0x000000008bd00000, 0x000000008be00000, 0x000000008be00000|100%| O|  |TAMS 0x000000008bd00000, 0x000000008bd00000| Untracked 
| 190|0x000000008be00000, 0x000000008bf00000, 0x000000008bf00000|100%| O|  |TAMS 0x000000008be00000, 0x000000008be00000| Untracked 
| 191|0x000000008bf00000, 0x000000008c000000, 0x000000008c000000|100%| O|  |TAMS 0x000000008bf00000, 0x000000008bf00000| Untracked 
| 192|0x000000008c000000, 0x000000008c100000, 0x000000008c100000|100%| O|  |TAMS 0x000000008c000000, 0x000000008c000000| Untracked 
| 193|0x000000008c100000, 0x000000008c200000, 0x000000008c200000|100%| O|  |TAMS 0x000000008c100000, 0x000000008c100000| Untracked 
| 194|0x000000008c200000, 0x000000008c300000, 0x000000008c300000|100%| O|  |TAMS 0x000000008c200000, 0x000000008c200000| Untracked 
| 195|0x000000008c300000, 0x000000008c400000, 0x000000008c400000|100%| O|  |TAMS 0x000000008c300000, 0x000000008c300000| Untracked 
| 196|0x000000008c400000, 0x000000008c500000, 0x000000008c500000|100%| O|  |TAMS 0x000000008c400000, 0x000000008c400000| Untracked 
| 197|0x000000008c500000, 0x000000008c600000, 0x000000008c600000|100%|HS|  |TAMS 0x000000008c500000, 0x000000008c500000| Complete 
| 198|0x000000008c600000, 0x000000008c700000, 0x000000008c700000|100%|HC|  |TAMS 0x000000008c600000, 0x000000008c600000| Complete 
| 199|0x000000008c700000, 0x000000008c800000, 0x000000008c800000|100%| O|  |TAMS 0x000000008c700000, 0x000000008c700000| Untracked 
| 200|0x000000008c800000, 0x000000008c900000, 0x000000008c900000|100%| O|  |TAMS 0x000000008c800000, 0x000000008c800000| Untracked 
| 201|0x000000008c900000, 0x000000008ca00000, 0x000000008ca00000|100%| O|  |TAMS 0x000000008c900000, 0x000000008c900000| Untracked 
| 202|0x000000008ca00000, 0x000000008cb00000, 0x000000008cb00000|100%| O|  |TAMS 0x000000008ca00000, 0x000000008ca00000| Untracked 
| 203|0x000000008cb00000, 0x000000008cc00000, 0x000000008cc00000|100%| O|  |TAMS 0x000000008cb00000, 0x000000008cb00000| Untracked 
| 204|0x000000008cc00000, 0x000000008cd00000, 0x000000008cd00000|100%| O|  |TAMS 0x000000008cc00000, 0x000000008cc00000| Untracked 
| 205|0x000000008cd00000, 0x000000008ce00000, 0x000000008ce00000|100%| O|  |TAMS 0x000000008cd00000, 0x000000008cd00000| Untracked 
| 206|0x000000008ce00000, 0x000000008cf00000, 0x000000008cf00000|100%| O|  |TAMS 0x000000008ce00000, 0x000000008ce00000| Untracked 
| 207|0x000000008cf00000, 0x000000008d000000, 0x000000008d000000|100%| O|  |TAMS 0x000000008cf00000, 0x000000008cf00000| Untracked 
| 208|0x000000008d000000, 0x000000008d100000, 0x000000008d100000|100%| O|  |TAMS 0x000000008d000000, 0x000000008d000000| Untracked 
| 209|0x000000008d100000, 0x000000008d200000, 0x000000008d200000|100%| O|  |TAMS 0x000000008d100000, 0x000000008d100000| Untracked 
| 210|0x000000008d200000, 0x000000008d300000, 0x000000008d300000|100%| O|  |TAMS 0x000000008d200000, 0x000000008d200000| Untracked 
| 211|0x000000008d300000, 0x000000008d400000, 0x000000008d400000|100%| O|  |TAMS 0x000000008d300000, 0x000000008d300000| Untracked 
| 212|0x000000008d400000, 0x000000008d500000, 0x000000008d500000|100%| O|  |TAMS 0x000000008d400000, 0x000000008d400000| Untracked 
| 213|0x000000008d500000, 0x000000008d600000, 0x000000008d600000|100%| O|  |TAMS 0x000000008d500000, 0x000000008d500000| Untracked 
| 214|0x000000008d600000, 0x000000008d700000, 0x000000008d700000|100%| O|  |TAMS 0x000000008d600000, 0x000000008d600000| Untracked 
| 215|0x000000008d700000, 0x000000008d800000, 0x000000008d800000|100%| O|  |TAMS 0x000000008d700000, 0x000000008d700000| Untracked 
| 216|0x000000008d800000, 0x000000008d900000, 0x000000008d900000|100%| O|  |TAMS 0x000000008d800000, 0x000000008d800000| Untracked 
| 217|0x000000008d900000, 0x000000008da00000, 0x000000008da00000|100%| O|  |TAMS 0x000000008d900000, 0x000000008d900000| Untracked 
| 218|0x000000008da00000, 0x000000008db00000, 0x000000008db00000|100%| O|  |TAMS 0x000000008da00000, 0x000000008da00000| Untracked 
| 219|0x000000008db00000, 0x000000008dc00000, 0x000000008dc00000|100%| O|  |TAMS 0x000000008db00000, 0x000000008db00000| Untracked 
| 220|0x000000008dc00000, 0x000000008dd00000, 0x000000008dd00000|100%| O|  |TAMS 0x000000008dc00000, 0x000000008dc00000| Untracked 
| 221|0x000000008dd00000, 0x000000008dd00000, 0x000000008de00000|  0%| F|  |TAMS 0x000000008dd00000, 0x000000008dd00000| Untracked 
| 222|0x000000008de00000, 0x000000008de00000, 0x000000008df00000|  0%| F|  |TAMS 0x000000008de00000, 0x000000008de00000| Untracked 
| 223|0x000000008df00000, 0x000000008df00000, 0x000000008e000000|  0%| F|  |TAMS 0x000000008df00000, 0x000000008df00000| Untracked 
| 224|0x000000008e000000, 0x000000008e000000, 0x000000008e100000|  0%| F|  |TAMS 0x000000008e000000, 0x000000008e000000| Untracked 
| 225|0x000000008e100000, 0x000000008e100000, 0x000000008e200000|  0%| F|  |TAMS 0x000000008e100000, 0x000000008e100000| Untracked 
| 226|0x000000008e200000, 0x000000008e200000, 0x000000008e300000|  0%| F|  |TAMS 0x000000008e200000, 0x000000008e200000| Untracked 
| 227|0x000000008e300000, 0x000000008e300000, 0x000000008e400000|  0%| F|  |TAMS 0x000000008e300000, 0x000000008e300000| Untracked 
| 228|0x000000008e400000, 0x000000008e400000, 0x000000008e500000|  0%| F|  |TAMS 0x000000008e400000, 0x000000008e400000| Untracked 
| 229|0x000000008e500000, 0x000000008e500000, 0x000000008e600000|  0%| F|  |TAMS 0x000000008e500000, 0x000000008e500000| Untracked 
| 230|0x000000008e600000, 0x000000008e600000, 0x000000008e700000|  0%| F|  |TAMS 0x000000008e600000, 0x000000008e600000| Untracked 
| 231|0x000000008e700000, 0x000000008e800000, 0x000000008e800000|100%| O|  |TAMS 0x000000008e700000, 0x000000008e700000| Untracked 
| 232|0x000000008e800000, 0x000000008e900000, 0x000000008e900000|100%| O|  |TAMS 0x000000008e800000, 0x000000008e800000| Untracked 
| 233|0x000000008e900000, 0x000000008ea00000, 0x000000008ea00000|100%| O|  |TAMS 0x000000008e900000, 0x000000008e900000| Untracked 
| 234|0x000000008ea00000, 0x000000008ea00000, 0x000000008eb00000|  0%| F|  |TAMS 0x000000008ea00000, 0x000000008ea00000| Untracked 
| 235|0x000000008eb00000, 0x000000008ec00000, 0x000000008ec00000|100%| O|  |TAMS 0x000000008eb00000, 0x000000008eb00000| Untracked 
| 236|0x000000008ec00000, 0x000000008ec00000, 0x000000008ed00000|  0%| F|  |TAMS 0x000000008ec00000, 0x000000008ec00000| Untracked 
| 237|0x000000008ed00000, 0x000000008ed00000, 0x000000008ee00000|  0%| F|  |TAMS 0x000000008ed00000, 0x000000008ed00000| Untracked 
| 238|0x000000008ee00000, 0x000000008ef00000, 0x000000008ef00000|100%| O|  |TAMS 0x000000008ee00000, 0x000000008ee00000| Untracked 
| 239|0x000000008ef00000, 0x000000008ef00000, 0x000000008f000000|  0%| F|  |TAMS 0x000000008ef00000, 0x000000008ef00000| Untracked 
| 240|0x000000008f000000, 0x000000008f100000, 0x000000008f100000|100%| O|  |TAMS 0x000000008f000000, 0x000000008f000000| Untracked 
| 241|0x000000008f100000, 0x000000008f100000, 0x000000008f200000|  0%| F|  |TAMS 0x000000008f100000, 0x000000008f100000| Untracked 
| 242|0x000000008f200000, 0x000000008f300000, 0x000000008f300000|100%| O|  |TAMS 0x000000008f200000, 0x000000008f200000| Untracked 
| 243|0x000000008f300000, 0x000000008f400000, 0x000000008f400000|100%| O|  |TAMS 0x000000008f300000, 0x000000008f300000| Untracked 
| 244|0x000000008f400000, 0x000000008f500000, 0x000000008f500000|100%| O|  |TAMS 0x000000008f400000, 0x000000008f400000| Untracked 
| 245|0x000000008f500000, 0x000000008f600000, 0x000000008f600000|100%| O|  |TAMS 0x000000008f500000, 0x000000008f500000| Untracked 
| 246|0x000000008f600000, 0x000000008f700000, 0x000000008f700000|100%| O|  |TAMS 0x000000008f600000, 0x000000008f600000| Untracked 
| 247|0x000000008f700000, 0x000000008f800000, 0x000000008f800000|100%| O|  |TAMS 0x000000008f700000, 0x000000008f700000| Untracked 
| 248|0x000000008f800000, 0x000000008f900000, 0x000000008f900000|100%| O|  |TAMS 0x000000008f800000, 0x000000008f800000| Untracked 
| 249|0x000000008f900000, 0x000000008f900000, 0x000000008fa00000|  0%| F|  |TAMS 0x000000008f900000, 0x000000008f900000| Untracked 
| 250|0x000000008fa00000, 0x000000008fa00000, 0x000000008fb00000|  0%| F|  |TAMS 0x000000008fa00000, 0x000000008fa00000| Untracked 
| 251|0x000000008fb00000, 0x000000008fb00000, 0x000000008fc00000|  0%| F|  |TAMS 0x000000008fb00000, 0x000000008fb00000| Untracked 
| 252|0x000000008fc00000, 0x000000008fc00000, 0x000000008fd00000|  0%| F|  |TAMS 0x000000008fc00000, 0x000000008fc00000| Untracked 
| 253|0x000000008fd00000, 0x000000008fd00000, 0x000000008fe00000|  0%| F|  |TAMS 0x000000008fd00000, 0x000000008fd00000| Untracked 
| 254|0x000000008fe00000, 0x000000008fe00000, 0x000000008ff00000|  0%| F|  |TAMS 0x000000008fe00000, 0x000000008fe00000| Untracked 
| 255|0x000000008ff00000, 0x000000008ff00000, 0x0000000090000000|  0%| F|  |TAMS 0x000000008ff00000, 0x000000008ff00000| Untracked 
| 256|0x0000000090000000, 0x0000000090000000, 0x0000000090100000|  0%| F|  |TAMS 0x0000000090000000, 0x0000000090000000| Untracked 
| 257|0x0000000090100000, 0x0000000090100000, 0x0000000090200000|  0%| F|  |TAMS 0x0000000090100000, 0x0000000090100000| Untracked 
| 258|0x0000000090200000, 0x0000000090200000, 0x0000000090300000|  0%| F|  |TAMS 0x0000000090200000, 0x0000000090200000| Untracked 
| 259|0x0000000090300000, 0x0000000090300000, 0x0000000090400000|  0%| F|  |TAMS 0x0000000090300000, 0x0000000090300000| Untracked 
| 260|0x0000000090400000, 0x0000000090400000, 0x0000000090500000|  0%| F|  |TAMS 0x0000000090400000, 0x0000000090400000| Untracked 
| 261|0x0000000090500000, 0x0000000090500000, 0x0000000090600000|  0%| F|  |TAMS 0x0000000090500000, 0x0000000090500000| Untracked 
| 262|0x0000000090600000, 0x0000000090600000, 0x0000000090700000|  0%| F|  |TAMS 0x0000000090600000, 0x0000000090600000| Untracked 
| 263|0x0000000090700000, 0x0000000090700000, 0x0000000090800000|  0%| F|  |TAMS 0x0000000090700000, 0x0000000090700000| Untracked 
| 264|0x0000000090800000, 0x0000000090800000, 0x0000000090900000|  0%| F|  |TAMS 0x0000000090800000, 0x0000000090800000| Untracked 
| 265|0x0000000090900000, 0x0000000090900000, 0x0000000090a00000|  0%| F|  |TAMS 0x0000000090900000, 0x0000000090900000| Untracked 
| 266|0x0000000090a00000, 0x0000000090a00000, 0x0000000090b00000|  0%| F|  |TAMS 0x0000000090a00000, 0x0000000090a00000| Untracked 
| 267|0x0000000090b00000, 0x0000000090b00000, 0x0000000090c00000|  0%| F|  |TAMS 0x0000000090b00000, 0x0000000090b00000| Untracked 
| 268|0x0000000090c00000, 0x0000000090c00000, 0x0000000090d00000|  0%| F|  |TAMS 0x0000000090c00000, 0x0000000090c00000| Untracked 
| 269|0x0000000090d00000, 0x0000000090d00000, 0x0000000090e00000|  0%| F|  |TAMS 0x0000000090d00000, 0x0000000090d00000| Untracked 
| 270|0x0000000090e00000, 0x0000000090e00000, 0x0000000090f00000|  0%| F|  |TAMS 0x0000000090e00000, 0x0000000090e00000| Untracked 
| 271|0x0000000090f00000, 0x0000000090f00000, 0x0000000091000000|  0%| F|  |TAMS 0x0000000090f00000, 0x0000000090f00000| Untracked 
| 272|0x0000000091000000, 0x0000000091000000, 0x0000000091100000|  0%| F|  |TAMS 0x0000000091000000, 0x0000000091000000| Untracked 
| 273|0x0000000091100000, 0x0000000091100000, 0x0000000091200000|  0%| F|  |TAMS 0x0000000091100000, 0x0000000091100000| Untracked 
| 274|0x0000000091200000, 0x0000000091300000, 0x0000000091300000|100%| S|CS|TAMS 0x0000000091200000, 0x0000000091200000| Complete 
| 275|0x0000000091300000, 0x0000000091400000, 0x0000000091400000|100%| S|CS|TAMS 0x0000000091300000, 0x0000000091300000| Complete 
| 276|0x0000000091400000, 0x0000000091500000, 0x0000000091500000|100%| S|CS|TAMS 0x0000000091400000, 0x0000000091400000| Complete 
| 277|0x0000000091500000, 0x0000000091600000, 0x0000000091600000|100%| S|CS|TAMS 0x0000000091500000, 0x0000000091500000| Complete 
| 278|0x0000000091600000, 0x0000000091600000, 0x0000000091700000|  0%| F|  |TAMS 0x0000000091600000, 0x0000000091600000| Untracked 
| 279|0x0000000091700000, 0x0000000091700000, 0x0000000091800000|  0%| F|  |TAMS 0x0000000091700000, 0x0000000091700000| Untracked 
| 280|0x0000000091800000, 0x0000000091800000, 0x0000000091900000|  0%| F|  |TAMS 0x0000000091800000, 0x0000000091800000| Untracked 
| 281|0x0000000091900000, 0x0000000091900000, 0x0000000091a00000|  0%| F|  |TAMS 0x0000000091900000, 0x0000000091900000| Untracked 
| 282|0x0000000091a00000, 0x0000000091a00000, 0x0000000091b00000|  0%| F|  |TAMS 0x0000000091a00000, 0x0000000091a00000| Untracked 
| 283|0x0000000091b00000, 0x0000000091b00000, 0x0000000091c00000|  0%| F|  |TAMS 0x0000000091b00000, 0x0000000091b00000| Untracked 
| 284|0x0000000091c00000, 0x0000000091c00000, 0x0000000091d00000|  0%| F|  |TAMS 0x0000000091c00000, 0x0000000091c00000| Untracked 
| 285|0x0000000091d00000, 0x0000000091d00000, 0x0000000091e00000|  0%| F|  |TAMS 0x0000000091d00000, 0x0000000091d00000| Untracked 
| 286|0x0000000091e00000, 0x0000000091e00000, 0x0000000091f00000|  0%| F|  |TAMS 0x0000000091e00000, 0x0000000091e00000| Untracked 
| 287|0x0000000091f00000, 0x0000000091f00000, 0x0000000092000000|  0%| F|  |TAMS 0x0000000091f00000, 0x0000000091f00000| Untracked 
| 288|0x0000000092000000, 0x0000000092000000, 0x0000000092100000|  0%| F|  |TAMS 0x0000000092000000, 0x0000000092000000| Untracked 
| 289|0x0000000092100000, 0x0000000092100000, 0x0000000092200000|  0%| F|  |TAMS 0x0000000092100000, 0x0000000092100000| Untracked 
| 290|0x0000000092200000, 0x0000000092200000, 0x0000000092300000|  0%| F|  |TAMS 0x0000000092200000, 0x0000000092200000| Untracked 
| 291|0x0000000092300000, 0x0000000092300000, 0x0000000092400000|  0%| F|  |TAMS 0x0000000092300000, 0x0000000092300000| Untracked 
| 292|0x0000000092400000, 0x0000000092400000, 0x0000000092500000|  0%| F|  |TAMS 0x0000000092400000, 0x0000000092400000| Untracked 
| 293|0x0000000092500000, 0x0000000092500000, 0x0000000092600000|  0%| F|  |TAMS 0x0000000092500000, 0x0000000092500000| Untracked 
| 294|0x0000000092600000, 0x0000000092600000, 0x0000000092700000|  0%| F|  |TAMS 0x0000000092600000, 0x0000000092600000| Untracked 
| 295|0x0000000092700000, 0x0000000092700000, 0x0000000092800000|  0%| F|  |TAMS 0x0000000092700000, 0x0000000092700000| Untracked 
| 296|0x0000000092800000, 0x0000000092800000, 0x0000000092900000|  0%| F|  |TAMS 0x0000000092800000, 0x0000000092800000| Untracked 
| 297|0x0000000092900000, 0x0000000092900000, 0x0000000092a00000|  0%| F|  |TAMS 0x0000000092900000, 0x0000000092900000| Untracked 
| 298|0x0000000092a00000, 0x0000000092a00000, 0x0000000092b00000|  0%| F|  |TAMS 0x0000000092a00000, 0x0000000092a00000| Untracked 

Card table byte_map: [0x000002279a310000,0x000002279a710000] _byte_map_base: 0x0000022799f10000

Marking Bits (Prev, Next): (CMBitMap*) 0x0000022786e1d3b0, (CMBitMap*) 0x0000022786e1d378
 Prev Bits: [0x000002279cb10000, 0x000002279eb10000)
 Next Bits: [0x000002279ab10000, 0x000002279cb10000)

Polling page: 0x0000022785530000

Metaspace:

Usage:
  Non-class:     98.01 MB capacity,    96.12 MB ( 98%) used,     1.51 MB (  2%) free+waste,   392.25 KB ( <1%) overhead. 
      Class:     15.38 MB capacity,    14.18 MB ( 92%) used,     1.03 MB (  7%) free+waste,   172.69 KB (  1%) overhead. 
       Both:    113.39 MB capacity,   110.30 MB ( 97%) used,     2.54 MB (  2%) free+waste,   564.94 KB ( <1%) overhead. 

Virtual space:
  Non-class space:      100.00 MB reserved,      98.25 MB ( 98%) committed 
      Class space:        1.00 GB reserved,      15.50 MB (  2%) committed 
             Both:        1.10 GB reserved,     113.75 MB ( 10%) committed 

Chunk freelists:
   Non-Class:  0 bytes
       Class:  25.00 KB
        Both:  25.00 KB

MaxMetaspaceSize: 17179869184.00 GB
CompressedClassSpaceSize: 1.00 GB
Initial GC threshold: 20.80 MB
Current GC threshold: 188.54 MB
CDS: off

CodeHeap 'non-profiled nmethods': size=120064Kb used=12930Kb max_used=12930Kb free=107133Kb
 bounds [0x00000227923b0000, 0x0000022793060000, 0x00000227998f0000]
CodeHeap 'profiled nmethods': size=120000Kb used=37629Kb max_used=37936Kb free=82370Kb
 bounds [0x000002278ae80000, 0x000002278d420000, 0x00000227923b0000]
CodeHeap 'non-nmethods': size=5696Kb used=2443Kb max_used=2533Kb free=3252Kb
 bounds [0x000002278a8f0000, 0x000002278ab80000, 0x000002278ae80000]
 total_blobs=17307 nmethods=16335 adapters=883
 compilation: enabled
              stopped_count=0, restarted_count=0
 full_count=0

Compilation events (20 events):
Event: 44.278 Thread 0x00000227a19af800 18133       2       com.android.tools.r8.code.n2::<init> (7 bytes)
Event: 44.278 Thread 0x00000227a19af800 nmethod 18133 0x000002278b3dcc90 code [0x000002278b3dce60, 0x000002278b3dd028]
Event: 44.278 Thread 0x00000227a19af800 18149       2       com.android.tools.r8.code.M1::<init> (8 bytes)
Event: 44.279 Thread 0x00000227a19af800 nmethod 18149 0x000002278b25d910 code [0x000002278b25dae0, 0x000002278b25ddb8]
Event: 44.279 Thread 0x00000227a19af800 18131       2       com.android.tools.r8.code.b1::<init> (7 bytes)
Event: 44.279 Thread 0x00000227a19af800 nmethod 18131 0x000002278b3dc710 code [0x000002278b3dc8e0, 0x000002278b3dcaa8]
Event: 44.279 Thread 0x00000227a19af800 18141       2       com.android.tools.r8.code.I2::<init> (13 bytes)
Event: 44.279 Thread 0x00000227a19af800 nmethod 18141 0x000002278b25d510 code [0x000002278b25d6c0, 0x000002278b25d7e8]
Event: 44.279 Thread 0x00000227a19af800 18126       2       com.android.tools.r8.code.K3::<init> (13 bytes)
Event: 44.279 Thread 0x00000227a19af800 nmethod 18126 0x000002278b25cc10 code [0x000002278b25cde0, 0x000002278b25d048]
Event: 44.279 Thread 0x00000227a19af800 18130       2       com.android.tools.r8.code.R1::<init> (13 bytes)
Event: 44.279 Thread 0x00000227a19af800 nmethod 18130 0x000002278b5a8010 code [0x000002278b5a81c0, 0x000002278b5a82e8]
Event: 44.290 Thread 0x00000227a19af800 18154       2       java.util.concurrent.ConcurrentLinkedQueue::add (6 bytes)
Event: 44.290 Thread 0x00000227a19af800 nmethod 18154 0x000002278c221490 code [0x000002278c221640, 0x000002278c221748]
Event: 44.309 Thread 0x00000227a19af800 18155       2       com.android.tools.r8.code.N0::hashCode (28 bytes)
Event: 44.309 Thread 0x00000227a19af800 nmethod 18155 0x000002278c24a390 code [0x000002278c24a540, 0x000002278c24a688]
Event: 44.309 Thread 0x00000227a19af800 18156       2       com.android.tools.r8.internal.So::b (146 bytes)
Event: 44.309 Thread 0x00000227a19af800 nmethod 18156 0x000002278b5a7510 code [0x000002278b5a7700, 0x000002278b5a7c98]
Event: 44.314 Thread 0x00000227a19af800 18157       2       com.android.tools.r8.internal.ml::b (42 bytes)
Event: 44.314 Thread 0x00000227a19af800 nmethod 18157 0x000002278b750690 code [0x000002278b750880, 0x000002278b750af8]

GC Heap History (20 events):
Event: 40.227 GC heap after
{Heap after GC invocations=54 (full 0):
 garbage-first heap   total 236544K, used 130338K [0x0000000080000000, 0x0000000100000000)
  region size 1024K, 2 young (2048K), 2 survivors (2048K)
 Metaspace       used 108214K, capacity 111023K, committed 111104K, reserved 1144832K
  class space    used 14003K, capacity 15075K, committed 15104K, reserved 1048576K
}
Event: 40.884 GC heap before
{Heap before GC invocations=55 (full 0):
 garbage-first heap   total 236544K, used 205090K [0x0000000080000000, 0x0000000100000000)
  region size 1024K, 75 young (76800K), 2 survivors (2048K)
 Metaspace       used 109569K, capacity 112539K, committed 112640K, reserved 1146880K
  class space    used 14186K, capacity 15332K, committed 15360K, reserved 1048576K
}
Event: 40.893 GC heap after
{Heap after GC invocations=56 (full 0):
 garbage-first heap   total 236544K, used 132263K [0x0000000080000000, 0x0000000100000000)
  region size 1024K, 4 young (4096K), 4 survivors (4096K)
 Metaspace       used 109569K, capacity 112539K, committed 112640K, reserved 1146880K
  class space    used 14186K, capacity 15332K, committed 15360K, reserved 1048576K
}
Event: 40.941 GC heap before
{Heap before GC invocations=56 (full 0):
 garbage-first heap   total 236544K, used 138407K [0x0000000080000000, 0x0000000100000000)
  region size 1024K, 11 young (11264K), 4 survivors (4096K)
 Metaspace       used 109718K, capacity 112647K, committed 112896K, reserved 1146880K
  class space    used 14201K, capacity 15345K, committed 15360K, reserved 1048576K
}
Event: 40.947 GC heap after
{Heap after GC invocations=57 (full 0):
 garbage-first heap   total 236544K, used 131038K [0x0000000080000000, 0x0000000100000000)
  region size 1024K, 2 young (2048K), 2 survivors (2048K)
 Metaspace       used 109718K, capacity 112647K, committed 112896K, reserved 1146880K
  class space    used 14201K, capacity 15345K, committed 15360K, reserved 1048576K
}
Event: 42.223 GC heap before
{Heap before GC invocations=57 (full 0):
 garbage-first heap   total 236544K, used 216030K [0x0000000080000000, 0x0000000100000000)
  region size 1024K, 74 young (75776K), 2 survivors (2048K)
 Metaspace       used 111600K, capacity 114713K, committed 114944K, reserved 1148928K
  class space    used 14370K, capacity 15573K, committed 15616K, reserved 1048576K
}
Event: 42.231 GC heap after
{Heap after GC invocations=58 (full 0):
 garbage-first heap   total 236544K, used 143917K [0x0000000080000000, 0x0000000100000000)
  region size 1024K, 5 young (5120K), 5 survivors (5120K)
 Metaspace       used 111600K, capacity 114713K, committed 114944K, reserved 1148928K
  class space    used 14370K, capacity 15573K, committed 15616K, reserved 1048576K
}
Event: 43.244 GC heap before
{Heap before GC invocations=58 (full 0):
 garbage-first heap   total 236544K, used 197165K [0x0000000080000000, 0x0000000100000000)
  region size 1024K, 42 young (43008K), 5 survivors (5120K)
 Metaspace       used 112403K, capacity 115534K, committed 115840K, reserved 1148928K
  class space    used 14478K, capacity 15691K, committed 15744K, reserved 1048576K
}
Event: 43.251 GC heap after
{Heap after GC invocations=59 (full 0):
 garbage-first heap   total 236544K, used 164851K [0x0000000080000000, 0x0000000100000000)
  region size 1024K, 9 young (9216K), 9 survivors (9216K)
 Metaspace       used 112403K, capacity 115534K, committed 115840K, reserved 1148928K
  class space    used 14478K, capacity 15691K, committed 15744K, reserved 1048576K
}
Event: 43.401 GC heap before
{Heap before GC invocations=59 (full 0):
 garbage-first heap   total 236544K, used 231411K [0x0000000080000000, 0x0000000100000000)
  region size 1024K, 44 young (45056K), 9 survivors (9216K)
 Metaspace       used 112502K, capacity 115670K, committed 115840K, reserved 1148928K
  class space    used 14484K, capacity 15693K, committed 15744K, reserved 1048576K
}
Event: 43.415 GC heap after
{Heap after GC invocations=60 (full 0):
 garbage-first heap   total 254976K, used 191431K [0x0000000080000000, 0x0000000100000000)
  region size 1024K, 6 young (6144K), 6 survivors (6144K)
 Metaspace       used 112502K, capacity 115670K, committed 115840K, reserved 1148928K
  class space    used 14484K, capacity 15693K, committed 15744K, reserved 1048576K
}
Event: 43.650 GC heap before
{Heap before GC invocations=60 (full 0):
 garbage-first heap   total 254976K, used 214983K [0x0000000080000000, 0x0000000100000000)
  region size 1024K, 29 young (29696K), 6 survivors (6144K)
 Metaspace       used 112502K, capacity 115670K, committed 115840K, reserved 1148928K
  class space    used 14484K, capacity 15693K, committed 15744K, reserved 1048576K
}
Event: 43.668 GC heap after
{Heap after GC invocations=61 (full 0):
 garbage-first heap   total 306176K, used 201157K [0x0000000080000000, 0x0000000100000000)
  region size 1024K, 4 young (4096K), 4 survivors (4096K)
 Metaspace       used 112502K, capacity 115670K, committed 115840K, reserved 1148928K
  class space    used 14484K, capacity 15693K, committed 15744K, reserved 1048576K
}
Event: 43.864 GC heap before
{Heap before GC invocations=62 (full 0):
 garbage-first heap   total 306176K, used 248261K [0x0000000080000000, 0x0000000100000000)
  region size 1024K, 47 young (48128K), 4 survivors (4096K)
 Metaspace       used 112528K, capacity 115672K, committed 115840K, reserved 1148928K
  class space    used 14488K, capacity 15693K, committed 15744K, reserved 1048576K
}
Event: 43.898 GC heap after
{Heap after GC invocations=63 (full 0):
 garbage-first heap   total 306176K, used 221184K [0x0000000080000000, 0x0000000100000000)
  region size 1024K, 6 young (6144K), 6 survivors (6144K)
 Metaspace       used 112528K, capacity 115672K, committed 115840K, reserved 1148928K
  class space    used 14488K, capacity 15693K, committed 15744K, reserved 1048576K
}
Event: 44.003 GC heap before
{Heap before GC invocations=63 (full 0):
 garbage-first heap   total 306176K, used 231424K [0x0000000080000000, 0x0000000100000000)
  region size 1024K, 14 young (14336K), 6 survivors (6144K)
 Metaspace       used 112898K, capacity 116106K, committed 116480K, reserved 1150976K
  class space    used 14524K, capacity 15751K, committed 15872K, reserved 1048576K
}
Event: 44.026 GC heap after
{Heap after GC invocations=64 (full 0):
 garbage-first heap   total 306176K, used 212480K [0x0000000080000000, 0x0000000100000000)
  region size 1024K, 2 young (2048K), 2 survivors (2048K)
 Metaspace       used 112898K, capacity 116106K, committed 116480K, reserved 1150976K
  class space    used 14524K, capacity 15751K, committed 15872K, reserved 1048576K
}
Event: 44.168 GC heap before
{Heap before GC invocations=64 (full 0):
 garbage-first heap   total 306176K, used 247296K [0x0000000080000000, 0x0000000100000000)
  region size 1024K, 36 young (36864K), 2 survivors (2048K)
 Metaspace       used 112934K, capacity 116109K, committed 116480K, reserved 1150976K
  class space    used 14524K, capacity 15751K, committed 15872K, reserved 1048576K
}
Event: 44.192 GC heap after
{Heap after GC invocations=65 (full 0):
 garbage-first heap   total 306176K, used 230911K [0x0000000080000000, 0x0000000100000000)
  region size 1024K, 5 young (5120K), 5 survivors (5120K)
 Metaspace       used 112934K, capacity 116109K, committed 116480K, reserved 1150976K
  class space    used 14524K, capacity 15751K, committed 15872K, reserved 1048576K
}
Event: 44.325 GC heap before
{Heap before GC invocations=65 (full 0):
 garbage-first heap   total 306176K, used 251391K [0x0000000080000000, 0x0000000100000000)
  region size 1024K, 26 young (26624K), 5 survivors (5120K)
 Metaspace       used 112948K, capacity 116110K, committed 116480K, reserved 1150976K
  class space    used 14524K, capacity 15751K, committed 15872K, reserved 1048576K
}

Deoptimization events (20 events):
Event: 44.062 Thread 0x00000227a9153000 DEOPT PACKING pc=0x0000022793041f8c sp=0x000000df16dfe980
Event: 44.062 Thread 0x00000227a9153000 DEOPT UNPACKING pc=0x000002278a93a1af sp=0x000000df16dfe960 mode 2
Event: 44.232 Thread 0x00000227a9154800 Uncommon trap: trap_request=0xffffff4d fr.pc=0x000002279304b91c relative=0x0000000000006d5c
Event: 44.232 Thread 0x00000227a9154800 Uncommon trap: reason=unstable_if action=reinterpret pc=0x000002279304b91c method=com.android.tools.r8.code.y1.a(Ljava/nio/ShortBuffer;IILcom/android/tools/r8/internal/nI;)[Lcom/android/tools/r8/code/w1; @ 541 c2
Event: 44.232 Thread 0x00000227a9154800 DEOPT PACKING pc=0x000002279304b91c sp=0x000000df16ffea60
Event: 44.232 Thread 0x00000227a9154800 DEOPT UNPACKING pc=0x000002278a93a1af sp=0x000000df16ffea48 mode 2
Event: 44.282 Thread 0x00000227a9154800 DEOPT PACKING pc=0x000002278d40d18e sp=0x000000df16ffe2e0
Event: 44.282 Thread 0x00000227a9154800 DEOPT UNPACKING pc=0x000002278a93a95e sp=0x000000df16ffdf20 mode 0
Event: 44.287 Thread 0x00000227a9155800 Uncommon trap: trap_request=0xffffff4d fr.pc=0x000002279295fb94 relative=0x0000000000000354
Event: 44.288 Thread 0x00000227a9155800 Uncommon trap: reason=unstable_if action=reinterpret pc=0x000002279295fb94 method=java.util.concurrent.ConcurrentLinkedQueue.offer(Ljava/lang/Object;)Z @ 42 c2
Event: 44.288 Thread 0x00000227a9155800 DEOPT PACKING pc=0x000002279295fb94 sp=0x000000df170fea00
Event: 44.288 Thread 0x00000227a9155800 DEOPT UNPACKING pc=0x000002278a93a1af sp=0x000000df170fe948 mode 2
Event: 44.288 Thread 0x00000227a9155800 DEOPT PACKING pc=0x000002278d40d18e sp=0x000000df170fe010
Event: 44.288 Thread 0x00000227a9155800 DEOPT UNPACKING pc=0x000002278a93a95e sp=0x000000df170fdc50 mode 0
Event: 44.295 Thread 0x00000227a9155800 DEOPT PACKING pc=0x000002278d40d18e sp=0x000000df170fe010
Event: 44.295 Thread 0x00000227a9155800 DEOPT UNPACKING pc=0x000002278a93a95e sp=0x000000df170fdc50 mode 0
Event: 44.311 Thread 0x00000227a9154000 DEOPT PACKING pc=0x000002278d40d18e sp=0x000000df16efe050
Event: 44.311 Thread 0x00000227a9154000 DEOPT UNPACKING pc=0x000002278a93a95e sp=0x000000df16efdc90 mode 0
Event: 44.317 Thread 0x00000227a9153000 DEOPT PACKING pc=0x000002278d40d18e sp=0x000000df16dfe1f0
Event: 44.317 Thread 0x00000227a9153000 DEOPT UNPACKING pc=0x000002278a93a95e sp=0x000000df16dfde30 mode 0

Classes redefined (0 events):
No events

Internal exceptions (20 events):
Event: 36.546 Thread 0x00000227a4eb8800 Implicit null exception at 0x000002279245c097 to 0x000002279245c9bc
Event: 37.313 Thread 0x00000227a45d2800 Exception <a 'java/lang/NoSuchMethodError'{0x000000008d397290}: 'java.lang.Object java.lang.invoke.DirectMethodHandle$Holder.invokeSpecial(java.lang.Object, java.lang.Object, java.lang.Object, java.lang.Object, java.lang.Object, java.lang.Object, java.lang.Object, java.lang.Object, java.lang.Object, java.lang.Object, java.lang.Object)'> (0x000000008d397290) thrown at [./src/hotspot/share/interpreter/linkResolver.cpp, line 773]
Event: 37.314 Thread 0x00000227a45d2800 Exception <a 'java/lang/NoSuchMethodError'{0x000000008d3a3ec8}: 'java.lang.Object java.lang.invoke.Invokers$Holder.linkToTargetMethod(java.lang.Object, java.lang.Object, java.lang.Object, java.lang.Object, java.lang.Object, java.lang.Object, java.lang.Object, java.lang.Object, java.lang.Object, java.lang.Object)'> (0x000000008d3a3ec8) thrown at [./src/hotspot/share/interpreter/linkResolver.cpp, line 773]
Event: 37.351 Thread 0x00000227a45d2800 Exception <a 'java/lang/IncompatibleClassChangeError'{0x000000008ce45930}: Found class java.lang.Object, but interface was expected> (0x000000008ce45930) thrown at [./src/hotspot/share/interpreter/linkResolver.cpp, line 839]
Event: 40.645 Thread 0x00000227a45d2800 Exception <a 'java/lang/NoSuchMethodError'{0x000000008c097e88}: 'java.lang.Object java.lang.invoke.Invokers$Holder.linkToTargetMethod(java.lang.Object, int, java.lang.Object, java.lang.Object, java.lang.Object, java.lang.Object)'> (0x000000008c097e88) thrown at [./src/hotspot/share/interpreter/linkResolver.cpp, line 773]
Event: 40.649 Thread 0x00000227a45d2800 Exception <a 'java/lang/NoSuchMethodError'{0x000000008c0ad110}: 'java.lang.Object java.lang.invoke.Invokers$Holder.linkToTargetMethod(java.lang.Object, java.lang.Object, java.lang.Object, int, java.lang.Object, java.lang.Object, java.lang.Object)'> (0x000000008c0ad110) thrown at [./src/hotspot/share/interpreter/linkResolver.cpp, line 773]
Event: 40.664 Thread 0x00000227a45d2800 Exception <a 'java/lang/NoSuchMethodError'{0x000000008bf68d58}: 'void java.lang.invoke.DirectMethodHandle$Holder.invokeStatic(java.lang.Object, java.lang.Object, java.lang.Object, java.lang.Object, java.lang.Object, java.lang.Object, java.lang.Object, java.lang.Object)'> (0x000000008bf68d58) thrown at [./src/hotspot/share/interpreter/linkResolver.cpp, line 773]
Event: 40.851 Thread 0x00000227a45d2800 Exception <a 'java/lang/IncompatibleClassChangeError'{0x000000008a38fca0}: Found class java.lang.Object, but interface was expected> (0x000000008a38fca0) thrown at [./src/hotspot/share/interpreter/linkResolver.cpp, line 839]
Event: 41.065 Thread 0x00000227a4eb8800 Implicit null exception at 0x0000022792be6cef to 0x0000022792be6e2c
Event: 41.116 Thread 0x00000227a45d2800 Exception <a 'java/lang/NoSuchMethodError'{0x000000008c8eb9a8}: 'void java.lang.invoke.DirectMethodHandle$Holder.invokeSpecial(java.lang.Object, java.lang.Object, int)'> (0x000000008c8eb9a8) thrown at [./src/hotspot/share/interpreter/linkResolver.cpp, line 773]
Event: 41.303 Thread 0x00000227a45d2800 Exception <a 'sun/nio/fs/WindowsException'{0x000000008bd8f198}> (0x000000008bd8f198) thrown at [./src/hotspot/share/prims/jni.cpp, line 615]
Event: 41.445 Thread 0x00000227a4eb8800 Exception <a 'sun/nio/fs/WindowsException'{0x000000008b0ed688}> (0x000000008b0ed688) thrown at [./src/hotspot/share/prims/jni.cpp, line 615]
Event: 41.467 Thread 0x00000227a45d2800 Exception <a 'java/lang/NoSuchMethodError'{0x000000008af88578}: 'java.lang.Object java.lang.invoke.DirectMethodHandle$Holder.newInvokeSpecial(java.lang.Object, java.lang.Object, java.lang.Object, java.lang.Object)'> (0x000000008af88578) thrown at [./src/hotspot/share/interpreter/linkResolver.cpp, line 773]
Event: 41.961 Thread 0x00000227a402e000 Exception <a 'java/lang/NoSuchMethodError'{0x000000008a11b338}: <clinit>> (0x000000008a11b338) thrown at [./src/hotspot/share/prims/jni.cpp, line 1365]
Event: 43.048 Thread 0x00000227a46e5000 Exception <a 'sun/nio/fs/WindowsException'{0x000000008cb4e7e8}> (0x000000008cb4e7e8) thrown at [./src/hotspot/share/prims/jni.cpp, line 615]
Event: 43.048 Thread 0x00000227a46e5000 Exception <a 'sun/nio/fs/WindowsException'{0x000000008cb4f690}> (0x000000008cb4f690) thrown at [./src/hotspot/share/prims/jni.cpp, line 615]
Event: 43.048 Thread 0x00000227a46e5000 Exception <a 'sun/nio/fs/WindowsException'{0x000000008cb4f990}> (0x000000008cb4f990) thrown at [./src/hotspot/share/prims/jni.cpp, line 615]
Event: 43.078 Thread 0x00000227a46e5000 Exception <a 'sun/nio/fs/WindowsException'{0x000000008cb86120}> (0x000000008cb86120) thrown at [./src/hotspot/share/prims/jni.cpp, line 615]
Event: 43.078 Thread 0x00000227a46e5000 Exception <a 'sun/nio/fs/WindowsException'{0x000000008cb86fe8}> (0x000000008cb86fe8) thrown at [./src/hotspot/share/prims/jni.cpp, line 615]
Event: 43.212 Thread 0x00000227a46ee000 Exception <a 'sun/nio/fs/WindowsException'{0x000000008c9e1e98}> (0x000000008c9e1e98) thrown at [./src/hotspot/share/prims/jni.cpp, line 615]

Events (20 events):
Event: 43.933 Executing VM operation: RevokeBias
Event: 43.933 loading class java/util/AbstractList$SubList done
Event: 43.933 loading class java/util/AbstractList$RandomAccessSubList done
Event: 43.933 Executing VM operation: RevokeBias done
Event: 43.934 loading class java/util/AbstractList$SubList$1
Event: 43.935 loading class java/util/AbstractList$SubList$1 done
Event: 43.941 Executing VM operation: RevokeBias
Event: 43.941 Executing VM operation: RevokeBias done
Event: 43.946 loading class com/android/tools/r8/internal/So
Event: 43.946 loading class com/android/tools/r8/internal/So done
Event: 43.946 Executing VM operation: RevokeBias
Event: 43.946 Executing VM operation: RevokeBias done
Event: 44.003 Executing VM operation: G1CollectForAllocation
Event: 44.026 Executing VM operation: G1CollectForAllocation done
Event: 44.147 Executing VM operation: RevokeBias
Event: 44.149 Executing VM operation: RevokeBias done
Event: 44.149 Thread 0x00000227a46eb000 Thread exited: 0x00000227a46eb000
Event: 44.168 Executing VM operation: G1CollectForAllocation
Event: 44.192 Executing VM operation: G1CollectForAllocation done
Event: 44.319 Executing VM operation: G1CollectForAllocation


Dynamic libraries:
0x00007ff7e4020000 - 0x00007ff7e402a000 	D:\Android Studio\jre\bin\java.exe
0x00007ff95c530000 - 0x00007ff95c728000 	C:\Windows\SYSTEM32\ntdll.dll
0x00007ff95bc30000 - 0x00007ff95bcef000 	C:\Windows\System32\KERNEL32.DLL
0x00007ff959dc0000 - 0x00007ff95a09a000 	C:\Windows\System32\KERNELBASE.dll
0x00007ff959c40000 - 0x00007ff959d40000 	C:\Windows\System32\ucrtbase.dll
0x00007ff93d670000 - 0x00007ff93d687000 	D:\Android Studio\jre\bin\VCRUNTIME140.dll
0x00007ff9409d0000 - 0x00007ff9409e9000 	D:\Android Studio\jre\bin\jli.dll
0x00007ff95b8f0000 - 0x00007ff95ba8d000 	C:\Windows\System32\USER32.dll
0x00007ff95a340000 - 0x00007ff95a362000 	C:\Windows\System32\win32u.dll
0x00007ff94e180000 - 0x00007ff94e41a000 	C:\Windows\WinSxS\amd64_microsoft.windows.common-controls_6595b64144ccf1df_6.0.19041.1110_none_60b5254171f9507e\COMCTL32.dll
0x00007ff95b7c0000 - 0x00007ff95b7eb000 	C:\Windows\System32\GDI32.dll
0x00007ff95a8f0000 - 0x00007ff95a98e000 	C:\Windows\System32\msvcrt.dll
0x00007ff95a410000 - 0x00007ff95a520000 	C:\Windows\System32\gdi32full.dll
0x00007ff95a370000 - 0x00007ff95a40d000 	C:\Windows\System32\msvcp_win.dll
0x00007ff95bab0000 - 0x00007ff95bae0000 	C:\Windows\System32\IMM32.DLL
0x00007ff927b30000 - 0x00007ff927bcd000 	D:\Android Studio\jre\bin\msvcp140.dll
0x00007ff8eec40000 - 0x00007ff8ef725000 	D:\Android Studio\jre\bin\server\jvm.dll
0x00007ff95aac0000 - 0x00007ff95ab6e000 	C:\Windows\System32\ADVAPI32.dll
0x00007ff95bb90000 - 0x00007ff95bc2c000 	C:\Windows\System32\sechost.dll
0x00007ff95c210000 - 0x00007ff95c336000 	C:\Windows\System32\RPCRT4.dll
0x00007ff95b8e0000 - 0x00007ff95b8e8000 	C:\Windows\System32\PSAPI.DLL
0x00007ff94eb80000 - 0x00007ff94eb89000 	C:\Windows\SYSTEM32\WSOCK32.dll
0x00007ff94ed10000 - 0x00007ff94ed37000 	C:\Windows\SYSTEM32\WINMM.dll
0x00007ff95b7f0000 - 0x00007ff95b85b000 	C:\Windows\System32\WS2_32.dll
0x00007ff9537a0000 - 0x00007ff9537aa000 	C:\Windows\SYSTEM32\VERSION.dll
0x00007ff957b20000 - 0x00007ff957b32000 	C:\Windows\SYSTEM32\kernel.appcore.dll
0x00007ff93e830000 - 0x00007ff93e841000 	D:\Android Studio\jre\bin\verify.dll
0x00007ff941f50000 - 0x00007ff942134000 	C:\Windows\SYSTEM32\DBGHELP.DLL
0x00007ff941be0000 - 0x00007ff941c14000 	C:\Windows\SYSTEM32\dbgcore.DLL
0x00007ff95a200000 - 0x00007ff95a282000 	C:\Windows\System32\bcryptPrimitives.dll
0x00007ff939e50000 - 0x00007ff939e79000 	D:\Android Studio\jre\bin\java.dll
0x00007ff94c9a0000 - 0x00007ff94c9ab000 	D:\Android Studio\jre\bin\jimage.dll
0x00007ff93e810000 - 0x00007ff93e828000 	D:\Android Studio\jre\bin\zip.dll
0x00007ff95acb0000 - 0x00007ff95b3f4000 	C:\Windows\System32\SHELL32.dll
0x00007ff957d20000 - 0x00007ff9584b3000 	C:\Windows\SYSTEM32\windows.storage.dll
0x00007ff95a590000 - 0x00007ff95a8e4000 	C:\Windows\System32\combase.dll
0x00007ff9595c0000 - 0x00007ff9595ee000 	C:\Windows\SYSTEM32\Wldp.dll
0x00007ff95c160000 - 0x00007ff95c20d000 	C:\Windows\System32\SHCORE.dll
0x00007ff95b510000 - 0x00007ff95b565000 	C:\Windows\System32\shlwapi.dll
0x00007ff959b80000 - 0x00007ff959b9f000 	C:\Windows\SYSTEM32\profapi.dll
0x00007ff93d640000 - 0x00007ff93d65a000 	D:\Android Studio\jre\bin\net.dll
0x00007ff953890000 - 0x00007ff95399a000 	C:\Windows\SYSTEM32\WINHTTP.dll
0x00007ff959320000 - 0x00007ff95938a000 	C:\Windows\system32\mswsock.dll
0x00007ff939a50000 - 0x00007ff939a64000 	D:\Android Studio\jre\bin\nio.dll
0x00007ff9400f0000 - 0x00007ff940117000 	C:\Users\posox\.gradle\native\e1d6ef7f7dcc3fd88c89a11ec53ec762bb8ba0a96d01ffa2cd45eb1d1d8dd5c5\windows-amd64\native-platform.dll
0x00007ff940160000 - 0x00007ff9402a4000 	C:\Users\posox\.gradle\native\5664cfc778a61ccfe75a443a1ab52a65af34e5dc3c78e0209fed803814484fcb\windows-amd64\native-platform-file-events.dll
0x00007ff939e40000 - 0x00007ff939e4a000 	D:\Android Studio\jre\bin\management.dll
0x00007ff939110000 - 0x00007ff93911d000 	D:\Android Studio\jre\bin\management_ext.dll
0x00007ff959510000 - 0x00007ff959528000 	C:\Windows\SYSTEM32\CRYPTSP.dll
0x00007ff958c40000 - 0x00007ff958c74000 	C:\Windows\system32\rsaenh.dll
0x00007ff959d40000 - 0x00007ff959d67000 	C:\Windows\System32\bcrypt.dll
0x00007ff959b40000 - 0x00007ff959b6e000 	C:\Windows\SYSTEM32\USERENV.dll
0x00007ff959530000 - 0x00007ff95953c000 	C:\Windows\SYSTEM32\CRYPTBASE.dll
0x00007ff959010000 - 0x00007ff95904c000 	C:\Windows\SYSTEM32\IPHLPAPI.DLL
0x00007ff95baa0000 - 0x00007ff95baa8000 	C:\Windows\System32\NSI.dll
0x00007ff954510000 - 0x00007ff954527000 	C:\Windows\SYSTEM32\dhcpcsvc6.DLL
0x00007ff9544f0000 - 0x00007ff95450d000 	C:\Windows\SYSTEM32\dhcpcsvc.DLL
0x00007ff959050000 - 0x00007ff95911b000 	C:\Windows\SYSTEM32\DNSAPI.dll
0x00007ff9558a0000 - 0x00007ff9558a8000 	D:\Android Studio\jre\bin\rmi.dll

dbghelp: loaded successfully - version: 4.0.5 - missing functions: none
symbol engine: initialized successfully - sym options: 0x614 - pdb path: .;D:\Android Studio\jre\bin;C:\Windows\SYSTEM32;C:\Windows\WinSxS\amd64_microsoft.windows.common-controls_6595b64144ccf1df_6.0.19041.1110_none_60b5254171f9507e;D:\Android Studio\jre\bin\server;C:\Users\posox\.gradle\native\e1d6ef7f7dcc3fd88c89a11ec53ec762bb8ba0a96d01ffa2cd45eb1d1d8dd5c5\windows-amd64;C:\Users\posox\.gradle\native\5664cfc778a61ccfe75a443a1ab52a65af34e5dc3c78e0209fed803814484fcb\windows-amd64

VM Arguments:
jvm_args: --add-opens=java.base/java.util=ALL-UNNAMED --add-opens=java.base/java.lang=ALL-UNNAMED --add-opens=java.base/java.lang.invoke=ALL-UNNAMED --add-opens=java.base/java.util=ALL-UNNAMED --add-opens=java.prefs/java.util.prefs=ALL-UNNAMED --add-opens=java.prefs/java.util.prefs=ALL-UNNAMED --add-opens=java.base/java.nio.charset=ALL-UNNAMED --add-opens=java.base/java.net=ALL-UNNAMED --add-opens=java.base/java.util.concurrent.atomic=ALL-UNNAMED -Xmx2048m -Dfile.encoding=UTF-8 -Duser.country=US -Duser.language=en -Duser.variant 
java_command: org.gradle.launcher.daemon.bootstrap.GradleDaemon 7.3.3
java_class_path (initial): C:\Users\posox\.gradle\wrapper\dists\gradle-7.3.3-bin\6a41zxkdtcxs8rphpq6y0069z\gradle-7.3.3\lib\gradle-launcher-7.3.3.jar
Launcher Type: SUN_STANDARD

[Global flags]
     intx CICompilerCount                          = 3                                         {product} {ergonomic}
     uint ConcGCThreads                            = 1                                         {product} {ergonomic}
     uint G1ConcRefinementThreads                  = 4                                         {product} {ergonomic}
   size_t G1HeapRegionSize                         = 1048576                                   {product} {ergonomic}
    uintx GCDrainStackTargetSize                   = 64                                        {product} {ergonomic}
   size_t InitialHeapSize                          = 201326592                                 {product} {ergonomic}
   size_t MarkStackSize                            = 4194304                                   {product} {ergonomic}
   size_t MaxHeapSize                              = 2147483648                                {product} {command line}
   size_t MaxNewSize                               = 1287651328                                {product} {ergonomic}
   size_t MinHeapDeltaBytes                        = 1048576                                   {product} {ergonomic}
    uintx NonNMethodCodeHeapSize                   = 5830732                                {pd product} {ergonomic}
    uintx NonProfiledCodeHeapSize                  = 122913754                              {pd product} {ergonomic}
    uintx ProfiledCodeHeapSize                     = 122913754                              {pd product} {ergonomic}
    uintx ReservedCodeCacheSize                    = 251658240                              {pd product} {ergonomic}
     bool SegmentedCodeCache                       = true                                      {product} {ergonomic}
     bool UseCompressedClassPointers               = true                                 {lp64_product} {ergonomic}
     bool UseCompressedOops                        = true                                 {lp64_product} {ergonomic}
     bool UseG1GC                                  = true                                      {product} {ergonomic}
     bool UseLargePagesIndividualAllocation        = false                                  {pd product} {ergonomic}

Logging:
Log output configuration:
 #0: stdout all=warning uptime,level,tags
 #1: stderr all=off uptime,level,tags

Environment Variables:
JAVA_HOME=C:\Program Files\Java\jdk-18.0.2.1
PATH=C:\Program Files\Common Files\Oracle\Java\javapath;C:\Windows\system32;C:\Windows;C:\Windows\System32\Wbem;C:\Windows\System32\WindowsPowerShell\v1.0\;C:\Windows\System32\OpenSSH\;C:\Program Files\Git\cmd;C:\Program Files\Java\jdk-18.0.2.1\bin;;C:\Program Files (x86)\NVIDIA Corporation\PhysX\Common;C:\Users\posox\AppData\Local\Microsoft\WindowsApps;
USERNAME=posox
OS=Windows_NT
PROCESSOR_IDENTIFIER=Intel64 Family 6 Model 60 Stepping 3, GenuineIntel



---------------  S Y S T E M  ---------------

OS: Windows 10 , 64 bit Build 19041 (10.0.19041.2788)
OS uptime: 0 days 9:05 hours

CPU:total 4 (initial active 4) (4 cores per cpu, 1 threads per core) family 6 model 60 stepping 3 microcode 0x27, cmov, cx8, fxsr, mmx, sse, sse2, sse3, ssse3, sse4.1, sse4.2, popcnt, avx, avx2, aes, clmul, erms, lzcnt, tsc, tscinvbit, bmi1, bmi2, fma

Memory: 4k page, system-wide physical 12175M (1747M free)
TotalPageFile size 14223M (AvailPageFile size 115M)
current process WorkingSet (physical memory assigned to process): 686M, peak: 686M
current process commit charge ("private bytes"): 717M, peak: 853M

vm_info: OpenJDK 64-Bit Server VM (11.0.12+7-b1504.28-7817840) for windows-amd64 JRE (11.0.12+7-b1504.28-7817840), built on Oct 13 2021 22:12:33 by "builder" with MS VC++ 14.0 (VS2015)

END.
