#
# There is insufficient memory for the Java Runtime Environment to continue.
# Native memory allocation (malloc) failed to allocate 674416 bytes for Chunk::new
# Possible reasons:
#   The system is out of physical RAM or swap space
#   The process is running with CompressedOops enabled, and the Java Heap may be blocking the growth of the native heap
# Possible solutions:
#   Reduce memory load on the system
#   Increase physical memory or swap space
#   Check if swap backing store is full
#   Decrease Java heap size (-Xmx/-Xms)
#   Decrease number of Java threads
#   Decrease Java thread stack sizes (-Xss)
#   Set larger code cache with -XX:ReservedCodeCacheSize=
#   JVM is running with Unscaled Compressed Oops mode in which the Java heap is
#     placed in the first 4GB address space. The Java Heap base address is the
#     maximum limit for the native heap growth. Please use -XX:HeapBaseMinAddress
#     to set the Java Heap base and to place the Java Heap above 4GB virtual address.
# This output file may be truncated or incomplete.
#
#  Out of Memory Error (./src/hotspot/share/memory/arena.cpp:197), pid=12164, tid=964
#
# JRE version: OpenJDK Runtime Environment (11.0.12+7) (build 11.0.12+7-b1504.28-7817840)
# Java VM: OpenJDK 64-Bit Server VM (11.0.12+7-b1504.28-7817840, mixed mode, tiered, compressed oops, g1 gc, windows-amd64)
# No core dump will be written. Minidumps are not enabled by default on client versions of Windows
#

---------------  S U M M A R Y ------------

Command Line: --add-opens=java.base/java.util=ALL-UNNAMED --add-opens=java.base/java.lang=ALL-UNNAMED --add-opens=java.base/java.lang.invoke=ALL-UNNAMED --add-opens=java.base/java.util=ALL-UNNAMED --add-opens=java.prefs/java.util.prefs=ALL-UNNAMED --add-opens=java.prefs/java.util.prefs=ALL-UNNAMED --add-opens=java.base/java.nio.charset=ALL-UNNAMED --add-opens=java.base/java.net=ALL-UNNAMED --add-opens=java.base/java.util.concurrent.atomic=ALL-UNNAMED -Xmx2048m -Dfile.encoding=UTF-8 -Duser.country=US -Duser.language=en -Duser.variant org.gradle.launcher.daemon.bootstrap.GradleDaemon 7.3.3

Host: Intel(R) Core(TM) i5-4590 CPU @ 3.30GHz, 4 cores, 11G,  Windows 10 , 64 bit Build 19041 (10.0.19041.2546)
Time: Sat Apr  1 20:33:54 2023 Caucasus Standard Time elapsed time: 10.019930 seconds (0d 0h 0m 10s)

---------------  T H R E A D  ---------------

Current thread (0x0000028f5818c800):  JavaThread "C2 CompilerThread0" daemon [_thread_in_native, id=964, stack(0x000000967a400000,0x000000967a500000)]


Current CompileTask:
C2:  10019 3752       4       java.lang.invoke.MethodType::makeImpl (108 bytes)

Stack: [0x000000967a400000,0x000000967a500000]
Native frames: (J=compiled Java code, j=interpreted, Vv=VM code, C=native code)
V  [jvm.dll+0x5fbcea]
V  [jvm.dll+0x731905]
V  [jvm.dll+0x732f1d]
V  [jvm.dll+0x7335d3]
V  [jvm.dll+0x247bf8]
V  [jvm.dll+0xc018c]
V  [jvm.dll+0xc06cc]
V  [jvm.dll+0x2bcc04]
V  [jvm.dll+0x5113a8]
V  [jvm.dll+0x2018ec]
V  [jvm.dll+0x1ff71f]
V  [jvm.dll+0x18868c]
V  [jvm.dll+0x20e0d7]
V  [jvm.dll+0x20c901]
V  [jvm.dll+0x6f9b7f]
V  [jvm.dll+0x6f26a5]
V  [jvm.dll+0x5fabf6]
C  [ucrtbase.dll+0x21bb2]
C  [KERNEL32.DLL+0x17614]
C  [ntdll.dll+0x526a1]


---------------  P R O C E S S  ---------------

Threads class SMR info:
_java_thread_list=0x0000028f5c0b8b70, length=35, elements={
0x0000028f3d56c000, 0x0000028f58142800, 0x0000028f57922800, 0x0000028f5793d000,
0x0000028f5793e800, 0x0000028f58186000, 0x0000028f5818c800, 0x0000028f58197800,
0x0000028f5819d000, 0x0000028f5830f800, 0x0000028f59dfc800, 0x0000028f59b93800,
0x0000028f5a142800, 0x0000028f5a8e6800, 0x0000028f59dc7000, 0x0000028f5a1fb800,
0x0000028f5a1fc000, 0x0000028f59d44800, 0x0000028f5ae6d000, 0x0000028f5a667000,
0x0000028f5a668000, 0x0000028f5a66c000, 0x0000028f5a66b000, 0x0000028f5a66a800,
0x0000028f5a666800, 0x0000028f5a66d000, 0x0000028f5a669000, 0x0000028f5a669800,
0x0000028f5b760800, 0x0000028f5b761000, 0x0000028f5b767000, 0x0000028f5b765000,
0x0000028f5b768800, 0x0000028f5b763000, 0x0000028f5b769800
}

Java Threads: ( => current thread )
  0x0000028f3d56c000 JavaThread "main" [_thread_blocked, id=8256, stack(0x0000009679800000,0x0000009679900000)]
  0x0000028f58142800 JavaThread "Reference Handler" daemon [_thread_blocked, id=10056, stack(0x0000009679f00000,0x000000967a000000)]
  0x0000028f57922800 JavaThread "Finalizer" daemon [_thread_blocked, id=7320, stack(0x000000967a000000,0x000000967a100000)]
  0x0000028f5793d000 JavaThread "Signal Dispatcher" daemon [_thread_blocked, id=2800, stack(0x000000967a100000,0x000000967a200000)]
  0x0000028f5793e800 JavaThread "Attach Listener" daemon [_thread_blocked, id=4884, stack(0x000000967a200000,0x000000967a300000)]
  0x0000028f58186000 JavaThread "Service Thread" daemon [_thread_blocked, id=12948, stack(0x000000967a300000,0x000000967a400000)]
=>0x0000028f5818c800 JavaThread "C2 CompilerThread0" daemon [_thread_in_native, id=964, stack(0x000000967a400000,0x000000967a500000)]
  0x0000028f58197800 JavaThread "C1 CompilerThread0" daemon [_thread_blocked, id=4412, stack(0x000000967a500000,0x000000967a600000)]
  0x0000028f5819d000 JavaThread "Sweeper thread" daemon [_thread_blocked, id=6456, stack(0x000000967a600000,0x000000967a700000)]
  0x0000028f5830f800 JavaThread "Common-Cleaner" daemon [_thread_blocked, id=11712, stack(0x000000967a700000,0x000000967a800000)]
  0x0000028f59dfc800 JavaThread "Daemon health stats" [_thread_blocked, id=11024, stack(0x000000967ad00000,0x000000967ae00000)]
  0x0000028f59b93800 JavaThread "Incoming local TCP Connector on port 63272" [_thread_in_native, id=12404, stack(0x000000967ac00000,0x000000967ad00000)]
  0x0000028f5a142800 JavaThread "Daemon periodic checks" [_thread_blocked, id=2612, stack(0x000000967ae00000,0x000000967af00000)]
  0x0000028f5a8e6800 JavaThread "Daemon" [_thread_blocked, id=10228, stack(0x000000967af00000,0x000000967b000000)]
  0x0000028f59dc7000 JavaThread "Handler for socket connection from /127.0.0.1:63272 to /127.0.0.1:63273" [_thread_in_native, id=8148, stack(0x000000967b000000,0x000000967b100000)]
  0x0000028f5a1fb800 JavaThread "Cancel handler" [_thread_blocked, id=8320, stack(0x000000967b100000,0x000000967b200000)]
  0x0000028f5a1fc000 JavaThread "Daemon worker" [_thread_in_native, id=12276, stack(0x000000967b200000,0x000000967b300000)]
  0x0000028f59d44800 JavaThread "Asynchronous log dispatcher for DefaultDaemonConnection: socket connection from /127.0.0.1:63272 to /127.0.0.1:63273" [_thread_blocked, id=3576, stack(0x000000967b300000,0x000000967b400000)]
  0x0000028f5ae6d000 JavaThread "Stdin handler" [_thread_blocked, id=10756, stack(0x000000967b400000,0x000000967b500000)]
  0x0000028f5a667000 JavaThread "Daemon client event forwarder" [_thread_blocked, id=4932, stack(0x000000967b500000,0x000000967b600000)]
  0x0000028f5a668000 JavaThread "Cache worker for journal cache (C:\Users\posox\.gradle\caches\journal-1)" [_thread_blocked, id=11304, stack(0x000000967b600000,0x000000967b700000)]
  0x0000028f5a66c000 JavaThread "File lock request listener" [_thread_in_native, id=11416, stack(0x000000967b700000,0x000000967b800000)]
  0x0000028f5a66b000 JavaThread "Cache worker for file hash cache (C:\Users\posox\.gradle\caches\7.3.3\fileHashes)" [_thread_blocked, id=8216, stack(0x000000967b800000,0x000000967b900000)]
  0x0000028f5a66a800 JavaThread "Cache worker for file hash cache (C:\Users\posox\AndroidStudioProjects\ChatWithSupport\.gradle\7.3.3\fileHashes)" [_thread_blocked, id=14344, stack(0x000000967ba00000,0x000000967bb00000)]
  0x0000028f5a666800 JavaThread "File watcher server" daemon [_thread_in_native, id=6536, stack(0x000000967bb00000,0x000000967bc00000)]
  0x0000028f5a66d000 JavaThread "File watcher consumer" daemon [_thread_blocked, id=5872, stack(0x000000967bc00000,0x000000967bd00000)]
  0x0000028f5a669000 JavaThread "Cache worker for checksums cache (C:\Users\posox\AndroidStudioProjects\ChatWithSupport\.gradle\7.3.3\checksums)" [_thread_blocked, id=9168, stack(0x000000967bd00000,0x000000967be00000)]
  0x0000028f5a669800 JavaThread "Cache worker for cache directory md-supplier (C:\Users\posox\.gradle\caches\7.3.3\md-supplier)" [_thread_blocked, id=1568, stack(0x000000967be00000,0x000000967bf00000)]
  0x0000028f5b760800 JavaThread "Cache worker for cache directory md-rule (C:\Users\posox\.gradle\caches\7.3.3\md-rule)" [_thread_blocked, id=9040, stack(0x000000967bf00000,0x000000967c000000)]
  0x0000028f5b761000 JavaThread "Cache worker for execution history cache (C:\Users\posox\.gradle\caches\7.3.3\executionHistory)" [_thread_blocked, id=8236, stack(0x000000967c000000,0x000000967c100000)]
  0x0000028f5b767000 JavaThread "jar transforms" [_thread_blocked, id=4820, stack(0x000000967c100000,0x000000967c200000)]
  0x0000028f5b765000 JavaThread "Cache worker for file content cache (C:\Users\posox\.gradle\caches\7.3.3\fileContent)" [_thread_blocked, id=11896, stack(0x000000967c200000,0x000000967c300000)]
  0x0000028f5b768800 JavaThread "jar transforms Thread 2" [_thread_blocked, id=10880, stack(0x000000967c300000,0x000000967c400000)]
  0x0000028f5b763000 JavaThread "Cache worker for dependencies-accessors (C:\Users\posox\AndroidStudioProjects\ChatWithSupport\.gradle\7.3.3\dependencies-accessors)" [_thread_blocked, id=15352, stack(0x000000967c400000,0x000000967c500000)]
  0x0000028f5b769800 JavaThread "jar transforms Thread 3" [_thread_blocked, id=4040, stack(0x000000967c500000,0x000000967c600000)]

Other Threads:
  0x0000028f5791b000 VMThread "VM Thread" [stack: 0x0000009679e00000,0x0000009679f00000] [id=9148]
  0x0000028f58333800 WatcherThread [stack: 0x000000967a800000,0x000000967a900000] [id=11720]
  0x0000028f3d585000 GCTaskThread "GC Thread#0" [stack: 0x0000009679900000,0x0000009679a00000] [id=14880]
  0x0000028f58384000 GCTaskThread "GC Thread#1" [stack: 0x000000967a900000,0x000000967aa00000] [id=13920]
  0x0000028f58382000 GCTaskThread "GC Thread#2" [stack: 0x000000967aa00000,0x000000967ab00000] [id=908]
  0x0000028f58381800 GCTaskThread "GC Thread#3" [stack: 0x000000967ab00000,0x000000967ac00000] [id=5288]
  0x0000028f3d5b6000 ConcurrentGCThread "G1 Main Marker" [stack: 0x0000009679a00000,0x0000009679b00000] [id=13252]
  0x0000028f3d5b7000 ConcurrentGCThread "G1 Conc#0" [stack: 0x0000009679b00000,0x0000009679c00000] [id=12016]
  0x0000028f3d64d800 ConcurrentGCThread "G1 Refine#0" [stack: 0x0000009679c00000,0x0000009679d00000] [id=10132]
  0x0000028f3d64e800 ConcurrentGCThread "G1 Young RemSet Sampling" [stack: 0x0000009679d00000,0x0000009679e00000] [id=1844]

Threads with active compile tasks:
C2 CompilerThread0  10054 3752       4       java.lang.invoke.MethodType::makeImpl (108 bytes)

VM state:not at safepoint (normal execution)

VM Mutex/Monitor currently owned by a thread: None

Heap address: 0x0000000080000000, size: 2048 MB, Compressed Oops mode: 32-bit
Narrow klass base: 0x0000000000000000, Narrow klass shift: 3
Compressed class space size: 1073741824 Address: 0x0000000100000000

Heap:
 garbage-first heap   total 196608K, used 37718K [0x0000000080000000, 0x0000000100000000)
  region size 1024K, 22 young (22528K), 13 survivors (13312K)
 Metaspace       used 44373K, capacity 45432K, committed 45568K, reserved 1093632K
  class space    used 5689K, capacity 6057K, committed 6144K, reserved 1048576K
Heap Regions: E=young(eden), S=young(survivor), O=old, HS=humongous(starts), HC=humongous(continues), CS=collection set, F=free, A=archive, TAMS=top-at-mark-start (previous, next)
|   0|0x0000000080000000, 0x0000000080100000, 0x0000000080100000|100%| O|  |TAMS 0x0000000080100000, 0x0000000080000000| Untracked 
|   1|0x0000000080100000, 0x0000000080200000, 0x0000000080200000|100%| O|  |TAMS 0x0000000080200000, 0x0000000080100000| Untracked 
|   2|0x0000000080200000, 0x0000000080300000, 0x0000000080300000|100%| O|  |TAMS 0x0000000080300000, 0x0000000080200000| Untracked 
|   3|0x0000000080300000, 0x0000000080400000, 0x0000000080400000|100%|HS|  |TAMS 0x0000000080400000, 0x0000000080300000| Complete 
|   4|0x0000000080400000, 0x0000000080500000, 0x0000000080500000|100%|HC|  |TAMS 0x0000000080500000, 0x0000000080400000| Complete 
|   5|0x0000000080500000, 0x0000000080600000, 0x0000000080600000|100%|HC|  |TAMS 0x0000000080600000, 0x0000000080500000| Complete 
|   6|0x0000000080600000, 0x0000000080700000, 0x0000000080700000|100%| O|  |TAMS 0x0000000080700000, 0x0000000080600000| Untracked 
|   7|0x0000000080700000, 0x0000000080800000, 0x0000000080800000|100%| O|  |TAMS 0x0000000080800000, 0x0000000080700000| Untracked 
|   8|0x0000000080800000, 0x0000000080900000, 0x0000000080900000|100%| O|  |TAMS 0x0000000080900000, 0x0000000080800000| Untracked 
|   9|0x0000000080900000, 0x0000000080a00000, 0x0000000080a00000|100%| O|  |TAMS 0x0000000080a00000, 0x0000000080900000| Untracked 
|  10|0x0000000080a00000, 0x0000000080b00000, 0x0000000080b00000|100%| O|  |TAMS 0x0000000080b00000, 0x0000000080a00000| Untracked 
|  11|0x0000000080b00000, 0x0000000080c00000, 0x0000000080c00000|100%| O|  |TAMS 0x0000000080c00000, 0x0000000080b00000| Untracked 
|  12|0x0000000080c00000, 0x0000000080d00000, 0x0000000080d00000|100%| O|  |TAMS 0x0000000080d00000, 0x0000000080c00000| Untracked 
|  13|0x0000000080d00000, 0x0000000080e00000, 0x0000000080e00000|100%| O|  |TAMS 0x0000000080db7000, 0x0000000080d00000| Untracked 
|  14|0x0000000080e00000, 0x0000000080e00000, 0x0000000080f00000|  0%| F|  |TAMS 0x0000000080e00000, 0x0000000080e00000| Untracked 
|  15|0x0000000080f00000, 0x0000000080f00000, 0x0000000081000000|  0%| F|  |TAMS 0x0000000080f00000, 0x0000000080f00000| Untracked 
|  16|0x0000000081000000, 0x0000000081000000, 0x0000000081100000|  0%| F|  |TAMS 0x0000000081000000, 0x0000000081000000| Untracked 
|  17|0x0000000081100000, 0x0000000081100000, 0x0000000081200000|  0%| F|  |TAMS 0x0000000081100000, 0x0000000081100000| Untracked 
|  18|0x0000000081200000, 0x0000000081300000, 0x0000000081300000|100%| O|  |TAMS 0x0000000081200000, 0x0000000081200000| Untracked 
|  19|0x0000000081300000, 0x0000000081400000, 0x0000000081400000|100%| O|  |TAMS 0x0000000081300000, 0x0000000081300000| Untracked 
|  20|0x0000000081400000, 0x000000008145fc00, 0x0000000081500000| 37%| O|  |TAMS 0x0000000081400000, 0x0000000081400000| Untracked 
|  21|0x0000000081500000, 0x0000000081500000, 0x0000000081600000|  0%| F|  |TAMS 0x0000000081500000, 0x0000000081500000| Untracked 
|  22|0x0000000081600000, 0x0000000081600000, 0x0000000081700000|  0%| F|  |TAMS 0x0000000081600000, 0x0000000081600000| Untracked 
|  23|0x0000000081700000, 0x0000000081700000, 0x0000000081800000|  0%| F|  |TAMS 0x0000000081700000, 0x0000000081700000| Untracked 
|  24|0x0000000081800000, 0x0000000081800000, 0x0000000081900000|  0%| F|  |TAMS 0x0000000081800000, 0x0000000081800000| Untracked 
|  25|0x0000000081900000, 0x0000000081900000, 0x0000000081a00000|  0%| F|  |TAMS 0x0000000081900000, 0x0000000081900000| Untracked 
|  26|0x0000000081a00000, 0x0000000081a00000, 0x0000000081b00000|  0%| F|  |TAMS 0x0000000081a00000, 0x0000000081a00000| Untracked 
|  27|0x0000000081b00000, 0x0000000081b00000, 0x0000000081c00000|  0%| F|  |TAMS 0x0000000081b00000, 0x0000000081b00000| Untracked 
|  28|0x0000000081c00000, 0x0000000081c00000, 0x0000000081d00000|  0%| F|  |TAMS 0x0000000081c00000, 0x0000000081c00000| Untracked 
|  29|0x0000000081d00000, 0x0000000081d00000, 0x0000000081e00000|  0%| F|  |TAMS 0x0000000081d00000, 0x0000000081d00000| Untracked 
|  30|0x0000000081e00000, 0x0000000081e00000, 0x0000000081f00000|  0%| F|  |TAMS 0x0000000081e00000, 0x0000000081e00000| Untracked 
|  31|0x0000000081f00000, 0x0000000081f00000, 0x0000000082000000|  0%| F|  |TAMS 0x0000000081f00000, 0x0000000081f00000| Untracked 
|  32|0x0000000082000000, 0x0000000082000000, 0x0000000082100000|  0%| F|  |TAMS 0x0000000082000000, 0x0000000082000000| Untracked 
|  33|0x0000000082100000, 0x0000000082100000, 0x0000000082200000|  0%| F|  |TAMS 0x0000000082100000, 0x0000000082100000| Untracked 
|  34|0x0000000082200000, 0x0000000082200000, 0x0000000082300000|  0%| F|  |TAMS 0x0000000082200000, 0x0000000082200000| Untracked 
|  35|0x0000000082300000, 0x0000000082300000, 0x0000000082400000|  0%| F|  |TAMS 0x0000000082300000, 0x0000000082300000| Untracked 
|  36|0x0000000082400000, 0x0000000082400000, 0x0000000082500000|  0%| F|  |TAMS 0x0000000082400000, 0x0000000082400000| Untracked 
|  37|0x0000000082500000, 0x0000000082500000, 0x0000000082600000|  0%| F|  |TAMS 0x0000000082500000, 0x0000000082500000| Untracked 
|  38|0x0000000082600000, 0x0000000082600000, 0x0000000082700000|  0%| F|  |TAMS 0x0000000082600000, 0x0000000082600000| Untracked 
|  39|0x0000000082700000, 0x0000000082700000, 0x0000000082800000|  0%| F|  |TAMS 0x0000000082700000, 0x0000000082700000| Untracked 
|  40|0x0000000082800000, 0x0000000082800000, 0x0000000082900000|  0%| F|  |TAMS 0x0000000082800000, 0x0000000082800000| Untracked 
|  41|0x0000000082900000, 0x0000000082900000, 0x0000000082a00000|  0%| F|  |TAMS 0x0000000082900000, 0x0000000082900000| Untracked 
|  42|0x0000000082a00000, 0x0000000082a00000, 0x0000000082b00000|  0%| F|  |TAMS 0x0000000082a00000, 0x0000000082a00000| Untracked 
|  43|0x0000000082b00000, 0x0000000082b00000, 0x0000000082c00000|  0%| F|  |TAMS 0x0000000082b00000, 0x0000000082b00000| Untracked 
|  44|0x0000000082c00000, 0x0000000082c00000, 0x0000000082d00000|  0%| F|  |TAMS 0x0000000082c00000, 0x0000000082c00000| Untracked 
|  45|0x0000000082d00000, 0x0000000082d00000, 0x0000000082e00000|  0%| F|  |TAMS 0x0000000082d00000, 0x0000000082d00000| Untracked 
|  46|0x0000000082e00000, 0x0000000082e00000, 0x0000000082f00000|  0%| F|  |TAMS 0x0000000082e00000, 0x0000000082e00000| Untracked 
|  47|0x0000000082f00000, 0x0000000082f00000, 0x0000000083000000|  0%| F|  |TAMS 0x0000000082f00000, 0x0000000082f00000| Untracked 
|  48|0x0000000083000000, 0x0000000083000000, 0x0000000083100000|  0%| F|  |TAMS 0x0000000083000000, 0x0000000083000000| Untracked 
|  49|0x0000000083100000, 0x0000000083100000, 0x0000000083200000|  0%| F|  |TAMS 0x0000000083100000, 0x0000000083100000| Untracked 
|  50|0x0000000083200000, 0x0000000083200000, 0x0000000083300000|  0%| F|  |TAMS 0x0000000083200000, 0x0000000083200000| Untracked 
|  51|0x0000000083300000, 0x0000000083300000, 0x0000000083400000|  0%| F|  |TAMS 0x0000000083300000, 0x0000000083300000| Untracked 
|  52|0x0000000083400000, 0x0000000083400000, 0x0000000083500000|  0%| F|  |TAMS 0x0000000083400000, 0x0000000083400000| Untracked 
|  53|0x0000000083500000, 0x0000000083500000, 0x0000000083600000|  0%| F|  |TAMS 0x0000000083500000, 0x0000000083500000| Untracked 
|  54|0x0000000083600000, 0x0000000083600000, 0x0000000083700000|  0%| F|  |TAMS 0x0000000083600000, 0x0000000083600000| Untracked 
|  55|0x0000000083700000, 0x0000000083700000, 0x0000000083800000|  0%| F|  |TAMS 0x0000000083700000, 0x0000000083700000| Untracked 
|  56|0x0000000083800000, 0x0000000083800000, 0x0000000083900000|  0%| F|  |TAMS 0x0000000083800000, 0x0000000083800000| Untracked 
|  57|0x0000000083900000, 0x0000000083900000, 0x0000000083a00000|  0%| F|  |TAMS 0x0000000083900000, 0x0000000083900000| Untracked 
|  58|0x0000000083a00000, 0x0000000083a00000, 0x0000000083b00000|  0%| F|  |TAMS 0x0000000083a00000, 0x0000000083a00000| Untracked 
|  59|0x0000000083b00000, 0x0000000083b00000, 0x0000000083c00000|  0%| F|  |TAMS 0x0000000083b00000, 0x0000000083b00000| Untracked 
|  60|0x0000000083c00000, 0x0000000083c00000, 0x0000000083d00000|  0%| F|  |TAMS 0x0000000083c00000, 0x0000000083c00000| Untracked 
|  61|0x0000000083d00000, 0x0000000083d00000, 0x0000000083e00000|  0%| F|  |TAMS 0x0000000083d00000, 0x0000000083d00000| Untracked 
|  62|0x0000000083e00000, 0x0000000083e00000, 0x0000000083f00000|  0%| F|  |TAMS 0x0000000083e00000, 0x0000000083e00000| Untracked 
|  63|0x0000000083f00000, 0x0000000083f00000, 0x0000000084000000|  0%| F|  |TAMS 0x0000000083f00000, 0x0000000083f00000| Untracked 
|  64|0x0000000084000000, 0x0000000084000000, 0x0000000084100000|  0%| F|  |TAMS 0x0000000084000000, 0x0000000084000000| Untracked 
|  65|0x0000000084100000, 0x0000000084100000, 0x0000000084200000|  0%| F|  |TAMS 0x0000000084100000, 0x0000000084100000| Untracked 
|  66|0x0000000084200000, 0x0000000084200000, 0x0000000084300000|  0%| F|  |TAMS 0x0000000084200000, 0x0000000084200000| Untracked 
|  67|0x0000000084300000, 0x0000000084300000, 0x0000000084400000|  0%| F|  |TAMS 0x0000000084300000, 0x0000000084300000| Untracked 
|  68|0x0000000084400000, 0x0000000084400000, 0x0000000084500000|  0%| F|  |TAMS 0x0000000084400000, 0x0000000084400000| Untracked 
|  69|0x0000000084500000, 0x0000000084500000, 0x0000000084600000|  0%| F|  |TAMS 0x0000000084500000, 0x0000000084500000| Untracked 
|  70|0x0000000084600000, 0x0000000084600000, 0x0000000084700000|  0%| F|  |TAMS 0x0000000084600000, 0x0000000084600000| Untracked 
|  71|0x0000000084700000, 0x0000000084700000, 0x0000000084800000|  0%| F|  |TAMS 0x0000000084700000, 0x0000000084700000| Untracked 
|  72|0x0000000084800000, 0x0000000084875d58, 0x0000000084900000| 46%| S|CS|TAMS 0x0000000084800000, 0x0000000084800000| Complete 
|  73|0x0000000084900000, 0x0000000084a00000, 0x0000000084a00000|100%| S|CS|TAMS 0x0000000084900000, 0x0000000084900000| Complete 
|  74|0x0000000084a00000, 0x0000000084b00000, 0x0000000084b00000|100%| S|CS|TAMS 0x0000000084a00000, 0x0000000084a00000| Complete 
|  75|0x0000000084b00000, 0x0000000084c00000, 0x0000000084c00000|100%| S|CS|TAMS 0x0000000084b00000, 0x0000000084b00000| Complete 
|  76|0x0000000084c00000, 0x0000000084d00000, 0x0000000084d00000|100%| S|CS|TAMS 0x0000000084c00000, 0x0000000084c00000| Complete 
|  77|0x0000000084d00000, 0x0000000084e00000, 0x0000000084e00000|100%| S|CS|TAMS 0x0000000084d00000, 0x0000000084d00000| Complete 
|  78|0x0000000084e00000, 0x0000000084f00000, 0x0000000084f00000|100%| S|CS|TAMS 0x0000000084e00000, 0x0000000084e00000| Complete 
|  79|0x0000000084f00000, 0x0000000085000000, 0x0000000085000000|100%| S|CS|TAMS 0x0000000084f00000, 0x0000000084f00000| Complete 
|  80|0x0000000085000000, 0x0000000085100000, 0x0000000085100000|100%| S|CS|TAMS 0x0000000085000000, 0x0000000085000000| Complete 
|  81|0x0000000085100000, 0x0000000085200000, 0x0000000085200000|100%| S|CS|TAMS 0x0000000085100000, 0x0000000085100000| Complete 
|  82|0x0000000085200000, 0x0000000085300000, 0x0000000085300000|100%| S|CS|TAMS 0x0000000085200000, 0x0000000085200000| Complete 
|  83|0x0000000085300000, 0x0000000085400000, 0x0000000085400000|100%| S|CS|TAMS 0x0000000085300000, 0x0000000085300000| Complete 
|  84|0x0000000085400000, 0x0000000085500000, 0x0000000085500000|100%| S|CS|TAMS 0x0000000085400000, 0x0000000085400000| Complete 
|  85|0x0000000085500000, 0x0000000085500000, 0x0000000085600000|  0%| F|  |TAMS 0x0000000085500000, 0x0000000085500000| Untracked 
|  86|0x0000000085600000, 0x0000000085600000, 0x0000000085700000|  0%| F|  |TAMS 0x0000000085600000, 0x0000000085600000| Untracked 
|  87|0x0000000085700000, 0x0000000085700000, 0x0000000085800000|  0%| F|  |TAMS 0x0000000085700000, 0x0000000085700000| Untracked 
|  88|0x0000000085800000, 0x0000000085800000, 0x0000000085900000|  0%| F|  |TAMS 0x0000000085800000, 0x0000000085800000| Untracked 
|  89|0x0000000085900000, 0x0000000085900000, 0x0000000085a00000|  0%| F|  |TAMS 0x0000000085900000, 0x0000000085900000| Untracked 
|  90|0x0000000085a00000, 0x0000000085a00000, 0x0000000085b00000|  0%| F|  |TAMS 0x0000000085a00000, 0x0000000085a00000| Untracked 
|  91|0x0000000085b00000, 0x0000000085b00000, 0x0000000085c00000|  0%| F|  |TAMS 0x0000000085b00000, 0x0000000085b00000| Untracked 
|  92|0x0000000085c00000, 0x0000000085c00000, 0x0000000085d00000|  0%| F|  |TAMS 0x0000000085c00000, 0x0000000085c00000| Untracked 
|  93|0x0000000085d00000, 0x0000000085d00000, 0x0000000085e00000|  0%| F|  |TAMS 0x0000000085d00000, 0x0000000085d00000| Untracked 
|  94|0x0000000085e00000, 0x0000000085e00000, 0x0000000085f00000|  0%| F|  |TAMS 0x0000000085e00000, 0x0000000085e00000| Untracked 
|  95|0x0000000085f00000, 0x0000000085f00000, 0x0000000086000000|  0%| F|  |TAMS 0x0000000085f00000, 0x0000000085f00000| Untracked 
|  96|0x0000000086000000, 0x0000000086000000, 0x0000000086100000|  0%| F|  |TAMS 0x0000000086000000, 0x0000000086000000| Untracked 
|  97|0x0000000086100000, 0x0000000086100000, 0x0000000086200000|  0%| F|  |TAMS 0x0000000086100000, 0x0000000086100000| Untracked 
|  98|0x0000000086200000, 0x0000000086200000, 0x0000000086300000|  0%| F|  |TAMS 0x0000000086200000, 0x0000000086200000| Untracked 
|  99|0x0000000086300000, 0x0000000086300000, 0x0000000086400000|  0%| F|  |TAMS 0x0000000086300000, 0x0000000086300000| Untracked 
| 100|0x0000000086400000, 0x0000000086400000, 0x0000000086500000|  0%| F|  |TAMS 0x0000000086400000, 0x0000000086400000| Untracked 
| 101|0x0000000086500000, 0x0000000086500000, 0x0000000086600000|  0%| F|  |TAMS 0x0000000086500000, 0x0000000086500000| Untracked 
| 102|0x0000000086600000, 0x0000000086600000, 0x0000000086700000|  0%| F|  |TAMS 0x0000000086600000, 0x0000000086600000| Untracked 
| 103|0x0000000086700000, 0x0000000086700000, 0x0000000086800000|  0%| F|  |TAMS 0x0000000086700000, 0x0000000086700000| Untracked 
| 104|0x0000000086800000, 0x0000000086800000, 0x0000000086900000|  0%| F|  |TAMS 0x0000000086800000, 0x0000000086800000| Untracked 
| 105|0x0000000086900000, 0x0000000086900000, 0x0000000086a00000|  0%| F|  |TAMS 0x0000000086900000, 0x0000000086900000| Untracked 
| 106|0x0000000086a00000, 0x0000000086a00000, 0x0000000086b00000|  0%| F|  |TAMS 0x0000000086a00000, 0x0000000086a00000| Untracked 
| 107|0x0000000086b00000, 0x0000000086b00000, 0x0000000086c00000|  0%| F|  |TAMS 0x0000000086b00000, 0x0000000086b00000| Untracked 
| 108|0x0000000086c00000, 0x0000000086c00000, 0x0000000086d00000|  0%| F|  |TAMS 0x0000000086c00000, 0x0000000086c00000| Untracked 
| 109|0x0000000086d00000, 0x0000000086d00000, 0x0000000086e00000|  0%| F|  |TAMS 0x0000000086d00000, 0x0000000086d00000| Untracked 
| 110|0x0000000086e00000, 0x0000000086e00000, 0x0000000086f00000|  0%| F|  |TAMS 0x0000000086e00000, 0x0000000086e00000| Untracked 
| 111|0x0000000086f00000, 0x0000000086f00000, 0x0000000087000000|  0%| F|  |TAMS 0x0000000086f00000, 0x0000000086f00000| Untracked 
| 112|0x0000000087000000, 0x0000000087000000, 0x0000000087100000|  0%| F|  |TAMS 0x0000000087000000, 0x0000000087000000| Untracked 
| 113|0x0000000087100000, 0x0000000087100000, 0x0000000087200000|  0%| F|  |TAMS 0x0000000087100000, 0x0000000087100000| Untracked 
| 114|0x0000000087200000, 0x0000000087200000, 0x0000000087300000|  0%| F|  |TAMS 0x0000000087200000, 0x0000000087200000| Untracked 
| 115|0x0000000087300000, 0x0000000087300000, 0x0000000087400000|  0%| F|  |TAMS 0x0000000087300000, 0x0000000087300000| Untracked 
| 116|0x0000000087400000, 0x0000000087400000, 0x0000000087500000|  0%| F|  |TAMS 0x0000000087400000, 0x0000000087400000| Untracked 
| 117|0x0000000087500000, 0x0000000087500000, 0x0000000087600000|  0%| F|  |TAMS 0x0000000087500000, 0x0000000087500000| Untracked 
| 118|0x0000000087600000, 0x0000000087600000, 0x0000000087700000|  0%| F|  |TAMS 0x0000000087600000, 0x0000000087600000| Untracked 
| 119|0x0000000087700000, 0x0000000087700000, 0x0000000087800000|  0%| F|  |TAMS 0x0000000087700000, 0x0000000087700000| Untracked 
| 120|0x0000000087800000, 0x0000000087800000, 0x0000000087900000|  0%| F|  |TAMS 0x0000000087800000, 0x0000000087800000| Untracked 
| 121|0x0000000087900000, 0x0000000087900000, 0x0000000087a00000|  0%| F|  |TAMS 0x0000000087900000, 0x0000000087900000| Untracked 
| 122|0x0000000087a00000, 0x0000000087a00000, 0x0000000087b00000|  0%| F|  |TAMS 0x0000000087a00000, 0x0000000087a00000| Untracked 
| 123|0x0000000087b00000, 0x0000000087b00000, 0x0000000087c00000|  0%| F|  |TAMS 0x0000000087b00000, 0x0000000087b00000| Untracked 
| 124|0x0000000087c00000, 0x0000000087c00000, 0x0000000087d00000|  0%| F|  |TAMS 0x0000000087c00000, 0x0000000087c00000| Untracked 
| 125|0x0000000087d00000, 0x0000000087d00000, 0x0000000087e00000|  0%| F|  |TAMS 0x0000000087d00000, 0x0000000087d00000| Untracked 
| 126|0x0000000087e00000, 0x0000000087e00000, 0x0000000087f00000|  0%| F|  |TAMS 0x0000000087e00000, 0x0000000087e00000| Untracked 
| 127|0x0000000087f00000, 0x0000000087f00000, 0x0000000088000000|  0%| F|  |TAMS 0x0000000087f00000, 0x0000000087f00000| Untracked 
| 128|0x0000000088000000, 0x0000000088000000, 0x0000000088100000|  0%| F|  |TAMS 0x0000000088000000, 0x0000000088000000| Untracked 
| 129|0x0000000088100000, 0x0000000088100000, 0x0000000088200000|  0%| F|  |TAMS 0x0000000088100000, 0x0000000088100000| Untracked 
| 130|0x0000000088200000, 0x0000000088200000, 0x0000000088300000|  0%| F|  |TAMS 0x0000000088200000, 0x0000000088200000| Untracked 
| 131|0x0000000088300000, 0x0000000088300000, 0x0000000088400000|  0%| F|  |TAMS 0x0000000088300000, 0x0000000088300000| Untracked 
| 132|0x0000000088400000, 0x0000000088400000, 0x0000000088500000|  0%| F|  |TAMS 0x0000000088400000, 0x0000000088400000| Untracked 
| 133|0x0000000088500000, 0x0000000088500000, 0x0000000088600000|  0%| F|  |TAMS 0x0000000088500000, 0x0000000088500000| Untracked 
| 134|0x0000000088600000, 0x0000000088600000, 0x0000000088700000|  0%| F|  |TAMS 0x0000000088600000, 0x0000000088600000| Untracked 
| 135|0x0000000088700000, 0x0000000088700000, 0x0000000088800000|  0%| F|  |TAMS 0x0000000088700000, 0x0000000088700000| Untracked 
| 136|0x0000000088800000, 0x0000000088800000, 0x0000000088900000|  0%| F|  |TAMS 0x0000000088800000, 0x0000000088800000| Untracked 
| 137|0x0000000088900000, 0x0000000088900000, 0x0000000088a00000|  0%| F|  |TAMS 0x0000000088900000, 0x0000000088900000| Untracked 
| 138|0x0000000088a00000, 0x0000000088a00000, 0x0000000088b00000|  0%| F|  |TAMS 0x0000000088a00000, 0x0000000088a00000| Untracked 
| 139|0x0000000088b00000, 0x0000000088b00000, 0x0000000088c00000|  0%| F|  |TAMS 0x0000000088b00000, 0x0000000088b00000| Untracked 
| 140|0x0000000088c00000, 0x0000000088c00000, 0x0000000088d00000|  0%| F|  |TAMS 0x0000000088c00000, 0x0000000088c00000| Untracked 
| 141|0x0000000088d00000, 0x0000000088d00000, 0x0000000088e00000|  0%| F|  |TAMS 0x0000000088d00000, 0x0000000088d00000| Untracked 
| 142|0x0000000088e00000, 0x0000000088e00000, 0x0000000088f00000|  0%| F|  |TAMS 0x0000000088e00000, 0x0000000088e00000| Untracked 
| 143|0x0000000088f00000, 0x0000000088f00000, 0x0000000089000000|  0%| F|  |TAMS 0x0000000088f00000, 0x0000000088f00000| Untracked 
| 144|0x0000000089000000, 0x0000000089000000, 0x0000000089100000|  0%| F|  |TAMS 0x0000000089000000, 0x0000000089000000| Untracked 
| 145|0x0000000089100000, 0x0000000089100000, 0x0000000089200000|  0%| F|  |TAMS 0x0000000089100000, 0x0000000089100000| Untracked 
| 146|0x0000000089200000, 0x0000000089200000, 0x0000000089300000|  0%| F|  |TAMS 0x0000000089200000, 0x0000000089200000| Untracked 
| 147|0x0000000089300000, 0x0000000089300000, 0x0000000089400000|  0%| F|  |TAMS 0x0000000089300000, 0x0000000089300000| Untracked 
| 148|0x0000000089400000, 0x0000000089400000, 0x0000000089500000|  0%| F|  |TAMS 0x0000000089400000, 0x0000000089400000| Untracked 
| 149|0x0000000089500000, 0x0000000089500000, 0x0000000089600000|  0%| F|  |TAMS 0x0000000089500000, 0x0000000089500000| Untracked 
| 150|0x0000000089600000, 0x0000000089600000, 0x0000000089700000|  0%| F|  |TAMS 0x0000000089600000, 0x0000000089600000| Untracked 
| 151|0x0000000089700000, 0x0000000089700000, 0x0000000089800000|  0%| F|  |TAMS 0x0000000089700000, 0x0000000089700000| Untracked 
| 152|0x0000000089800000, 0x0000000089800000, 0x0000000089900000|  0%| F|  |TAMS 0x0000000089800000, 0x0000000089800000| Untracked 
| 153|0x0000000089900000, 0x0000000089900000, 0x0000000089a00000|  0%| F|  |TAMS 0x0000000089900000, 0x0000000089900000| Untracked 
| 154|0x0000000089a00000, 0x0000000089a00000, 0x0000000089b00000|  0%| F|  |TAMS 0x0000000089a00000, 0x0000000089a00000| Untracked 
| 155|0x0000000089b00000, 0x0000000089b00000, 0x0000000089c00000|  0%| F|  |TAMS 0x0000000089b00000, 0x0000000089b00000| Untracked 
| 156|0x0000000089c00000, 0x0000000089c00000, 0x0000000089d00000|  0%| F|  |TAMS 0x0000000089c00000, 0x0000000089c00000| Untracked 
| 157|0x0000000089d00000, 0x0000000089d00000, 0x0000000089e00000|  0%| F|  |TAMS 0x0000000089d00000, 0x0000000089d00000| Untracked 
| 158|0x0000000089e00000, 0x0000000089e00000, 0x0000000089f00000|  0%| F|  |TAMS 0x0000000089e00000, 0x0000000089e00000| Untracked 
| 159|0x0000000089f00000, 0x0000000089f00000, 0x000000008a000000|  0%| F|  |TAMS 0x0000000089f00000, 0x0000000089f00000| Untracked 
| 160|0x000000008a000000, 0x000000008a000000, 0x000000008a100000|  0%| F|  |TAMS 0x000000008a000000, 0x000000008a000000| Untracked 
| 161|0x000000008a100000, 0x000000008a100000, 0x000000008a200000|  0%| F|  |TAMS 0x000000008a100000, 0x000000008a100000| Untracked 
| 162|0x000000008a200000, 0x000000008a200000, 0x000000008a300000|  0%| F|  |TAMS 0x000000008a200000, 0x000000008a200000| Untracked 
| 163|0x000000008a300000, 0x000000008a300000, 0x000000008a400000|  0%| F|  |TAMS 0x000000008a300000, 0x000000008a300000| Untracked 
| 164|0x000000008a400000, 0x000000008a400000, 0x000000008a500000|  0%| F|  |TAMS 0x000000008a400000, 0x000000008a400000| Untracked 
| 165|0x000000008a500000, 0x000000008a500000, 0x000000008a600000|  0%| F|  |TAMS 0x000000008a500000, 0x000000008a500000| Untracked 
| 166|0x000000008a600000, 0x000000008a600000, 0x000000008a700000|  0%| F|  |TAMS 0x000000008a600000, 0x000000008a600000| Untracked 
| 167|0x000000008a700000, 0x000000008a700000, 0x000000008a800000|  0%| F|  |TAMS 0x000000008a700000, 0x000000008a700000| Untracked 
| 168|0x000000008a800000, 0x000000008a800000, 0x000000008a900000|  0%| F|  |TAMS 0x000000008a800000, 0x000000008a800000| Untracked 
| 169|0x000000008a900000, 0x000000008a900000, 0x000000008aa00000|  0%| F|  |TAMS 0x000000008a900000, 0x000000008a900000| Untracked 
| 170|0x000000008aa00000, 0x000000008aa00000, 0x000000008ab00000|  0%| F|  |TAMS 0x000000008aa00000, 0x000000008aa00000| Untracked 
| 171|0x000000008ab00000, 0x000000008ab00000, 0x000000008ac00000|  0%| F|  |TAMS 0x000000008ab00000, 0x000000008ab00000| Untracked 
| 172|0x000000008ac00000, 0x000000008ac00000, 0x000000008ad00000|  0%| F|  |TAMS 0x000000008ac00000, 0x000000008ac00000| Untracked 
| 173|0x000000008ad00000, 0x000000008ad00000, 0x000000008ae00000|  0%| F|  |TAMS 0x000000008ad00000, 0x000000008ad00000| Untracked 
| 174|0x000000008ae00000, 0x000000008ae00000, 0x000000008af00000|  0%| F|  |TAMS 0x000000008ae00000, 0x000000008ae00000| Untracked 
| 175|0x000000008af00000, 0x000000008af00000, 0x000000008b000000|  0%| F|  |TAMS 0x000000008af00000, 0x000000008af00000| Untracked 
| 176|0x000000008b000000, 0x000000008b000000, 0x000000008b100000|  0%| F|  |TAMS 0x000000008b000000, 0x000000008b000000| Untracked 
| 177|0x000000008b100000, 0x000000008b100000, 0x000000008b200000|  0%| F|  |TAMS 0x000000008b100000, 0x000000008b100000| Untracked 
| 178|0x000000008b200000, 0x000000008b200000, 0x000000008b300000|  0%| F|  |TAMS 0x000000008b200000, 0x000000008b200000| Untracked 
| 179|0x000000008b300000, 0x000000008b300000, 0x000000008b400000|  0%| F|  |TAMS 0x000000008b300000, 0x000000008b300000| Untracked 
| 180|0x000000008b400000, 0x000000008b400000, 0x000000008b500000|  0%| F|  |TAMS 0x000000008b400000, 0x000000008b400000| Untracked 
| 181|0x000000008b500000, 0x000000008b500000, 0x000000008b600000|  0%| F|  |TAMS 0x000000008b500000, 0x000000008b500000| Untracked 
| 182|0x000000008b600000, 0x000000008b600000, 0x000000008b700000|  0%| F|  |TAMS 0x000000008b600000, 0x000000008b600000| Untracked 
| 183|0x000000008b700000, 0x000000008b800000, 0x000000008b800000|100%| E|  |TAMS 0x000000008b700000, 0x000000008b700000| Complete 
| 184|0x000000008b800000, 0x000000008b900000, 0x000000008b900000|100%| E|CS|TAMS 0x000000008b800000, 0x000000008b800000| Complete 
| 185|0x000000008b900000, 0x000000008ba00000, 0x000000008ba00000|100%| E|CS|TAMS 0x000000008b900000, 0x000000008b900000| Complete 
| 186|0x000000008ba00000, 0x000000008bb00000, 0x000000008bb00000|100%| E|CS|TAMS 0x000000008ba00000, 0x000000008ba00000| Complete 
| 187|0x000000008bb00000, 0x000000008bc00000, 0x000000008bc00000|100%| E|CS|TAMS 0x000000008bb00000, 0x000000008bb00000| Complete 
| 188|0x000000008bc00000, 0x000000008bd00000, 0x000000008bd00000|100%| E|CS|TAMS 0x000000008bc00000, 0x000000008bc00000| Complete 
| 189|0x000000008bd00000, 0x000000008be00000, 0x000000008be00000|100%| E|CS|TAMS 0x000000008bd00000, 0x000000008bd00000| Complete 
| 190|0x000000008be00000, 0x000000008bf00000, 0x000000008bf00000|100%| E|CS|TAMS 0x000000008be00000, 0x000000008be00000| Complete 
| 191|0x000000008bf00000, 0x000000008c000000, 0x000000008c000000|100%| E|CS|TAMS 0x000000008bf00000, 0x000000008bf00000| Complete 

Card table byte_map: [0x0000028f50aa0000,0x0000028f50ea0000] _byte_map_base: 0x0000028f506a0000

Marking Bits (Prev, Next): (CMBitMap*) 0x0000028f3d5ad0f8, (CMBitMap*) 0x0000028f3d5ad130
 Prev Bits: [0x0000028f512a0000, 0x0000028f532a0000)
 Next Bits: [0x0000028f532a0000, 0x0000028f552a0000)

Polling page: 0x0000028f3bd30000

Metaspace:

Usage:
  Non-class:     38.45 MB capacity,    37.79 MB ( 98%) used,   570.38 KB (  1%) free+waste,   104.81 KB ( <1%) overhead. 
      Class:      5.92 MB capacity,     5.56 MB ( 94%) used,   313.13 KB (  5%) free+waste,    50.13 KB ( <1%) overhead. 
       Both:     44.37 MB capacity,    43.35 MB ( 98%) used,   883.51 KB (  2%) free+waste,   154.94 KB ( <1%) overhead. 

Virtual space:
  Non-class space:       44.00 MB reserved,      38.50 MB ( 88%) committed 
      Class space:        1.00 GB reserved,       6.00 MB ( <1%) committed 
             Both:        1.04 GB reserved,      44.50 MB (  4%) committed 

Chunk freelists:
   Non-Class:  49.00 KB
       Class:  23.00 KB
        Both:  72.00 KB

MaxMetaspaceSize: 17179869184.00 GB
CompressedClassSpaceSize: 1.00 GB
Initial GC threshold: 20.80 MB
Current GC threshold: 58.54 MB
CDS: off

CodeHeap 'non-profiled nmethods': size=120064Kb used=2282Kb max_used=2282Kb free=117782Kb
 bounds [0x0000028f48b40000, 0x0000028f48db0000, 0x0000028f50080000]
CodeHeap 'profiled nmethods': size=120000Kb used=8134Kb max_used=8134Kb free=111865Kb
 bounds [0x0000028f41610000, 0x0000028f41e10000, 0x0000028f48b40000]
CodeHeap 'non-nmethods': size=5696Kb used=2280Kb max_used=2316Kb free=3415Kb
 bounds [0x0000028f41080000, 0x0000028f412f0000, 0x0000028f41610000]
 total_blobs=4535 nmethods=3765 adapters=682
 compilation: enabled
              stopped_count=0, restarted_count=0
 full_count=0

Compilation events (20 events):
Event: 9.988 Thread 0x0000028f58197800 3754       3       sun.reflect.generics.reflectiveObjects.LazyReflectiveObjectGenerator::<init> (10 bytes)
Event: 9.988 Thread 0x0000028f58197800 nmethod 3754 0x0000028f41df7690 code [0x0000028f41df7840, 0x0000028f41df79f8]
Event: 9.988 Thread 0x0000028f58197800 3755       3       org.objectweb.asm.ByteVector::enlarge (51 bytes)
Event: 9.988 Thread 0x0000028f58197800 nmethod 3755 0x0000028f41df7a90 code [0x0000028f41df7c60, 0x0000028f41df7f68]
Event: 9.988 Thread 0x0000028f58197800 3756       1       com.google.common.collect.LinkedHashMultimap$ValueEntry::getSuccessorInValueSet (5 bytes)
Event: 9.988 Thread 0x0000028f58197800 nmethod 3756 0x0000028f48d7a210 code [0x0000028f48d7a3c0, 0x0000028f48d7a478]
Event: 9.991 Thread 0x0000028f58197800 3757       1       com.google.common.collect.LinkedHashMultimap$ValueSet::setSuccessorInValueSet (6 bytes)
Event: 9.991 Thread 0x0000028f58197800 nmethod 3757 0x0000028f48d7a510 code [0x0000028f48d7a6c0, 0x0000028f48d7a7b8]
Event: 9.991 Thread 0x0000028f58197800 3758   !   3       java.lang.reflect.Field::declaredAnnotations (82 bytes)
Event: 9.992 Thread 0x0000028f58197800 nmethod 3758 0x0000028f41df8090 code [0x0000028f41df82a0, 0x0000028f41df8848]
Event: 10.000 Thread 0x0000028f58197800 3759       3       java.util.TreeMap::getFirstEntry (26 bytes)
Event: 10.000 Thread 0x0000028f58197800 nmethod 3759 0x0000028f41df8b10 code [0x0000028f41df8cc0, 0x0000028f41df8eb8]
Event: 10.000 Thread 0x0000028f58197800 3760       3       java.util.TreeMap$PrivateEntryIterator::<init> (28 bytes)
Event: 10.000 Thread 0x0000028f58197800 nmethod 3760 0x0000028f41df8f90 code [0x0000028f41df9140, 0x0000028f41df9398]
Event: 10.001 Thread 0x0000028f58197800 3761       3       org.gradle.model.internal.asm.AsmClassGeneratorUtils::visitType (417 bytes)
Event: 10.003 Thread 0x0000028f58197800 nmethod 3761 0x0000028f41df9490 code [0x0000028f41df9aa0, 0x0000028f41dfcaa8]
Event: 10.003 Thread 0x0000028f58197800 3762       3       org.objectweb.asm.Type::getSize (86 bytes)
Event: 10.003 Thread 0x0000028f58197800 nmethod 3762 0x0000028f41dfda10 code [0x0000028f41dfdbe0, 0x0000028f41dfdf48]
Event: 10.003 Thread 0x0000028f58197800 3763       3       com.google.common.collect.ImmutableCollection$Builder::<init> (5 bytes)
Event: 10.003 Thread 0x0000028f58197800 nmethod 3763 0x0000028f41dfe010 code [0x0000028f41dfe1c0, 0x0000028f41dfe318]

GC Heap History (14 events):
Event: 1.002 GC heap before
{Heap before GC invocations=0 (full 0):
 garbage-first heap   total 196608K, used 20480K [0x0000000080000000, 0x0000000100000000)
  region size 1024K, 14 young (14336K), 0 survivors (0K)
 Metaspace       used 6749K, capacity 6925K, committed 7168K, reserved 1056768K
  class space    used 582K, capacity 650K, committed 768K, reserved 1048576K
}
Event: 1.045 GC heap after
{Heap after GC invocations=1 (full 0):
 garbage-first heap   total 196608K, used 7880K [0x0000000080000000, 0x0000000100000000)
  region size 1024K, 2 young (2048K), 2 survivors (2048K)
 Metaspace       used 6749K, capacity 6925K, committed 7168K, reserved 1056768K
  class space    used 582K, capacity 650K, committed 768K, reserved 1048576K
}
Event: 2.314 GC heap before
{Heap before GC invocations=1 (full 0):
 garbage-first heap   total 196608K, used 62152K [0x0000000080000000, 0x0000000100000000)
  region size 1024K, 54 young (55296K), 2 survivors (2048K)
 Metaspace       used 11015K, capacity 11257K, committed 11520K, reserved 1058816K
  class space    used 1155K, capacity 1247K, committed 1280K, reserved 1048576K
}
Event: 2.320 GC heap after
{Heap after GC invocations=2 (full 0):
 garbage-first heap   total 196608K, used 13633K [0x0000000080000000, 0x0000000100000000)
  region size 1024K, 7 young (7168K), 7 survivors (7168K)
 Metaspace       used 11015K, capacity 11257K, committed 11520K, reserved 1058816K
  class space    used 1155K, capacity 1247K, committed 1280K, reserved 1048576K
}
Event: 4.084 GC heap before
{Heap before GC invocations=2 (full 0):
 garbage-first heap   total 196608K, used 64833K [0x0000000080000000, 0x0000000100000000)
  region size 1024K, 57 young (58368K), 7 survivors (7168K)
 Metaspace       used 19594K, capacity 19975K, committed 20224K, reserved 1067008K
  class space    used 2401K, capacity 2536K, committed 2560K, reserved 1048576K
}
Event: 4.090 GC heap after
{Heap after GC invocations=3 (full 0):
 garbage-first heap   total 196608K, used 17208K [0x0000000080000000, 0x0000000100000000)
  region size 1024K, 4 young (4096K), 4 survivors (4096K)
 Metaspace       used 19594K, capacity 19975K, committed 20224K, reserved 1067008K
  class space    used 2401K, capacity 2536K, committed 2560K, reserved 1048576K
}
Event: 4.542 GC heap before
{Heap before GC invocations=3 (full 0):
 garbage-first heap   total 196608K, used 25400K [0x0000000080000000, 0x0000000100000000)
  region size 1024K, 13 young (13312K), 4 survivors (4096K)
 Metaspace       used 20762K, capacity 21138K, committed 21248K, reserved 1067008K
  class space    used 2550K, capacity 2711K, committed 2816K, reserved 1048576K
}
Event: 4.545 GC heap after
{Heap after GC invocations=4 (full 0):
 garbage-first heap   total 196608K, used 17643K [0x0000000080000000, 0x0000000100000000)
  region size 1024K, 4 young (4096K), 4 survivors (4096K)
 Metaspace       used 20762K, capacity 21138K, committed 21248K, reserved 1067008K
  class space    used 2550K, capacity 2711K, committed 2816K, reserved 1048576K
}
Event: 5.590 GC heap before
{Heap before GC invocations=5 (full 0):
 garbage-first heap   total 196608K, used 86251K [0x0000000080000000, 0x0000000100000000)
  region size 1024K, 71 young (72704K), 4 survivors (4096K)
 Metaspace       used 27528K, capacity 28174K, committed 28288K, reserved 1073152K
  class space    used 3617K, capacity 3856K, committed 3968K, reserved 1048576K
}
Event: 5.596 GC heap after
{Heap after GC invocations=6 (full 0):
 garbage-first heap   total 196608K, used 19933K [0x0000000080000000, 0x0000000100000000)
  region size 1024K, 6 young (6144K), 6 survivors (6144K)
 Metaspace       used 27528K, capacity 28174K, committed 28288K, reserved 1073152K
  class space    used 3617K, capacity 3856K, committed 3968K, reserved 1048576K
}
Event: 6.433 GC heap before
{Heap before GC invocations=6 (full 0):
 garbage-first heap   total 196608K, used 63965K [0x0000000080000000, 0x0000000100000000)
  region size 1024K, 50 young (51200K), 6 survivors (6144K)
 Metaspace       used 34924K, capacity 35722K, committed 35840K, reserved 1081344K
  class space    used 4531K, capacity 4839K, committed 4864K, reserved 1048576K
}
Event: 6.442 GC heap after
{Heap after GC invocations=7 (full 0):
 garbage-first heap   total 196608K, used 22718K [0x0000000080000000, 0x0000000100000000)
  region size 1024K, 9 young (9216K), 9 survivors (9216K)
 Metaspace       used 34924K, capacity 35722K, committed 35840K, reserved 1081344K
  class space    used 4531K, capacity 4839K, committed 4864K, reserved 1048576K
}
Event: 9.759 GC heap before
{Heap before GC invocations=8 (full 0):
 garbage-first heap   total 196608K, used 126142K [0x0000000080000000, 0x0000000100000000)
  region size 1024K, 107 young (109568K), 9 survivors (9216K)
 Metaspace       used 43814K, capacity 44796K, committed 44928K, reserved 1087488K
  class space    used 5593K, capacity 5951K, committed 6016K, reserved 1048576K
}
Event: 9.774 GC heap after
{Heap after GC invocations=9 (full 0):
 garbage-first heap   total 196608K, used 29526K [0x0000000080000000, 0x0000000100000000)
  region size 1024K, 13 young (13312K), 13 survivors (13312K)
 Metaspace       used 43814K, capacity 44796K, committed 44928K, reserved 1087488K
  class space    used 5593K, capacity 5951K, committed 6016K, reserved 1048576K
}

Deoptimization events (20 events):
Event: 9.647 Thread 0x0000028f59dfc800 Uncommon trap: trap_request=0xffffffbe fr.pc=0x0000028f48cc25d4 relative=0x0000000000000554
Event: 9.647 Thread 0x0000028f59dfc800 Uncommon trap: reason=profile_predicate action=maybe_recompile pc=0x0000028f48cc25d4 method=java.util.stream.ReferencePipeline.forEachWithCancel(Ljava/util/Spliterator;Ljava/util/stream/Sink;)Z @ 8 c2
Event: 9.647 Thread 0x0000028f59dfc800 DEOPT PACKING pc=0x0000028f48cc25d4 sp=0x000000967adfecd0
Event: 9.647 Thread 0x0000028f59dfc800 DEOPT UNPACKING pc=0x0000028f410ca1af sp=0x000000967adfec70 mode 2
Event: 9.699 Thread 0x0000028f5a1fc000 Uncommon trap: trap_request=0xffffffc6 fr.pc=0x0000028f48c5c018 relative=0x0000000000000238
Event: 9.699 Thread 0x0000028f5a1fc000 Uncommon trap: reason=bimorphic_or_optimized_type_check action=maybe_recompile pc=0x0000028f48c5c018 method=com.google.common.base.CharMatcher.indexIn(Ljava/lang/CharSequence;I)I @ 31 c2
Event: 9.699 Thread 0x0000028f5a1fc000 DEOPT PACKING pc=0x0000028f48c5c018 sp=0x000000967b2f7ce0
Event: 9.699 Thread 0x0000028f5a1fc000 DEOPT UNPACKING pc=0x0000028f410ca1af sp=0x000000967b2f7c88 mode 2
Event: 9.703 Thread 0x0000028f5a1fc000 Uncommon trap: trap_request=0xffffffc6 fr.pc=0x0000028f48c5c018 relative=0x0000000000000238
Event: 9.703 Thread 0x0000028f5a1fc000 Uncommon trap: reason=bimorphic_or_optimized_type_check action=maybe_recompile pc=0x0000028f48c5c018 method=com.google.common.base.CharMatcher.indexIn(Ljava/lang/CharSequence;I)I @ 31 c2
Event: 9.703 Thread 0x0000028f5a1fc000 DEOPT PACKING pc=0x0000028f48c5c018 sp=0x000000967b2f7ce0
Event: 9.703 Thread 0x0000028f5a1fc000 DEOPT UNPACKING pc=0x0000028f410ca1af sp=0x000000967b2f7c88 mode 2
Event: 9.703 Thread 0x0000028f5a1fc000 Uncommon trap: trap_request=0xffffffc6 fr.pc=0x0000028f48c5c018 relative=0x0000000000000238
Event: 9.703 Thread 0x0000028f5a1fc000 Uncommon trap: reason=bimorphic_or_optimized_type_check action=maybe_recompile pc=0x0000028f48c5c018 method=com.google.common.base.CharMatcher.indexIn(Ljava/lang/CharSequence;I)I @ 31 c2
Event: 9.703 Thread 0x0000028f5a1fc000 DEOPT PACKING pc=0x0000028f48c5c018 sp=0x000000967b2f7ce0
Event: 9.703 Thread 0x0000028f5a1fc000 DEOPT UNPACKING pc=0x0000028f410ca1af sp=0x000000967b2f7c88 mode 2
Event: 9.707 Thread 0x0000028f5a1fc000 Uncommon trap: trap_request=0xffffffc6 fr.pc=0x0000028f48c5c018 relative=0x0000000000000238
Event: 9.707 Thread 0x0000028f5a1fc000 Uncommon trap: reason=bimorphic_or_optimized_type_check action=maybe_recompile pc=0x0000028f48c5c018 method=com.google.common.base.CharMatcher.indexIn(Ljava/lang/CharSequence;I)I @ 31 c2
Event: 9.707 Thread 0x0000028f5a1fc000 DEOPT PACKING pc=0x0000028f48c5c018 sp=0x000000967b2f95f0
Event: 9.707 Thread 0x0000028f5a1fc000 DEOPT UNPACKING pc=0x0000028f410ca1af sp=0x000000967b2f9598 mode 2

Classes redefined (0 events):
No events

Internal exceptions (20 events):
Event: 8.667 Thread 0x0000028f5a1fc000 Exception <a 'java/lang/ClassNotFoundException'{0x0000000087742580}: org/gradle/api/internal/provider/AbstractPropertyCustomizer> (0x0000000087742580) thrown at [./src/hotspot/share/classfile/systemDictionary.cpp, line 231]
Event: 8.668 Thread 0x0000028f5a1fc000 Exception <a 'java/lang/ClassNotFoundException'{0x0000000087774f40}: org/gradle/api/internal/provider/DefaultPropertyCustomizer> (0x0000000087774f40) thrown at [./src/hotspot/share/classfile/systemDictionary.cpp, line 231]
Event: 8.783 Thread 0x0000028f5a1fc000 Exception <a 'java/lang/ClassNotFoundException'{0x0000000087568930}: org/gradle/initialization/DefaultProjectDescriptorBeanInfo> (0x0000000087568930) thrown at [./src/hotspot/share/classfile/systemDictionary.cpp, line 231]
Event: 8.783 Thread 0x0000028f5a1fc000 Exception <a 'java/lang/ClassNotFoundException'{0x000000008758ec58}: org/gradle/initialization/DefaultProjectDescriptorCustomizer> (0x000000008758ec58) thrown at [./src/hotspot/share/classfile/systemDictionary.cpp, line 231]
Event: 8.786 Thread 0x0000028f5a1fc000 Implicit null exception at 0x0000028f48ca42ef to 0x0000028f48ca4398
Event: 9.393 Thread 0x0000028f5a667000 Exception <a 'java/lang/NoSuchMethodError'{0x000000008bf0ec38}: <clinit>> (0x000000008bf0ec38) thrown at [./src/hotspot/share/prims/jni.cpp, line 1365]
Event: 9.394 Thread 0x0000028f5a667000 Exception <a 'java/lang/NoSuchMethodError'{0x000000008bf10328}: <clinit>> (0x000000008bf10328) thrown at [./src/hotspot/share/prims/jni.cpp, line 1365]
Event: 9.399 Thread 0x0000028f5a667000 Exception <a 'java/lang/NoSuchMethodError'{0x000000008bf1f360}: <clinit>> (0x000000008bf1f360) thrown at [./src/hotspot/share/prims/jni.cpp, line 1365]
Event: 9.399 Thread 0x0000028f5a667000 Exception <a 'java/lang/NoSuchMethodError'{0x000000008bf216e8}: <clinit>> (0x000000008bf216e8) thrown at [./src/hotspot/share/prims/jni.cpp, line 1365]
Event: 9.402 Thread 0x0000028f5a667000 Exception <a 'java/lang/NoSuchMethodError'{0x000000008bf31138}: <clinit>> (0x000000008bf31138) thrown at [./src/hotspot/share/prims/jni.cpp, line 1365]
Event: 9.530 Thread 0x0000028f5a1fc000 Implicit null exception at 0x0000028f48c213f4 to 0x0000028f48c21604
Event: 9.530 Thread 0x0000028f5a1fc000 Implicit null exception at 0x0000028f48b64df8 to 0x0000028f48b64e8a
Event: 9.687 Thread 0x0000028f5a1fc000 Exception <a 'java/lang/ClassNotFoundException'{0x00000000859fadd8}: build_erhh0ef5gwjaqlur07s1d2hxcBeanInfo> (0x00000000859fadd8) thrown at [./src/hotspot/share/classfile/systemDictionary.cpp, line 231]
Event: 9.688 Thread 0x0000028f5a1fc000 Exception <a 'java/lang/ClassNotFoundException'{0x000000008585a378}: org/gradle/api/internal/project/ProjectScriptBeanInfo> (0x000000008585a378) thrown at [./src/hotspot/share/classfile/systemDictionary.cpp, line 231]
Event: 9.688 Thread 0x0000028f5a1fc000 Exception <a 'java/lang/ClassNotFoundException'{0x0000000085871238}: org/gradle/api/internal/project/ProjectScriptCustomizer> (0x0000000085871238) thrown at [./src/hotspot/share/classfile/systemDictionary.cpp, line 231]
Event: 9.689 Thread 0x0000028f5a1fc000 Exception <a 'java/lang/ClassNotFoundException'{0x000000008588c4b8}: build_erhh0ef5gwjaqlur07s1d2hxcCustomizer> (0x000000008588c4b8) thrown at [./src/hotspot/share/classfile/systemDictionary.cpp, line 231]
Event: 9.696 Thread 0x0000028f5a1fc000 Exception <a 'java/lang/ClassNotFoundException'{0x000000008571fe10}: org/gradle/plugin/use/internal/PluginRequestCollector$PluginDependenciesSpecImplBeanInfo> (0x000000008571fe10) thrown at [./src/hotspot/share/classfile/systemDictionary.cpp, line 231]
Event: 9.697 Thread 0x0000028f5a1fc000 Exception <a 'java/lang/ClassNotFoundException'{0x000000008574ed90}: org/gradle/plugin/use/internal/PluginRequestCollector$PluginDependenciesSpecImplCustomizer> (0x000000008574ed90) thrown at [./src/hotspot/share/classfile/systemDictionary.cpp, line 231]
Event: 9.701 Thread 0x0000028f5a1fc000 Exception <a 'java/lang/ClassNotFoundException'{0x00000000857b6e98}: org/gradle/plugin/use/internal/PluginRequestCollector$PluginDependencySpecImplBeanInfo> (0x00000000857b6e98) thrown at [./src/hotspot/share/classfile/systemDictionary.cpp, line 231]
Event: 9.701 Thread 0x0000028f5a1fc000 Exception <a 'java/lang/ClassNotFoundException'{0x00000000857e4ff8}: org/gradle/plugin/use/internal/PluginRequestCollector$PluginDependencySpecImplCustomizer> (0x00000000857e4ff8) thrown at [./src/hotspot/share/classfile/systemDictionary.cpp, line 231]

Events (20 events):
Event: 10.000 loading class org/gradle/api/artifacts/ConfigurationVariant
Event: 10.000 loading class org/gradle/api/artifacts/ConfigurationVariant done
Event: 10.002 loading class org/gradle/api/internal/artifacts/configurations/DefaultConfiguration$ResolveState$1
Event: 10.002 loading class org/gradle/api/internal/artifacts/configurations/DefaultConfiguration$ResolveState$1 done
Event: 10.003 loading class org/gradle/api/internal/initialization/RootScriptDomainObjectContext$CalculatedModelValueImpl
Event: 10.003 loading class org/gradle/api/internal/initialization/RootScriptDomainObjectContext$CalculatedModelValueImpl done
Event: 10.004 loading class org/gradle/api/internal/artifacts/dependencies/AbstractExternalModuleDependency
Event: 10.004 loading class org/gradle/api/internal/artifacts/dependencies/AbstractExternalModuleDependency done
Event: 10.004 loading class org/gradle/api/artifacts/ExternalModuleDependency
Event: 10.004 loading class org/gradle/api/artifacts/ExternalModuleDependency done
Event: 10.004 loading class org/gradle/api/internal/artifacts/dependencies/AbstractExternalModuleDependency
Event: 10.004 loading class org/gradle/api/internal/artifacts/dependencies/AbstractExternalModuleDependency done
Event: 10.004 loading class org/gradle/api/internal/artifacts/configurations/ConfigurationInternal$InternalState
Event: 10.004 loading class org/gradle/api/internal/artifacts/configurations/ConfigurationInternal$InternalState done
Event: 10.004 loading class org/gradle/api/internal/artifacts/configurations/DefaultConfiguration$ResolveState
Event: 10.004 loading class org/gradle/api/internal/artifacts/configurations/DefaultConfiguration$ResolveState done
Event: 10.004 loading class org/gradle/api/internal/artifacts/configurations/DefaultConfiguration
Event: 10.004 loading class org/gradle/api/internal/artifacts/configurations/DefaultConfiguration done
Event: 10.004 loading class org/gradle/api/internal/artifacts/configurations/DefaultConfiguration$1
Event: 10.004 loading class org/gradle/api/internal/artifacts/configurations/DefaultConfiguration$1 done


Dynamic libraries:
0x00007ff622ae0000 - 0x00007ff622aea000 	D:\Android Studio\jre\bin\java.exe
0x00007ff8261f0000 - 0x00007ff8263e8000 	C:\Windows\SYSTEM32\ntdll.dll
0x00007ff825e40000 - 0x00007ff825eff000 	C:\Windows\System32\KERNEL32.DLL
0x00007ff823d80000 - 0x00007ff824052000 	C:\Windows\System32\KERNELBASE.dll
0x00007ff823a30000 - 0x00007ff823b30000 	C:\Windows\System32\ucrtbase.dll
0x00007ffffc750000 - 0x00007ffffc767000 	D:\Android Studio\jre\bin\VCRUNTIME140.dll
0x00007ff800720000 - 0x00007ff800739000 	D:\Android Studio\jre\bin\jli.dll
0x00007ff824510000 - 0x00007ff8246b1000 	C:\Windows\System32\USER32.dll
0x00007ff824060000 - 0x00007ff824082000 	C:\Windows\System32\win32u.dll
0x00007ff824320000 - 0x00007ff82434b000 	C:\Windows\System32\GDI32.dll
0x00007ff824130000 - 0x00007ff82423f000 	C:\Windows\System32\gdi32full.dll
0x00007ff823b30000 - 0x00007ff823bcd000 	C:\Windows\System32\msvcp_win.dll
0x00007ff812090000 - 0x00007ff81232a000 	C:\Windows\WinSxS\amd64_microsoft.windows.common-controls_6595b64144ccf1df_6.0.19041.1110_none_60b5254171f9507e\COMCTL32.dll
0x00007ff825460000 - 0x00007ff8254fe000 	C:\Windows\System32\msvcrt.dll
0x00007ff826180000 - 0x00007ff8261b0000 	C:\Windows\System32\IMM32.DLL
0x00007fffdb4b0000 - 0x00007fffdb54d000 	D:\Android Studio\jre\bin\msvcp140.dll
0x00007fffdec40000 - 0x00007fffdf725000 	D:\Android Studio\jre\bin\server\jvm.dll
0x00007ff8260d0000 - 0x00007ff82617e000 	C:\Windows\System32\ADVAPI32.dll
0x00007ff824350000 - 0x00007ff8243ec000 	C:\Windows\System32\sechost.dll
0x00007ff8252d0000 - 0x00007ff8253f4000 	C:\Windows\System32\RPCRT4.dll
0x00007ff825f10000 - 0x00007ff825f18000 	C:\Windows\System32\PSAPI.DLL
0x00007ff81e990000 - 0x00007ff81e999000 	C:\Windows\SYSTEM32\WSOCK32.dll
0x00007ff8255d0000 - 0x00007ff82563b000 	C:\Windows\System32\WS2_32.dll
0x00007ff81df70000 - 0x00007ff81df7a000 	C:\Windows\SYSTEM32\VERSION.dll
0x00007ff813970000 - 0x00007ff813997000 	C:\Windows\SYSTEM32\WINMM.dll
0x00007ff821160000 - 0x00007ff821172000 	C:\Windows\SYSTEM32\kernel.appcore.dll
0x00007ff81e8b0000 - 0x00007ff81e8c1000 	D:\Android Studio\jre\bin\verify.dll
0x00007ff823180000 - 0x00007ff823364000 	C:\Windows\SYSTEM32\DBGHELP.DLL
0x00007ff8230c0000 - 0x00007ff8230f5000 	C:\Windows\SYSTEM32\dbgcore.DLL
0x00007ff8239a0000 - 0x00007ff823a22000 	C:\Windows\System32\bcryptPrimitives.dll
0x00007ff819000000 - 0x00007ff819029000 	D:\Android Studio\jre\bin\java.dll
0x00007ff81e980000 - 0x00007ff81e98b000 	D:\Android Studio\jre\bin\jimage.dll
0x00007ff813880000 - 0x00007ff813898000 	D:\Android Studio\jre\bin\zip.dll
0x00007ff825640000 - 0x00007ff825d85000 	C:\Windows\System32\SHELL32.dll
0x00007ff821360000 - 0x00007ff821af2000 	C:\Windows\SYSTEM32\windows.storage.dll
0x00007ff824730000 - 0x00007ff824a85000 	C:\Windows\System32\combase.dll
0x00007ff822b90000 - 0x00007ff822bc0000 	C:\Windows\SYSTEM32\Wldp.dll
0x00007ff825d90000 - 0x00007ff825e3d000 	C:\Windows\System32\SHCORE.dll
0x00007ff825400000 - 0x00007ff825455000 	C:\Windows\System32\shlwapi.dll
0x00007ff823830000 - 0x00007ff82384f000 	C:\Windows\SYSTEM32\profapi.dll
0x00007ff813860000 - 0x00007ff81387a000 	D:\Android Studio\jre\bin\net.dll
0x00007ff81c740000 - 0x00007ff81c84a000 	C:\Windows\SYSTEM32\WINHTTP.dll
0x00007ff822ab0000 - 0x00007ff822b1a000 	C:\Windows\system32\mswsock.dll
0x00007ff813840000 - 0x00007ff813854000 	D:\Android Studio\jre\bin\nio.dll
0x00007ffffc770000 - 0x00007ffffc797000 	C:\Users\posox\.gradle\native\e1d6ef7f7dcc3fd88c89a11ec53ec762bb8ba0a96d01ffa2cd45eb1d1d8dd5c5\windows-amd64\native-platform.dll
0x00007fffdb270000 - 0x00007fffdb3b4000 	C:\Users\posox\.gradle\native\5664cfc778a61ccfe75a443a1ab52a65af34e5dc3c78e0209fed803814484fcb\windows-amd64\native-platform-file-events.dll
0x00007ff81e8a0000 - 0x00007ff81e8aa000 	D:\Android Studio\jre\bin\management.dll
0x00007ff818ff0000 - 0x00007ff818ffd000 	D:\Android Studio\jre\bin\management_ext.dll
0x00007ff823680000 - 0x00007ff823698000 	C:\Windows\SYSTEM32\CRYPTSP.dll
0x00007ff8222c0000 - 0x00007ff8222f4000 	C:\Windows\system32\rsaenh.dll
0x00007ff824090000 - 0x00007ff8240b7000 	C:\Windows\System32\bcrypt.dll
0x00007ff8237f0000 - 0x00007ff82381e000 	C:\Windows\SYSTEM32\USERENV.dll
0x00007ff822f80000 - 0x00007ff822f8c000 	C:\Windows\SYSTEM32\CRYPTBASE.dll
0x00007ff822630000 - 0x00007ff82266b000 	C:\Windows\SYSTEM32\IPHLPAPI.DLL
0x00007ff825f00000 - 0x00007ff825f08000 	C:\Windows\System32\NSI.dll
0x00007ff81ccb0000 - 0x00007ff81ccc7000 	C:\Windows\SYSTEM32\dhcpcsvc6.DLL
0x00007ff81d460000 - 0x00007ff81d47d000 	C:\Windows\SYSTEM32\dhcpcsvc.DLL
0x00007ff822670000 - 0x00007ff82273b000 	C:\Windows\SYSTEM32\DNSAPI.dll

dbghelp: loaded successfully - version: 4.0.5 - missing functions: none
symbol engine: initialized successfully - sym options: 0x614 - pdb path: .;D:\Android Studio\jre\bin;C:\Windows\SYSTEM32;C:\Windows\WinSxS\amd64_microsoft.windows.common-controls_6595b64144ccf1df_6.0.19041.1110_none_60b5254171f9507e;D:\Android Studio\jre\bin\server;C:\Users\posox\.gradle\native\e1d6ef7f7dcc3fd88c89a11ec53ec762bb8ba0a96d01ffa2cd45eb1d1d8dd5c5\windows-amd64;C:\Users\posox\.gradle\native\5664cfc778a61ccfe75a443a1ab52a65af34e5dc3c78e0209fed803814484fcb\windows-amd64

VM Arguments:
jvm_args: --add-opens=java.base/java.util=ALL-UNNAMED --add-opens=java.base/java.lang=ALL-UNNAMED --add-opens=java.base/java.lang.invoke=ALL-UNNAMED --add-opens=java.base/java.util=ALL-UNNAMED --add-opens=java.prefs/java.util.prefs=ALL-UNNAMED --add-opens=java.prefs/java.util.prefs=ALL-UNNAMED --add-opens=java.base/java.nio.charset=ALL-UNNAMED --add-opens=java.base/java.net=ALL-UNNAMED --add-opens=java.base/java.util.concurrent.atomic=ALL-UNNAMED -Xmx2048m -Dfile.encoding=UTF-8 -Duser.country=US -Duser.language=en -Duser.variant 
java_command: org.gradle.launcher.daemon.bootstrap.GradleDaemon 7.3.3
java_class_path (initial): C:\Users\posox\.gradle\wrapper\dists\gradle-7.3.3-bin\6a41zxkdtcxs8rphpq6y0069z\gradle-7.3.3\lib\gradle-launcher-7.3.3.jar
Launcher Type: SUN_STANDARD

[Global flags]
     intx CICompilerCount                          = 3                                         {product} {ergonomic}
     uint ConcGCThreads                            = 1                                         {product} {ergonomic}
     uint G1ConcRefinementThreads                  = 4                                         {product} {ergonomic}
   size_t G1HeapRegionSize                         = 1048576                                   {product} {ergonomic}
    uintx GCDrainStackTargetSize                   = 64                                        {product} {ergonomic}
   size_t InitialHeapSize                          = 201326592                                 {product} {ergonomic}
   size_t MarkStackSize                            = 4194304                                   {product} {ergonomic}
   size_t MaxHeapSize                              = 2147483648                                {product} {command line}
   size_t MaxNewSize                               = 1287651328                                {product} {ergonomic}
   size_t MinHeapDeltaBytes                        = 1048576                                   {product} {ergonomic}
    uintx NonNMethodCodeHeapSize                   = 5830732                                {pd product} {ergonomic}
    uintx NonProfiledCodeHeapSize                  = 122913754                              {pd product} {ergonomic}
    uintx ProfiledCodeHeapSize                     = 122913754                              {pd product} {ergonomic}
    uintx ReservedCodeCacheSize                    = 251658240                              {pd product} {ergonomic}
     bool SegmentedCodeCache                       = true                                      {product} {ergonomic}
     bool UseCompressedClassPointers               = true                                 {lp64_product} {ergonomic}
     bool UseCompressedOops                        = true                                 {lp64_product} {ergonomic}
     bool UseG1GC                                  = true                                      {product} {ergonomic}
     bool UseLargePagesIndividualAllocation        = false                                  {pd product} {ergonomic}

Logging:
Log output configuration:
 #0: stdout all=warning uptime,level,tags
 #1: stderr all=off uptime,level,tags

Environment Variables:
JAVA_HOME=C:\Program Files\Java\jdk-18.0.2.1
PATH=C:\Program Files\Common Files\Oracle\Java\javapath;C:\Windows\system32;C:\Windows;C:\Windows\System32\Wbem;C:\Windows\System32\WindowsPowerShell\v1.0\;C:\Windows\System32\OpenSSH\;C:\Program Files\Git\cmd;C:\Program Files\Java\jdk-18.0.2.1\bin;;C:\Program Files (x86)\NVIDIA Corporation\PhysX\Common;C:\Users\posox\AppData\Local\Microsoft\WindowsApps;
USERNAME=posox
OS=Windows_NT
PROCESSOR_IDENTIFIER=Intel64 Family 6 Model 60 Stepping 3, GenuineIntel



---------------  S Y S T E M  ---------------

OS: Windows 10 , 64 bit Build 19041 (10.0.19041.2546)
OS uptime: 1 days 18:05 hours

CPU:total 4 (initial active 4) (4 cores per cpu, 1 threads per core) family 6 model 60 stepping 3 microcode 0x27, cmov, cx8, fxsr, mmx, sse, sse2, sse3, ssse3, sse4.1, sse4.2, popcnt, avx, avx2, aes, clmul, erms, lzcnt, tsc, tscinvbit, bmi1, bmi2, fma

Memory: 4k page, system-wide physical 12175M (1780M free)
TotalPageFile size 14223M (AvailPageFile size 0M)
current process WorkingSet (physical memory assigned to process): 297M, peak: 297M
current process commit charge ("private bytes"): 378M, peak: 383M

vm_info: OpenJDK 64-Bit Server VM (11.0.12+7-b1504.28-7817840) for windows-amd64 JRE (11.0.12+7-b1504.28-7817840), built on Oct 13 2021 22:12:33 by "builder" with MS VC++ 14.0 (VS2015)

END.
